{"C:\\Users\\USUARIO\\Downloads\\Proyectos\\3-Legacy-LMS-Agora\\frontend\\src\\components\\ModalEntrega\\ModalDeliveryStudent.jsx": {"path":"C:\\Users\\USUARIO\\Downloads\\Proyectos\\3-Legacy-LMS-Agora\\frontend\\src\\components\\ModalEntrega\\ModalDeliveryStudent.jsx","statementMap":{"0":{"start":{"line":12,"column":21},"end":{"line":16,"column":1}},"1":{"start":{"line":19,"column":15},"end":{"line":19,"column":49}},"2":{"start":{"line":19,"column":38},"end":{"line":19,"column":48}},"3":{"start":{"line":20,"column":17},"end":{"line":20,"column":29}},"4":{"start":{"line":21,"column":19},"end":{"line":21,"column":37}},"5":{"start":{"line":22,"column":17},"end":{"line":22,"column":28}},"6":{"start":{"line":23,"column":23},"end":{"line":23,"column":34}},"7":{"start":{"line":24,"column":21},"end":{"line":24,"column":30}},"8":{"start":{"line":25,"column":17},"end":{"line":25,"column":30}},"9":{"start":{"line":27,"column":28},"end":{"line":27,"column":40}},"10":{"start":{"line":28,"column":42},"end":{"line":28,"column":54}},"11":{"start":{"line":29,"column":48},"end":{"line":29,"column":60}},"12":{"start":{"line":30,"column":28},"end":{"line":30,"column":40}},"13":{"start":{"line":32,"column":19},"end":{"line":57,"column":3}},"14":{"start":{"line":33,"column":4},"end":{"line":40,"column":5}},"15":{"start":{"line":34,"column":6},"end":{"line":39,"column":9}},"16":{"start":{"line":41,"column":4},"end":{"line":48,"column":5}},"17":{"start":{"line":42,"column":6},"end":{"line":47,"column":9}},"18":{"start":{"line":49,"column":4},"end":{"line":56,"column":5}},"19":{"start":{"line":50,"column":6},"end":{"line":55,"column":9}},"20":{"start":{"line":59,"column":2},"end":{"line":62,"column":21}},"21":{"start":{"line":60,"column":4},"end":{"line":60,"column":27}},"22":{"start":{"line":64,"column":25},"end":{"line":80,"column":3}},"23":{"start":{"line":65,"column":16},"end":{"line":67,"column":6}},"24":{"start":{"line":68,"column":31},"end":{"line":68,"column":39}},"25":{"start":{"line":69,"column":32},"end":{"line":77,"column":5}},"26":{"start":{"line":70,"column":6},"end":{"line":76,"column":14}},"27":{"start":{"line":78,"column":22},"end":{"line":78,"column":73}},"28":{"start":{"line":78,"column":59},"end":{"line":78,"column":72}},"29":{"start":{"line":79,"column":4},"end":{"line":79,"column":31}},"30":{"start":{"line":82,"column":24},"end":{"line":98,"column":3}},"31":{"start":{"line":83,"column":16},"end":{"line":85,"column":6}},"32":{"start":{"line":86,"column":32},"end":{"line":86,"column":40}},"33":{"start":{"line":87,"column":33},"end":{"line":95,"column":5}},"34":{"start":{"line":88,"column":6},"end":{"line":94,"column":14}},"35":{"start":{"line":96,"column":23},"end":{"line":96,"column":75}},"36":{"start":{"line":96,"column":61},"end":{"line":96,"column":74}},"37":{"start":{"line":97,"column":4},"end":{"line":97,"column":25}},"38":{"start":{"line":100,"column":24},"end":{"line":116,"column":3}},"39":{"start":{"line":101,"column":16},"end":{"line":103,"column":6}},"40":{"start":{"line":104,"column":4},"end":{"line":107,"column":5}},"41":{"start":{"line":105,"column":6},"end":{"line":105,"column":48}},"42":{"start":{"line":106,"column":6},"end":{"line":106,"column":40}},"43":{"start":{"line":108,"column":4},"end":{"line":111,"column":5}},"44":{"start":{"line":109,"column":6},"end":{"line":109,"column":49}},"45":{"start":{"line":110,"column":6},"end":{"line":110,"column":41}},"46":{"start":{"line":112,"column":4},"end":{"line":115,"column":5}},"47":{"start":{"line":113,"column":6},"end":{"line":113,"column":46}},"48":{"start":{"line":114,"column":6},"end":{"line":114,"column":38}},"49":{"start":{"line":118,"column":2},"end":{"line":123,"column":27}},"50":{"start":{"line":119,"column":4},"end":{"line":119,"column":38}},"51":{"start":{"line":120,"column":4},"end":{"line":120,"column":39}},"52":{"start":{"line":121,"column":4},"end":{"line":121,"column":52}},"53":{"start":{"line":125,"column":48},"end":{"line":125,"column":70}},"54":{"start":{"line":127,"column":38},"end":{"line":130,"column":4}},"55":{"start":{"line":132,"column":64},"end":{"line":132,"column":79}},"56":{"start":{"line":134,"column":29},"end":{"line":134,"column":39}},"57":{"start":{"line":136,"column":28},"end":{"line":144,"column":3}},"58":{"start":{"line":137,"column":28},"end":{"line":137,"column":36}},"59":{"start":{"line":138,"column":4},"end":{"line":143,"column":7}},"60":{"start":{"line":146,"column":27},"end":{"line":154,"column":3}},"61":{"start":{"line":147,"column":28},"end":{"line":147,"column":36}},"62":{"start":{"line":148,"column":4},"end":{"line":153,"column":7}},"63":{"start":{"line":156,"column":24},"end":{"line":165,"column":3}},"64":{"start":{"line":157,"column":4},"end":{"line":164,"column":5}},"65":{"start":{"line":158,"column":6},"end":{"line":163,"column":9}},"66":{"start":{"line":167,"column":26},"end":{"line":172,"column":3}},"67":{"start":{"line":168,"column":4},"end":{"line":171,"column":7}},"68":{"start":{"line":170,"column":50},"end":{"line":170,"column":60}},"69":{"start":{"line":174,"column":23},"end":{"line":214,"column":3}},"70":{"start":{"line":175,"column":4},"end":{"line":175,"column":23}},"71":{"start":{"line":176,"column":4},"end":{"line":212,"column":5}},"72":{"start":{"line":177,"column":6},"end":{"line":203,"column":7}},"73":{"start":{"line":178,"column":20},"end":{"line":193,"column":9}},"74":{"start":{"line":194,"column":8},"end":{"line":197,"column":10}},"75":{"start":{"line":198,"column":8},"end":{"line":202,"column":11}},"76":{"start":{"line":205,"column":6},"end":{"line":205,"column":40}},"77":{"start":{"line":206,"column":6},"end":{"line":211,"column":11}},"78":{"start":{"line":213,"column":4},"end":{"line":213,"column":38}},"79":{"start":{"line":216,"column":2},"end":{"line":376,"column":4}},"80":{"start":{"line":219,"column":64},"end":{"line":219,"column":76}},"81":{"start":{"line":236,"column":16},"end":{"line":262,"column":22}},"82":{"start":{"line":252,"column":20},"end":{"line":259,"column":24}},"83":{"start":{"line":271,"column":16},"end":{"line":297,"column":22}},"84":{"start":{"line":287,"column":20},"end":{"line":294,"column":24}},"85":{"start":{"line":328,"column":31},"end":{"line":328,"column":56}},"86":{"start":{"line":350,"column":18},"end":{"line":369,"column":24}},"87":{"start":{"line":365,"column":37},"end":{"line":365,"column":70}}},"fnMap":{"0":{"name":"ModalDeliveryStudent","decl":{"start":{"line":18,"column":16},"end":{"line":18,"column":36}},"loc":{"start":{"line":18,"column":39},"end":{"line":377,"column":1}},"line":18},"1":{"name":"(anonymous_1)","decl":{"start":{"line":19,"column":27},"end":{"line":19,"column":28}},"loc":{"start":{"line":19,"column":38},"end":{"line":19,"column":48}},"line":19},"2":{"name":"(anonymous_2)","decl":{"start":{"line":32,"column":19},"end":{"line":32,"column":20}},"loc":{"start":{"line":32,"column":37},"end":{"line":57,"column":3}},"line":32},"3":{"name":"(anonymous_3)","decl":{"start":{"line":59,"column":12},"end":{"line":59,"column":13}},"loc":{"start":{"line":59,"column":18},"end":{"line":62,"column":3}},"line":59},"4":{"name":"(anonymous_4)","decl":{"start":{"line":64,"column":25},"end":{"line":64,"column":26}},"loc":{"start":{"line":64,"column":51},"end":{"line":80,"column":3}},"line":64},"5":{"name":"(anonymous_5)","decl":{"start":{"line":69,"column":55},"end":{"line":69,"column":56}},"loc":{"start":{"line":70,"column":6},"end":{"line":76,"column":14}},"line":70},"6":{"name":"(anonymous_6)","decl":{"start":{"line":78,"column":49},"end":{"line":78,"column":50}},"loc":{"start":{"line":78,"column":59},"end":{"line":78,"column":72}},"line":78},"7":{"name":"(anonymous_7)","decl":{"start":{"line":82,"column":24},"end":{"line":82,"column":25}},"loc":{"start":{"line":82,"column":50},"end":{"line":98,"column":3}},"line":82},"8":{"name":"(anonymous_8)","decl":{"start":{"line":87,"column":57},"end":{"line":87,"column":58}},"loc":{"start":{"line":88,"column":6},"end":{"line":94,"column":14}},"line":88},"9":{"name":"(anonymous_9)","decl":{"start":{"line":96,"column":51},"end":{"line":96,"column":52}},"loc":{"start":{"line":96,"column":61},"end":{"line":96,"column":74}},"line":96},"10":{"name":"(anonymous_10)","decl":{"start":{"line":100,"column":24},"end":{"line":100,"column":25}},"loc":{"start":{"line":100,"column":53},"end":{"line":116,"column":3}},"line":100},"11":{"name":"(anonymous_11)","decl":{"start":{"line":118,"column":12},"end":{"line":118,"column":13}},"loc":{"start":{"line":118,"column":18},"end":{"line":123,"column":3}},"line":118},"12":{"name":"(anonymous_12)","decl":{"start":{"line":136,"column":28},"end":{"line":136,"column":29}},"loc":{"start":{"line":136,"column":35},"end":{"line":144,"column":3}},"line":136},"13":{"name":"(anonymous_13)","decl":{"start":{"line":146,"column":27},"end":{"line":146,"column":28}},"loc":{"start":{"line":146,"column":34},"end":{"line":154,"column":3}},"line":146},"14":{"name":"(anonymous_14)","decl":{"start":{"line":156,"column":24},"end":{"line":156,"column":25}},"loc":{"start":{"line":156,"column":34},"end":{"line":165,"column":3}},"line":156},"15":{"name":"(anonymous_15)","decl":{"start":{"line":167,"column":26},"end":{"line":167,"column":27}},"loc":{"start":{"line":167,"column":42},"end":{"line":172,"column":3}},"line":167},"16":{"name":"(anonymous_16)","decl":{"start":{"line":170,"column":43},"end":{"line":170,"column":44}},"loc":{"start":{"line":170,"column":50},"end":{"line":170,"column":60}},"line":170},"17":{"name":"(anonymous_17)","decl":{"start":{"line":174,"column":23},"end":{"line":174,"column":24}},"loc":{"start":{"line":174,"column":36},"end":{"line":214,"column":3}},"line":174},"18":{"name":"(anonymous_18)","decl":{"start":{"line":219,"column":58},"end":{"line":219,"column":59}},"loc":{"start":{"line":219,"column":64},"end":{"line":219,"column":76}},"line":219},"19":{"name":"(anonymous_19)","decl":{"start":{"line":235,"column":25},"end":{"line":235,"column":26}},"loc":{"start":{"line":236,"column":16},"end":{"line":262,"column":22}},"line":236},"20":{"name":"(anonymous_20)","decl":{"start":{"line":251,"column":37},"end":{"line":251,"column":38}},"loc":{"start":{"line":252,"column":20},"end":{"line":259,"column":24}},"line":252},"21":{"name":"(anonymous_21)","decl":{"start":{"line":270,"column":32},"end":{"line":270,"column":33}},"loc":{"start":{"line":271,"column":16},"end":{"line":297,"column":22}},"line":271},"22":{"name":"(anonymous_22)","decl":{"start":{"line":286,"column":37},"end":{"line":286,"column":38}},"loc":{"start":{"line":287,"column":20},"end":{"line":294,"column":24}},"line":287},"23":{"name":"(anonymous_23)","decl":{"start":{"line":328,"column":25},"end":{"line":328,"column":26}},"loc":{"start":{"line":328,"column":31},"end":{"line":328,"column":56}},"line":328},"24":{"name":"(anonymous_24)","decl":{"start":{"line":349,"column":29},"end":{"line":349,"column":30}},"loc":{"start":{"line":350,"column":18},"end":{"line":369,"column":24}},"line":350},"25":{"name":"(anonymous_25)","decl":{"start":{"line":365,"column":31},"end":{"line":365,"column":32}},"loc":{"start":{"line":365,"column":37},"end":{"line":365,"column":70}},"line":365}},"branchMap":{"0":{"loc":{"start":{"line":33,"column":4},"end":{"line":40,"column":5}},"type":"if","locations":[{"start":{"line":33,"column":4},"end":{"line":40,"column":5}},{"start":{},"end":{}}],"line":33},"1":{"loc":{"start":{"line":41,"column":4},"end":{"line":48,"column":5}},"type":"if","locations":[{"start":{"line":41,"column":4},"end":{"line":48,"column":5}},{"start":{},"end":{}}],"line":41},"2":{"loc":{"start":{"line":49,"column":4},"end":{"line":56,"column":5}},"type":"if","locations":[{"start":{"line":49,"column":4},"end":{"line":56,"column":5}},{"start":{},"end":{}}],"line":49},"3":{"loc":{"start":{"line":70,"column":6},"end":{"line":76,"column":14}},"type":"cond-expr","locations":[{"start":{"line":71,"column":10},"end":{"line":71,"column":14}},{"start":{"line":72,"column":10},"end":{"line":76,"column":14}}],"line":70},"4":{"loc":{"start":{"line":72,"column":10},"end":{"line":76,"column":14}},"type":"cond-expr","locations":[{"start":{"line":73,"column":10},"end":{"line":73,"column":14}},{"start":{"line":74,"column":10},"end":{"line":76,"column":14}}],"line":72},"5":{"loc":{"start":{"line":74,"column":10},"end":{"line":76,"column":14}},"type":"cond-expr","locations":[{"start":{"line":75,"column":10},"end":{"line":75,"column":14}},{"start":{"line":76,"column":10},"end":{"line":76,"column":14}}],"line":74},"6":{"loc":{"start":{"line":88,"column":6},"end":{"line":94,"column":14}},"type":"cond-expr","locations":[{"start":{"line":89,"column":10},"end":{"line":89,"column":14}},{"start":{"line":90,"column":10},"end":{"line":94,"column":14}}],"line":88},"7":{"loc":{"start":{"line":90,"column":10},"end":{"line":94,"column":14}},"type":"cond-expr","locations":[{"start":{"line":91,"column":10},"end":{"line":91,"column":14}},{"start":{"line":92,"column":10},"end":{"line":94,"column":14}}],"line":90},"8":{"loc":{"start":{"line":92,"column":10},"end":{"line":94,"column":14}},"type":"cond-expr","locations":[{"start":{"line":93,"column":10},"end":{"line":93,"column":14}},{"start":{"line":94,"column":10},"end":{"line":94,"column":14}}],"line":92},"9":{"loc":{"start":{"line":104,"column":4},"end":{"line":107,"column":5}},"type":"if","locations":[{"start":{"line":104,"column":4},"end":{"line":107,"column":5}},{"start":{},"end":{}}],"line":104},"10":{"loc":{"start":{"line":108,"column":4},"end":{"line":111,"column":5}},"type":"if","locations":[{"start":{"line":108,"column":4},"end":{"line":111,"column":5}},{"start":{},"end":{}}],"line":108},"11":{"loc":{"start":{"line":112,"column":4},"end":{"line":115,"column":5}},"type":"if","locations":[{"start":{"line":112,"column":4},"end":{"line":115,"column":5}},{"start":{},"end":{}}],"line":112},"12":{"loc":{"start":{"line":157,"column":4},"end":{"line":164,"column":5}},"type":"if","locations":[{"start":{"line":157,"column":4},"end":{"line":164,"column":5}},{"start":{},"end":{}}],"line":157},"13":{"loc":{"start":{"line":157,"column":8},"end":{"line":157,"column":60}},"type":"binary-expr","locations":[{"start":{"line":157,"column":8},"end":{"line":157,"column":30}},{"start":{"line":157,"column":34},"end":{"line":157,"column":60}}],"line":157},"14":{"loc":{"start":{"line":177,"column":6},"end":{"line":203,"column":7}},"type":"if","locations":[{"start":{"line":177,"column":6},"end":{"line":203,"column":7}},{"start":{},"end":{}}],"line":177},"15":{"loc":{"start":{"line":206,"column":6},"end":{"line":211,"column":10}},"type":"binary-expr","locations":[{"start":{"line":206,"column":6},"end":{"line":206,"column":27}},{"start":{"line":207,"column":8},"end":{"line":211,"column":10}}],"line":206},"16":{"loc":{"start":{"line":348,"column":13},"end":{"line":371,"column":20}},"type":"cond-expr","locations":[{"start":{"line":349,"column":16},"end":{"line":370,"column":18}},{"start":{"line":371,"column":16},"end":{"line":371,"column":20}}],"line":348}},"s":{"0":0,"1":0,"2":0,"3":0,"4":0,"5":0,"6":0,"7":0,"8":0,"9":0,"10":0,"11":0,"12":0,"13":0,"14":0,"15":0,"16":0,"17":0,"18":0,"19":0,"20":0,"21":0,"22":0,"23":0,"24":0,"25":0,"26":0,"27":0,"28":0,"29":0,"30":0,"31":0,"32":0,"33":0,"34":0,"35":0,"36":0,"37":0,"38":0,"39":0,"40":0,"41":0,"42":0,"43":0,"44":0,"45":0,"46":0,"47":0,"48":0,"49":0,"50":0,"51":0,"52":0,"53":0,"54":0,"55":0,"56":0,"57":0,"58":0,"59":0,"60":0,"61":0,"62":0,"63":0,"64":0,"65":0,"66":0,"67":0,"68":0,"69":0,"70":0,"71":0,"72":0,"73":0,"74":0,"75":0,"76":0,"77":0,"78":0,"79":0,"80":0,"81":0,"82":0,"83":0,"84":0,"85":0,"86":0,"87":0},"f":{"0":0,"1":0,"2":0,"3":0,"4":0,"5":0,"6":0,"7":0,"8":0,"9":0,"10":0,"11":0,"12":0,"13":0,"14":0,"15":0,"16":0,"17":0,"18":0,"19":0,"20":0,"21":0,"22":0,"23":0,"24":0,"25":0},"b":{"0":[0,0],"1":[0,0],"2":[0,0],"3":[0,0],"4":[0,0],"5":[0,0],"6":[0,0],"7":[0,0],"8":[0,0],"9":[0,0],"10":[0,0],"11":[0,0],"12":[0,0],"13":[0,0],"14":[0,0],"15":[0,0],"16":[0,0]}}
,"C:\\Users\\USUARIO\\Downloads\\Proyectos\\3-Legacy-LMS-Agora\\frontend\\src\\components\\ModalEntrega\\ModalDeliveryTeacher.jsx": {"path":"C:\\Users\\USUARIO\\Downloads\\Proyectos\\3-Legacy-LMS-Agora\\frontend\\src\\components\\ModalEntrega\\ModalDeliveryTeacher.jsx","statementMap":{"0":{"start":{"line":15,"column":21},"end":{"line":19,"column":1}},"1":{"start":{"line":22,"column":15},"end":{"line":22,"column":49}},"2":{"start":{"line":22,"column":38},"end":{"line":22,"column":48}},"3":{"start":{"line":23,"column":20},"end":{"line":23,"column":32}},"4":{"start":{"line":24,"column":17},"end":{"line":24,"column":28}},"5":{"start":{"line":25,"column":23},"end":{"line":25,"column":34}},"6":{"start":{"line":26,"column":21},"end":{"line":26,"column":30}},"7":{"start":{"line":27,"column":17},"end":{"line":27,"column":28}},"8":{"start":{"line":29,"column":17},"end":{"line":29,"column":30}},"9":{"start":{"line":31,"column":28},"end":{"line":31,"column":40}},"10":{"start":{"line":32,"column":42},"end":{"line":32,"column":54}},"11":{"start":{"line":33,"column":48},"end":{"line":33,"column":60}},"12":{"start":{"line":34,"column":28},"end":{"line":34,"column":40}},"13":{"start":{"line":35,"column":39},"end":{"line":35,"column":51}},"14":{"start":{"line":36,"column":26},"end":{"line":36,"column":38}},"15":{"start":{"line":38,"column":19},"end":{"line":63,"column":3}},"16":{"start":{"line":39,"column":4},"end":{"line":46,"column":5}},"17":{"start":{"line":40,"column":6},"end":{"line":45,"column":9}},"18":{"start":{"line":47,"column":4},"end":{"line":54,"column":5}},"19":{"start":{"line":48,"column":6},"end":{"line":53,"column":9}},"20":{"start":{"line":55,"column":4},"end":{"line":62,"column":5}},"21":{"start":{"line":56,"column":6},"end":{"line":61,"column":9}},"22":{"start":{"line":65,"column":2},"end":{"line":68,"column":21}},"23":{"start":{"line":66,"column":4},"end":{"line":66,"column":27}},"24":{"start":{"line":70,"column":24},"end":{"line":86,"column":3}},"25":{"start":{"line":71,"column":16},"end":{"line":73,"column":6}},"26":{"start":{"line":74,"column":33},"end":{"line":74,"column":41}},"27":{"start":{"line":75,"column":37},"end":{"line":83,"column":5}},"28":{"start":{"line":76,"column":6},"end":{"line":82,"column":14}},"29":{"start":{"line":84,"column":23},"end":{"line":84,"column":79}},"30":{"start":{"line":84,"column":65},"end":{"line":84,"column":78}},"31":{"start":{"line":85,"column":4},"end":{"line":85,"column":25}},"32":{"start":{"line":87,"column":25},"end":{"line":103,"column":3}},"33":{"start":{"line":88,"column":16},"end":{"line":90,"column":6}},"34":{"start":{"line":91,"column":34},"end":{"line":91,"column":42}},"35":{"start":{"line":92,"column":37},"end":{"line":100,"column":5}},"36":{"start":{"line":93,"column":6},"end":{"line":99,"column":14}},"37":{"start":{"line":101,"column":22},"end":{"line":101,"column":78}},"38":{"start":{"line":101,"column":64},"end":{"line":101,"column":77}},"39":{"start":{"line":102,"column":4},"end":{"line":102,"column":31}},"40":{"start":{"line":104,"column":24},"end":{"line":121,"column":3}},"41":{"start":{"line":105,"column":16},"end":{"line":107,"column":6}},"42":{"start":{"line":108,"column":4},"end":{"line":112,"column":5}},"43":{"start":{"line":109,"column":6},"end":{"line":109,"column":48}},"44":{"start":{"line":110,"column":6},"end":{"line":110,"column":40}},"45":{"start":{"line":111,"column":6},"end":{"line":111,"column":42}},"46":{"start":{"line":113,"column":4},"end":{"line":116,"column":5}},"47":{"start":{"line":114,"column":6},"end":{"line":114,"column":49}},"48":{"start":{"line":115,"column":6},"end":{"line":115,"column":41}},"49":{"start":{"line":117,"column":4},"end":{"line":120,"column":5}},"50":{"start":{"line":118,"column":6},"end":{"line":118,"column":46}},"51":{"start":{"line":119,"column":6},"end":{"line":119,"column":38}},"52":{"start":{"line":122,"column":20},"end":{"line":129,"column":3}},"53":{"start":{"line":123,"column":20},"end":{"line":125,"column":6}},"54":{"start":{"line":127,"column":16},"end":{"line":127,"column":28}},"55":{"start":{"line":128,"column":4},"end":{"line":128,"column":17}},"56":{"start":{"line":130,"column":2},"end":{"line":135,"column":27}},"57":{"start":{"line":131,"column":4},"end":{"line":131,"column":38}},"58":{"start":{"line":132,"column":4},"end":{"line":132,"column":39}},"59":{"start":{"line":133,"column":4},"end":{"line":133,"column":55}},"60":{"start":{"line":134,"column":4},"end":{"line":134,"column":22}},"61":{"start":{"line":137,"column":48},"end":{"line":137,"column":70}},"62":{"start":{"line":139,"column":38},"end":{"line":142,"column":4}},"63":{"start":{"line":144,"column":64},"end":{"line":144,"column":79}},"64":{"start":{"line":146,"column":29},"end":{"line":146,"column":39}},"65":{"start":{"line":148,"column":28},"end":{"line":156,"column":3}},"66":{"start":{"line":149,"column":28},"end":{"line":149,"column":36}},"67":{"start":{"line":150,"column":4},"end":{"line":155,"column":7}},"68":{"start":{"line":158,"column":27},"end":{"line":166,"column":3}},"69":{"start":{"line":159,"column":28},"end":{"line":159,"column":36}},"70":{"start":{"line":160,"column":4},"end":{"line":165,"column":7}},"71":{"start":{"line":168,"column":24},"end":{"line":177,"column":3}},"72":{"start":{"line":169,"column":4},"end":{"line":176,"column":5}},"73":{"start":{"line":170,"column":6},"end":{"line":175,"column":9}},"74":{"start":{"line":179,"column":26},"end":{"line":184,"column":3}},"75":{"start":{"line":180,"column":4},"end":{"line":183,"column":7}},"76":{"start":{"line":182,"column":50},"end":{"line":182,"column":60}},"77":{"start":{"line":186,"column":34},"end":{"line":207,"column":3}},"78":{"start":{"line":187,"column":4},"end":{"line":206,"column":7}},"79":{"start":{"line":198,"column":6},"end":{"line":205,"column":7}},"80":{"start":{"line":199,"column":8},"end":{"line":199,"column":61}},"81":{"start":{"line":200,"column":8},"end":{"line":204,"column":10}},"82":{"start":{"line":209,"column":36},"end":{"line":230,"column":3}},"83":{"start":{"line":210,"column":4},"end":{"line":229,"column":7}},"84":{"start":{"line":221,"column":6},"end":{"line":228,"column":7}},"85":{"start":{"line":222,"column":8},"end":{"line":222,"column":61}},"86":{"start":{"line":223,"column":8},"end":{"line":227,"column":10}},"87":{"start":{"line":232,"column":32},"end":{"line":261,"column":3}},"88":{"start":{"line":233,"column":4},"end":{"line":260,"column":5}},"89":{"start":{"line":234,"column":6},"end":{"line":251,"column":7}},"90":{"start":{"line":235,"column":20},"end":{"line":245,"column":9}},"91":{"start":{"line":246,"column":8},"end":{"line":250,"column":11}},"92":{"start":{"line":253,"column":6},"end":{"line":253,"column":40}},"93":{"start":{"line":254,"column":6},"end":{"line":259,"column":11}},"94":{"start":{"line":262,"column":23},"end":{"line":302,"column":3}},"95":{"start":{"line":263,"column":4},"end":{"line":263,"column":23}},"96":{"start":{"line":264,"column":4},"end":{"line":299,"column":5}},"97":{"start":{"line":265,"column":6},"end":{"line":290,"column":7}},"98":{"start":{"line":266,"column":20},"end":{"line":280,"column":9}},"99":{"start":{"line":281,"column":8},"end":{"line":284,"column":10}},"100":{"start":{"line":285,"column":8},"end":{"line":289,"column":11}},"101":{"start":{"line":292,"column":6},"end":{"line":292,"column":40}},"102":{"start":{"line":293,"column":6},"end":{"line":298,"column":11}},"103":{"start":{"line":300,"column":4},"end":{"line":300,"column":38}},"104":{"start":{"line":301,"column":4},"end":{"line":301,"column":39}},"105":{"start":{"line":304,"column":2},"end":{"line":525,"column":4}},"106":{"start":{"line":307,"column":64},"end":{"line":307,"column":76}},"107":{"start":{"line":335,"column":14},"end":{"line":361,"column":20}},"108":{"start":{"line":351,"column":18},"end":{"line":358,"column":22}},"109":{"start":{"line":370,"column":14},"end":{"line":399,"column":20}},"110":{"start":{"line":389,"column":18},"end":{"line":396,"column":22}},"111":{"start":{"line":430,"column":29},"end":{"line":430,"column":54}},"112":{"start":{"line":452,"column":16},"end":{"line":471,"column":22}},"113":{"start":{"line":467,"column":35},"end":{"line":467,"column":68}},"114":{"start":{"line":479,"column":16},"end":{"line":519,"column":22}},"115":{"start":{"line":496,"column":24},"end":{"line":500,"column":25}},"116":{"start":{"line":509,"column":24},"end":{"line":513,"column":25}}},"fnMap":{"0":{"name":"ModalDeliveryTeacher","decl":{"start":{"line":21,"column":16},"end":{"line":21,"column":36}},"loc":{"start":{"line":21,"column":39},"end":{"line":526,"column":1}},"line":21},"1":{"name":"(anonymous_1)","decl":{"start":{"line":22,"column":27},"end":{"line":22,"column":28}},"loc":{"start":{"line":22,"column":38},"end":{"line":22,"column":48}},"line":22},"2":{"name":"(anonymous_2)","decl":{"start":{"line":38,"column":19},"end":{"line":38,"column":20}},"loc":{"start":{"line":38,"column":37},"end":{"line":63,"column":3}},"line":38},"3":{"name":"(anonymous_3)","decl":{"start":{"line":65,"column":12},"end":{"line":65,"column":13}},"loc":{"start":{"line":65,"column":18},"end":{"line":68,"column":3}},"line":65},"4":{"name":"(anonymous_4)","decl":{"start":{"line":70,"column":24},"end":{"line":70,"column":25}},"loc":{"start":{"line":70,"column":50},"end":{"line":86,"column":3}},"line":70},"5":{"name":"(anonymous_5)","decl":{"start":{"line":75,"column":62},"end":{"line":75,"column":63}},"loc":{"start":{"line":76,"column":6},"end":{"line":82,"column":14}},"line":76},"6":{"name":"(anonymous_6)","decl":{"start":{"line":84,"column":55},"end":{"line":84,"column":56}},"loc":{"start":{"line":84,"column":65},"end":{"line":84,"column":78}},"line":84},"7":{"name":"(anonymous_7)","decl":{"start":{"line":87,"column":25},"end":{"line":87,"column":26}},"loc":{"start":{"line":87,"column":51},"end":{"line":103,"column":3}},"line":87},"8":{"name":"(anonymous_8)","decl":{"start":{"line":92,"column":63},"end":{"line":92,"column":64}},"loc":{"start":{"line":93,"column":6},"end":{"line":99,"column":14}},"line":93},"9":{"name":"(anonymous_9)","decl":{"start":{"line":101,"column":54},"end":{"line":101,"column":55}},"loc":{"start":{"line":101,"column":64},"end":{"line":101,"column":77}},"line":101},"10":{"name":"(anonymous_10)","decl":{"start":{"line":104,"column":24},"end":{"line":104,"column":25}},"loc":{"start":{"line":104,"column":53},"end":{"line":121,"column":3}},"line":104},"11":{"name":"(anonymous_11)","decl":{"start":{"line":122,"column":20},"end":{"line":122,"column":21}},"loc":{"start":{"line":122,"column":34},"end":{"line":129,"column":3}},"line":122},"12":{"name":"(anonymous_12)","decl":{"start":{"line":130,"column":12},"end":{"line":130,"column":13}},"loc":{"start":{"line":130,"column":18},"end":{"line":135,"column":3}},"line":130},"13":{"name":"(anonymous_13)","decl":{"start":{"line":148,"column":28},"end":{"line":148,"column":29}},"loc":{"start":{"line":148,"column":35},"end":{"line":156,"column":3}},"line":148},"14":{"name":"(anonymous_14)","decl":{"start":{"line":158,"column":27},"end":{"line":158,"column":28}},"loc":{"start":{"line":158,"column":34},"end":{"line":166,"column":3}},"line":158},"15":{"name":"(anonymous_15)","decl":{"start":{"line":168,"column":24},"end":{"line":168,"column":25}},"loc":{"start":{"line":168,"column":34},"end":{"line":177,"column":3}},"line":168},"16":{"name":"(anonymous_16)","decl":{"start":{"line":179,"column":26},"end":{"line":179,"column":27}},"loc":{"start":{"line":179,"column":42},"end":{"line":184,"column":3}},"line":179},"17":{"name":"(anonymous_17)","decl":{"start":{"line":182,"column":43},"end":{"line":182,"column":44}},"loc":{"start":{"line":182,"column":50},"end":{"line":182,"column":60}},"line":182},"18":{"name":"(anonymous_18)","decl":{"start":{"line":186,"column":34},"end":{"line":186,"column":35}},"loc":{"start":{"line":186,"column":69},"end":{"line":207,"column":3}},"line":186},"19":{"name":"(anonymous_19)","decl":{"start":{"line":197,"column":12},"end":{"line":197,"column":13}},"loc":{"start":{"line":197,"column":24},"end":{"line":206,"column":5}},"line":197},"20":{"name":"(anonymous_20)","decl":{"start":{"line":209,"column":36},"end":{"line":209,"column":37}},"loc":{"start":{"line":209,"column":71},"end":{"line":230,"column":3}},"line":209},"21":{"name":"(anonymous_21)","decl":{"start":{"line":220,"column":12},"end":{"line":220,"column":13}},"loc":{"start":{"line":220,"column":24},"end":{"line":229,"column":5}},"line":220},"22":{"name":"(anonymous_22)","decl":{"start":{"line":232,"column":32},"end":{"line":232,"column":33}},"loc":{"start":{"line":232,"column":73},"end":{"line":261,"column":3}},"line":232},"23":{"name":"(anonymous_23)","decl":{"start":{"line":262,"column":23},"end":{"line":262,"column":24}},"loc":{"start":{"line":262,"column":36},"end":{"line":302,"column":3}},"line":262},"24":{"name":"(anonymous_24)","decl":{"start":{"line":307,"column":58},"end":{"line":307,"column":59}},"loc":{"start":{"line":307,"column":64},"end":{"line":307,"column":76}},"line":307},"25":{"name":"(anonymous_25)","decl":{"start":{"line":334,"column":23},"end":{"line":334,"column":24}},"loc":{"start":{"line":335,"column":14},"end":{"line":361,"column":20}},"line":335},"26":{"name":"(anonymous_26)","decl":{"start":{"line":350,"column":35},"end":{"line":350,"column":36}},"loc":{"start":{"line":351,"column":18},"end":{"line":358,"column":22}},"line":351},"27":{"name":"(anonymous_27)","decl":{"start":{"line":369,"column":30},"end":{"line":369,"column":31}},"loc":{"start":{"line":370,"column":14},"end":{"line":399,"column":20}},"line":370},"28":{"name":"(anonymous_28)","decl":{"start":{"line":388,"column":35},"end":{"line":388,"column":36}},"loc":{"start":{"line":389,"column":18},"end":{"line":396,"column":22}},"line":389},"29":{"name":"(anonymous_29)","decl":{"start":{"line":430,"column":23},"end":{"line":430,"column":24}},"loc":{"start":{"line":430,"column":29},"end":{"line":430,"column":54}},"line":430},"30":{"name":"(anonymous_30)","decl":{"start":{"line":451,"column":27},"end":{"line":451,"column":28}},"loc":{"start":{"line":452,"column":16},"end":{"line":471,"column":22}},"line":452},"31":{"name":"(anonymous_31)","decl":{"start":{"line":467,"column":29},"end":{"line":467,"column":30}},"loc":{"start":{"line":467,"column":35},"end":{"line":467,"column":68}},"line":467},"32":{"name":"(anonymous_32)","decl":{"start":{"line":478,"column":30},"end":{"line":478,"column":31}},"loc":{"start":{"line":479,"column":16},"end":{"line":519,"column":22}},"line":479},"33":{"name":"(anonymous_33)","decl":{"start":{"line":495,"column":31},"end":{"line":495,"column":32}},"loc":{"start":{"line":496,"column":24},"end":{"line":500,"column":25}},"line":496},"34":{"name":"(anonymous_34)","decl":{"start":{"line":508,"column":31},"end":{"line":508,"column":32}},"loc":{"start":{"line":509,"column":24},"end":{"line":513,"column":25}},"line":509}},"branchMap":{"0":{"loc":{"start":{"line":39,"column":4},"end":{"line":46,"column":5}},"type":"if","locations":[{"start":{"line":39,"column":4},"end":{"line":46,"column":5}},{"start":{},"end":{}}],"line":39},"1":{"loc":{"start":{"line":47,"column":4},"end":{"line":54,"column":5}},"type":"if","locations":[{"start":{"line":47,"column":4},"end":{"line":54,"column":5}},{"start":{},"end":{}}],"line":47},"2":{"loc":{"start":{"line":55,"column":4},"end":{"line":62,"column":5}},"type":"if","locations":[{"start":{"line":55,"column":4},"end":{"line":62,"column":5}},{"start":{},"end":{}}],"line":55},"3":{"loc":{"start":{"line":76,"column":6},"end":{"line":82,"column":14}},"type":"cond-expr","locations":[{"start":{"line":77,"column":10},"end":{"line":77,"column":14}},{"start":{"line":78,"column":10},"end":{"line":82,"column":14}}],"line":76},"4":{"loc":{"start":{"line":78,"column":10},"end":{"line":82,"column":14}},"type":"cond-expr","locations":[{"start":{"line":79,"column":10},"end":{"line":79,"column":14}},{"start":{"line":80,"column":10},"end":{"line":82,"column":14}}],"line":78},"5":{"loc":{"start":{"line":80,"column":10},"end":{"line":82,"column":14}},"type":"cond-expr","locations":[{"start":{"line":81,"column":10},"end":{"line":81,"column":14}},{"start":{"line":82,"column":10},"end":{"line":82,"column":14}}],"line":80},"6":{"loc":{"start":{"line":93,"column":6},"end":{"line":99,"column":14}},"type":"cond-expr","locations":[{"start":{"line":94,"column":10},"end":{"line":94,"column":14}},{"start":{"line":95,"column":10},"end":{"line":99,"column":14}}],"line":93},"7":{"loc":{"start":{"line":95,"column":10},"end":{"line":99,"column":14}},"type":"cond-expr","locations":[{"start":{"line":96,"column":10},"end":{"line":96,"column":14}},{"start":{"line":97,"column":10},"end":{"line":99,"column":14}}],"line":95},"8":{"loc":{"start":{"line":97,"column":10},"end":{"line":99,"column":14}},"type":"cond-expr","locations":[{"start":{"line":98,"column":10},"end":{"line":98,"column":14}},{"start":{"line":99,"column":10},"end":{"line":99,"column":14}}],"line":97},"9":{"loc":{"start":{"line":108,"column":4},"end":{"line":112,"column":5}},"type":"if","locations":[{"start":{"line":108,"column":4},"end":{"line":112,"column":5}},{"start":{},"end":{}}],"line":108},"10":{"loc":{"start":{"line":113,"column":4},"end":{"line":116,"column":5}},"type":"if","locations":[{"start":{"line":113,"column":4},"end":{"line":116,"column":5}},{"start":{},"end":{}}],"line":113},"11":{"loc":{"start":{"line":117,"column":4},"end":{"line":120,"column":5}},"type":"if","locations":[{"start":{"line":117,"column":4},"end":{"line":120,"column":5}},{"start":{},"end":{}}],"line":117},"12":{"loc":{"start":{"line":169,"column":4},"end":{"line":176,"column":5}},"type":"if","locations":[{"start":{"line":169,"column":4},"end":{"line":176,"column":5}},{"start":{},"end":{}}],"line":169},"13":{"loc":{"start":{"line":169,"column":8},"end":{"line":169,"column":60}},"type":"binary-expr","locations":[{"start":{"line":169,"column":8},"end":{"line":169,"column":30}},{"start":{"line":169,"column":34},"end":{"line":169,"column":60}}],"line":169},"14":{"loc":{"start":{"line":198,"column":6},"end":{"line":205,"column":7}},"type":"if","locations":[{"start":{"line":198,"column":6},"end":{"line":205,"column":7}},{"start":{},"end":{}}],"line":198},"15":{"loc":{"start":{"line":221,"column":6},"end":{"line":228,"column":7}},"type":"if","locations":[{"start":{"line":221,"column":6},"end":{"line":228,"column":7}},{"start":{},"end":{}}],"line":221},"16":{"loc":{"start":{"line":234,"column":6},"end":{"line":251,"column":7}},"type":"if","locations":[{"start":{"line":234,"column":6},"end":{"line":251,"column":7}},{"start":{},"end":{}}],"line":234},"17":{"loc":{"start":{"line":254,"column":6},"end":{"line":259,"column":10}},"type":"binary-expr","locations":[{"start":{"line":254,"column":6},"end":{"line":254,"column":27}},{"start":{"line":255,"column":8},"end":{"line":259,"column":10}}],"line":254},"18":{"loc":{"start":{"line":265,"column":6},"end":{"line":290,"column":7}},"type":"if","locations":[{"start":{"line":265,"column":6},"end":{"line":290,"column":7}},{"start":{},"end":{}}],"line":265},"19":{"loc":{"start":{"line":293,"column":6},"end":{"line":298,"column":10}},"type":"binary-expr","locations":[{"start":{"line":293,"column":6},"end":{"line":293,"column":27}},{"start":{"line":294,"column":8},"end":{"line":298,"column":10}}],"line":293},"20":{"loc":{"start":{"line":450,"column":11},"end":{"line":473,"column":18}},"type":"cond-expr","locations":[{"start":{"line":451,"column":14},"end":{"line":472,"column":16}},{"start":{"line":473,"column":14},"end":{"line":473,"column":18}}],"line":450},"21":{"loc":{"start":{"line":476,"column":11},"end":{"line":476,"column":78}},"type":"cond-expr","locations":[{"start":{"line":476,"column":40},"end":{"line":476,"column":71}},{"start":{"line":476,"column":74},"end":{"line":476,"column":78}}],"line":476},"22":{"loc":{"start":{"line":477,"column":11},"end":{"line":521,"column":18}},"type":"cond-expr","locations":[{"start":{"line":478,"column":14},"end":{"line":520,"column":16}},{"start":{"line":521,"column":14},"end":{"line":521,"column":18}}],"line":477},"23":{"loc":{"start":{"line":484,"column":23},"end":{"line":488,"column":27}},"type":"cond-expr","locations":[{"start":{"line":485,"column":26},"end":{"line":485,"column":27}},{"start":{"line":486,"column":26},"end":{"line":488,"column":27}}],"line":484},"24":{"loc":{"start":{"line":486,"column":26},"end":{"line":488,"column":27}},"type":"cond-expr","locations":[{"start":{"line":487,"column":26},"end":{"line":487,"column":27}},{"start":{"line":488,"column":26},"end":{"line":488,"column":27}}],"line":486}},"s":{"0":0,"1":0,"2":0,"3":0,"4":0,"5":0,"6":0,"7":0,"8":0,"9":0,"10":0,"11":0,"12":0,"13":0,"14":0,"15":0,"16":0,"17":0,"18":0,"19":0,"20":0,"21":0,"22":0,"23":0,"24":0,"25":0,"26":0,"27":0,"28":0,"29":0,"30":0,"31":0,"32":0,"33":0,"34":0,"35":0,"36":0,"37":0,"38":0,"39":0,"40":0,"41":0,"42":0,"43":0,"44":0,"45":0,"46":0,"47":0,"48":0,"49":0,"50":0,"51":0,"52":0,"53":0,"54":0,"55":0,"56":0,"57":0,"58":0,"59":0,"60":0,"61":0,"62":0,"63":0,"64":0,"65":0,"66":0,"67":0,"68":0,"69":0,"70":0,"71":0,"72":0,"73":0,"74":0,"75":0,"76":0,"77":0,"78":0,"79":0,"80":0,"81":0,"82":0,"83":0,"84":0,"85":0,"86":0,"87":0,"88":0,"89":0,"90":0,"91":0,"92":0,"93":0,"94":0,"95":0,"96":0,"97":0,"98":0,"99":0,"100":0,"101":0,"102":0,"103":0,"104":0,"105":0,"106":0,"107":0,"108":0,"109":0,"110":0,"111":0,"112":0,"113":0,"114":0,"115":0,"116":0},"f":{"0":0,"1":0,"2":0,"3":0,"4":0,"5":0,"6":0,"7":0,"8":0,"9":0,"10":0,"11":0,"12":0,"13":0,"14":0,"15":0,"16":0,"17":0,"18":0,"19":0,"20":0,"21":0,"22":0,"23":0,"24":0,"25":0,"26":0,"27":0,"28":0,"29":0,"30":0,"31":0,"32":0,"33":0,"34":0},"b":{"0":[0,0],"1":[0,0],"2":[0,0],"3":[0,0],"4":[0,0],"5":[0,0],"6":[0,0],"7":[0,0],"8":[0,0],"9":[0,0],"10":[0,0],"11":[0,0],"12":[0,0],"13":[0,0],"14":[0,0],"15":[0,0],"16":[0,0],"17":[0,0],"18":[0,0],"19":[0,0],"20":[0,0],"21":[0,0],"22":[0,0],"23":[0,0],"24":[0,0]}}
,"C:\\Users\\USUARIO\\Downloads\\Proyectos\\3-Legacy-LMS-Agora\\frontend\\src\\components\\ProfileStudent\\ProfileStudent.jsx": {"path":"C:\\Users\\USUARIO\\Downloads\\Proyectos\\3-Legacy-LMS-Agora\\frontend\\src\\components\\ProfileStudent\\ProfileStudent.jsx","statementMap":{"0":{"start":{"line":15,"column":21},"end":{"line":23,"column":1}},"1":{"start":{"line":26,"column":22},"end":{"line":26,"column":27}},"2":{"start":{"line":27,"column":17},"end":{"line":27,"column":28}},"3":{"start":{"line":28,"column":15},"end":{"line":28,"column":49}},"4":{"start":{"line":28,"column":38},"end":{"line":28,"column":48}},"5":{"start":{"line":29,"column":17},"end":{"line":29,"column":56}},"6":{"start":{"line":30,"column":19},"end":{"line":30,"column":63}},"7":{"start":{"line":31,"column":17},"end":{"line":31,"column":30}},"8":{"start":{"line":32,"column":40},"end":{"line":32,"column":62}},"9":{"start":{"line":33,"column":26},"end":{"line":33,"column":38}},"10":{"start":{"line":34,"column":28},"end":{"line":34,"column":38}},"11":{"start":{"line":35,"column":34},"end":{"line":35,"column":46}},"12":{"start":{"line":36,"column":32},"end":{"line":36,"column":44}},"13":{"start":{"line":37,"column":36},"end":{"line":37,"column":48}},"14":{"start":{"line":39,"column":56},"end":{"line":39,"column":67}},"15":{"start":{"line":41,"column":20},"end":{"line":48,"column":3}},"16":{"start":{"line":42,"column":20},"end":{"line":44,"column":6}},"17":{"start":{"line":46,"column":16},"end":{"line":46,"column":28}},"18":{"start":{"line":47,"column":4},"end":{"line":47,"column":17}},"19":{"start":{"line":50,"column":27},"end":{"line":61,"column":3}},"20":{"start":{"line":51,"column":27},"end":{"line":53,"column":6}},"21":{"start":{"line":54,"column":16},"end":{"line":54,"column":38}},"22":{"start":{"line":55,"column":4},"end":{"line":58,"column":53}},"23":{"start":{"line":59,"column":4},"end":{"line":59,"column":24}},"24":{"start":{"line":60,"column":4},"end":{"line":60,"column":24}},"25":{"start":{"line":63,"column":24},"end":{"line":92,"column":3}},"26":{"start":{"line":64,"column":16},"end":{"line":66,"column":6}},"27":{"start":{"line":67,"column":32},"end":{"line":67,"column":40}},"28":{"start":{"line":68,"column":29},"end":{"line":70,"column":38}},"29":{"start":{"line":69,"column":22},"end":{"line":69,"column":77}},"30":{"start":{"line":70,"column":24},"end":{"line":70,"column":37}},"31":{"start":{"line":71,"column":27},"end":{"line":73,"column":5}},"32":{"start":{"line":72,"column":21},"end":{"line":72,"column":59}},"33":{"start":{"line":74,"column":4},"end":{"line":74,"column":32}},"34":{"start":{"line":75,"column":27},"end":{"line":77,"column":38}},"35":{"start":{"line":76,"column":22},"end":{"line":76,"column":73}},"36":{"start":{"line":77,"column":24},"end":{"line":77,"column":37}},"37":{"start":{"line":78,"column":26},"end":{"line":80,"column":5}},"38":{"start":{"line":79,"column":21},"end":{"line":79,"column":57}},"39":{"start":{"line":81,"column":4},"end":{"line":81,"column":30}},"40":{"start":{"line":83,"column":30},"end":{"line":87,"column":38}},"41":{"start":{"line":85,"column":8},"end":{"line":85,"column":65}},"42":{"start":{"line":87,"column":24},"end":{"line":87,"column":37}},"43":{"start":{"line":88,"column":27},"end":{"line":90,"column":5}},"44":{"start":{"line":89,"column":21},"end":{"line":89,"column":60}},"45":{"start":{"line":91,"column":4},"end":{"line":91,"column":33}},"46":{"start":{"line":94,"column":28},"end":{"line":97,"column":3}},"47":{"start":{"line":95,"column":28},"end":{"line":95,"column":36}},"48":{"start":{"line":96,"column":4},"end":{"line":96,"column":76}},"49":{"start":{"line":98,"column":22},"end":{"line":107,"column":3}},"50":{"start":{"line":99,"column":28},"end":{"line":99,"column":36}},"51":{"start":{"line":100,"column":4},"end":{"line":105,"column":7}},"52":{"start":{"line":106,"column":4},"end":{"line":106,"column":20}},"53":{"start":{"line":108,"column":23},"end":{"line":140,"column":3}},"54":{"start":{"line":109,"column":4},"end":{"line":109,"column":23}},"55":{"start":{"line":110,"column":4},"end":{"line":139,"column":5}},"56":{"start":{"line":111,"column":6},"end":{"line":130,"column":7}},"57":{"start":{"line":112,"column":20},"end":{"line":124,"column":9}},"58":{"start":{"line":125,"column":8},"end":{"line":128,"column":10}},"59":{"start":{"line":129,"column":8},"end":{"line":129,"column":75}},"60":{"start":{"line":132,"column":6},"end":{"line":132,"column":40}},"61":{"start":{"line":133,"column":6},"end":{"line":138,"column":11}},"62":{"start":{"line":141,"column":2},"end":{"line":145,"column":25}},"63":{"start":{"line":142,"column":4},"end":{"line":142,"column":29}},"64":{"start":{"line":143,"column":4},"end":{"line":143,"column":22}},"65":{"start":{"line":144,"column":4},"end":{"line":144,"column":26}},"66":{"start":{"line":147,"column":2},"end":{"line":342,"column":4}},"67":{"start":{"line":152,"column":23},"end":{"line":152,"column":35}}},"fnMap":{"0":{"name":"ProfileStudent","decl":{"start":{"line":25,"column":16},"end":{"line":25,"column":30}},"loc":{"start":{"line":25,"column":38},"end":{"line":343,"column":1}},"line":25},"1":{"name":"(anonymous_1)","decl":{"start":{"line":28,"column":27},"end":{"line":28,"column":28}},"loc":{"start":{"line":28,"column":38},"end":{"line":28,"column":48}},"line":28},"2":{"name":"(anonymous_2)","decl":{"start":{"line":41,"column":20},"end":{"line":41,"column":21}},"loc":{"start":{"line":41,"column":34},"end":{"line":48,"column":3}},"line":41},"3":{"name":"(anonymous_3)","decl":{"start":{"line":50,"column":27},"end":{"line":50,"column":28}},"loc":{"start":{"line":50,"column":41},"end":{"line":61,"column":3}},"line":50},"4":{"name":"(anonymous_4)","decl":{"start":{"line":63,"column":24},"end":{"line":63,"column":25}},"loc":{"start":{"line":63,"column":38},"end":{"line":92,"column":3}},"line":63},"5":{"name":"(anonymous_5)","decl":{"start":{"line":69,"column":11},"end":{"line":69,"column":12}},"loc":{"start":{"line":69,"column":22},"end":{"line":69,"column":77}},"line":69},"6":{"name":"(anonymous_6)","decl":{"start":{"line":70,"column":14},"end":{"line":70,"column":15}},"loc":{"start":{"line":70,"column":24},"end":{"line":70,"column":37}},"line":70},"7":{"name":"(anonymous_7)","decl":{"start":{"line":72,"column":6},"end":{"line":72,"column":7}},"loc":{"start":{"line":72,"column":21},"end":{"line":72,"column":59}},"line":72},"8":{"name":"(anonymous_8)","decl":{"start":{"line":76,"column":11},"end":{"line":76,"column":12}},"loc":{"start":{"line":76,"column":22},"end":{"line":76,"column":73}},"line":76},"9":{"name":"(anonymous_9)","decl":{"start":{"line":77,"column":14},"end":{"line":77,"column":15}},"loc":{"start":{"line":77,"column":24},"end":{"line":77,"column":37}},"line":77},"10":{"name":"(anonymous_10)","decl":{"start":{"line":79,"column":6},"end":{"line":79,"column":7}},"loc":{"start":{"line":79,"column":21},"end":{"line":79,"column":57}},"line":79},"11":{"name":"(anonymous_11)","decl":{"start":{"line":84,"column":11},"end":{"line":84,"column":12}},"loc":{"start":{"line":85,"column":8},"end":{"line":85,"column":65}},"line":85},"12":{"name":"(anonymous_12)","decl":{"start":{"line":87,"column":14},"end":{"line":87,"column":15}},"loc":{"start":{"line":87,"column":24},"end":{"line":87,"column":37}},"line":87},"13":{"name":"(anonymous_13)","decl":{"start":{"line":89,"column":6},"end":{"line":89,"column":7}},"loc":{"start":{"line":89,"column":21},"end":{"line":89,"column":60}},"line":89},"14":{"name":"(anonymous_14)","decl":{"start":{"line":94,"column":28},"end":{"line":94,"column":29}},"loc":{"start":{"line":94,"column":35},"end":{"line":97,"column":3}},"line":94},"15":{"name":"(anonymous_15)","decl":{"start":{"line":98,"column":22},"end":{"line":98,"column":23}},"loc":{"start":{"line":98,"column":29},"end":{"line":107,"column":3}},"line":98},"16":{"name":"(anonymous_16)","decl":{"start":{"line":108,"column":23},"end":{"line":108,"column":24}},"loc":{"start":{"line":108,"column":36},"end":{"line":140,"column":3}},"line":108},"17":{"name":"(anonymous_17)","decl":{"start":{"line":141,"column":12},"end":{"line":141,"column":13}},"loc":{"start":{"line":141,"column":18},"end":{"line":145,"column":3}},"line":141},"18":{"name":"(anonymous_18)","decl":{"start":{"line":152,"column":17},"end":{"line":152,"column":18}},"loc":{"start":{"line":152,"column":23},"end":{"line":152,"column":35}},"line":152}},"branchMap":{"0":{"loc":{"start":{"line":29,"column":17},"end":{"line":29,"column":56}},"type":"cond-expr","locations":[{"start":{"line":29,"column":27},"end":{"line":29,"column":41}},{"start":{"line":29,"column":44},"end":{"line":29,"column":56}}],"line":29},"1":{"loc":{"start":{"line":30,"column":19},"end":{"line":30,"column":63}},"type":"cond-expr","locations":[{"start":{"line":30,"column":29},"end":{"line":30,"column":42}},{"start":{"line":30,"column":45},"end":{"line":30,"column":63}}],"line":30},"2":{"loc":{"start":{"line":69,"column":22},"end":{"line":69,"column":77}},"type":"cond-expr","locations":[{"start":{"line":69,"column":56},"end":{"line":69,"column":70}},{"start":{"line":69,"column":73},"end":{"line":69,"column":77}}],"line":69},"3":{"loc":{"start":{"line":76,"column":22},"end":{"line":76,"column":73}},"type":"cond-expr","locations":[{"start":{"line":76,"column":54},"end":{"line":76,"column":66}},{"start":{"line":76,"column":69},"end":{"line":76,"column":73}}],"line":76},"4":{"loc":{"start":{"line":85,"column":8},"end":{"line":85,"column":65}},"type":"cond-expr","locations":[{"start":{"line":85,"column":43},"end":{"line":85,"column":58}},{"start":{"line":85,"column":61},"end":{"line":85,"column":65}}],"line":85},"5":{"loc":{"start":{"line":111,"column":6},"end":{"line":130,"column":7}},"type":"if","locations":[{"start":{"line":111,"column":6},"end":{"line":130,"column":7}},{"start":{},"end":{}}],"line":111},"6":{"loc":{"start":{"line":133,"column":6},"end":{"line":138,"column":10}},"type":"binary-expr","locations":[{"start":{"line":133,"column":6},"end":{"line":133,"column":27}},{"start":{"line":134,"column":8},"end":{"line":138,"column":10}}],"line":133},"7":{"loc":{"start":{"line":167,"column":13},"end":{"line":178,"column":20}},"type":"cond-expr","locations":[{"start":{"line":168,"column":14},"end":{"line":177,"column":20}},{"start":{"line":178,"column":16},"end":{"line":178,"column":20}}],"line":167},"8":{"loc":{"start":{"line":196,"column":11},"end":{"line":322,"column":11}},"type":"cond-expr","locations":[{"start":{"line":197,"column":12},"end":{"line":244,"column":18}},{"start":{"line":246,"column":12},"end":{"line":321,"column":18}}],"line":196},"9":{"loc":{"start":{"line":332,"column":11},"end":{"line":336,"column":11}},"type":"cond-expr","locations":[{"start":{"line":333,"column":12},"end":{"line":333,"column":67}},{"start":{"line":335,"column":12},"end":{"line":335,"column":57}}],"line":332}},"s":{"0":0,"1":0,"2":0,"3":0,"4":0,"5":0,"6":0,"7":0,"8":0,"9":0,"10":0,"11":0,"12":0,"13":0,"14":0,"15":0,"16":0,"17":0,"18":0,"19":0,"20":0,"21":0,"22":0,"23":0,"24":0,"25":0,"26":0,"27":0,"28":0,"29":0,"30":0,"31":0,"32":0,"33":0,"34":0,"35":0,"36":0,"37":0,"38":0,"39":0,"40":0,"41":0,"42":0,"43":0,"44":0,"45":0,"46":0,"47":0,"48":0,"49":0,"50":0,"51":0,"52":0,"53":0,"54":0,"55":0,"56":0,"57":0,"58":0,"59":0,"60":0,"61":0,"62":0,"63":0,"64":0,"65":0,"66":0,"67":0},"f":{"0":0,"1":0,"2":0,"3":0,"4":0,"5":0,"6":0,"7":0,"8":0,"9":0,"10":0,"11":0,"12":0,"13":0,"14":0,"15":0,"16":0,"17":0,"18":0},"b":{"0":[0,0],"1":[0,0],"2":[0,0],"3":[0,0],"4":[0,0],"5":[0,0],"6":[0,0],"7":[0,0],"8":[0,0],"9":[0,0]}}
,"C:\\Users\\USUARIO\\Downloads\\Proyectos\\3-Legacy-LMS-Agora\\frontend\\src\\components\\cards\\announcement\\Announcement.jsx": {"path":"C:\\Users\\USUARIO\\Downloads\\Proyectos\\3-Legacy-LMS-Agora\\frontend\\src\\components\\cards\\announcement\\Announcement.jsx","statementMap":{"0":{"start":{"line":5,"column":66},"end":{"line":5,"column":71}},"1":{"start":{"line":6,"column":2},"end":{"line":25,"column":4}}},"fnMap":{"0":{"name":"AnnouncementCard","decl":{"start":{"line":4,"column":16},"end":{"line":4,"column":32}},"loc":{"start":{"line":4,"column":40},"end":{"line":26,"column":1}},"line":4}},"branchMap":{},"s":{"0":0,"1":0},"f":{"0":0},"b":{}}
,"C:\\Users\\USUARIO\\Downloads\\Proyectos\\3-Legacy-LMS-Agora\\frontend\\src\\components\\competencesTable\\CompetencesTable.jsx": {"path":"C:\\Users\\USUARIO\\Downloads\\Proyectos\\3-Legacy-LMS-Agora\\frontend\\src\\components\\competencesTable\\CompetencesTable.jsx","statementMap":{"0":{"start":{"line":6,"column":37},"end":{"line":6,"column":42}},"1":{"start":{"line":7,"column":40},"end":{"line":7,"column":51}},"2":{"start":{"line":9,"column":20},"end":{"line":11,"column":3}},"3":{"start":{"line":10,"column":4},"end":{"line":10,"column":26}},"4":{"start":{"line":13,"column":29},"end":{"line":15,"column":4}},"5":{"start":{"line":14,"column":4},"end":{"line":14,"column":70}},"6":{"start":{"line":16,"column":2},"end":{"line":155,"column":4}},"7":{"start":{"line":19,"column":8},"end":{"line":152,"column":16}},"8":{"start":{"line":60,"column":33},"end":{"line":60,"column":45}},"9":{"start":{"line":70,"column":33},"end":{"line":70,"column":45}},"10":{"start":{"line":80,"column":33},"end":{"line":80,"column":45}}},"fnMap":{"0":{"name":"CompetencesTable","decl":{"start":{"line":5,"column":16},"end":{"line":5,"column":32}},"loc":{"start":{"line":5,"column":40},"end":{"line":156,"column":1}},"line":5},"1":{"name":"(anonymous_1)","decl":{"start":{"line":9,"column":20},"end":{"line":9,"column":21}},"loc":{"start":{"line":9,"column":31},"end":{"line":11,"column":3}},"line":9},"2":{"name":"(anonymous_2)","decl":{"start":{"line":13,"column":51},"end":{"line":13,"column":52}},"loc":{"start":{"line":13,"column":61},"end":{"line":15,"column":3}},"line":13},"3":{"name":"(anonymous_3)","decl":{"start":{"line":18,"column":30},"end":{"line":18,"column":31}},"loc":{"start":{"line":19,"column":8},"end":{"line":152,"column":16}},"line":19},"4":{"name":"(anonymous_4)","decl":{"start":{"line":60,"column":27},"end":{"line":60,"column":28}},"loc":{"start":{"line":60,"column":33},"end":{"line":60,"column":45}},"line":60},"5":{"name":"(anonymous_5)","decl":{"start":{"line":70,"column":27},"end":{"line":70,"column":28}},"loc":{"start":{"line":70,"column":33},"end":{"line":70,"column":45}},"line":70},"6":{"name":"(anonymous_6)","decl":{"start":{"line":80,"column":27},"end":{"line":80,"column":28}},"loc":{"start":{"line":80,"column":33},"end":{"line":80,"column":45}},"line":80}},"branchMap":{"0":{"loc":{"start":{"line":14,"column":11},"end":{"line":14,"column":69}},"type":"cond-expr","locations":[{"start":{"line":14,"column":63},"end":{"line":14,"column":64}},{"start":{"line":14,"column":67},"end":{"line":14,"column":69}}],"line":14},"1":{"loc":{"start":{"line":50,"column":15},"end":{"line":52,"column":26}},"type":"cond-expr","locations":[{"start":{"line":50,"column":21},"end":{"line":52,"column":21}},{"start":{"line":52,"column":22},"end":{"line":52,"column":26}}],"line":50},"2":{"loc":{"start":{"line":56,"column":20},"end":{"line":58,"column":34}},"type":"cond-expr","locations":[{"start":{"line":57,"column":24},"end":{"line":57,"column":60}},{"start":{"line":58,"column":24},"end":{"line":58,"column":34}}],"line":56},"3":{"loc":{"start":{"line":66,"column":20},"end":{"line":68,"column":34}},"type":"cond-expr","locations":[{"start":{"line":67,"column":24},"end":{"line":67,"column":60}},{"start":{"line":68,"column":24},"end":{"line":68,"column":34}}],"line":66},"4":{"loc":{"start":{"line":76,"column":20},"end":{"line":78,"column":34}},"type":"cond-expr","locations":[{"start":{"line":77,"column":24},"end":{"line":77,"column":60}},{"start":{"line":78,"column":24},"end":{"line":78,"column":34}}],"line":76},"5":{"loc":{"start":{"line":89,"column":20},"end":{"line":91,"column":37}},"type":"cond-expr","locations":[{"start":{"line":90,"column":24},"end":{"line":90,"column":67}},{"start":{"line":91,"column":24},"end":{"line":91,"column":37}}],"line":89},"6":{"loc":{"start":{"line":110,"column":20},"end":{"line":112,"column":37}},"type":"cond-expr","locations":[{"start":{"line":111,"column":24},"end":{"line":111,"column":67}},{"start":{"line":112,"column":24},"end":{"line":112,"column":37}}],"line":110},"7":{"loc":{"start":{"line":131,"column":20},"end":{"line":133,"column":37}},"type":"cond-expr","locations":[{"start":{"line":132,"column":24},"end":{"line":132,"column":67}},{"start":{"line":133,"column":24},"end":{"line":133,"column":37}}],"line":131}},"s":{"0":0,"1":0,"2":0,"3":0,"4":0,"5":0,"6":0,"7":0,"8":0,"9":0,"10":0},"f":{"0":0,"1":0,"2":0,"3":0,"4":0,"5":0,"6":0},"b":{"0":[0,0],"1":[0,0],"2":[0,0],"3":[0,0],"4":[0,0],"5":[0,0],"6":[0,0],"7":[0,0]}}
,"C:\\Users\\USUARIO\\Downloads\\Proyectos\\3-Legacy-LMS-Agora\\frontend\\src\\components\\table\\Table.jsx": {"path":"C:\\Users\\USUARIO\\Downloads\\Proyectos\\3-Legacy-LMS-Agora\\frontend\\src\\components\\table\\Table.jsx","statementMap":{"0":{"start":{"line":8,"column":58},"end":{"line":8,"column":63}},"1":{"start":{"line":10,"column":27},"end":{"line":13,"column":4}},"2":{"start":{"line":11,"column":4},"end":{"line":12,"column":13}},"3":{"start":{"line":15,"column":21},"end":{"line":32,"column":3}},"4":{"start":{"line":16,"column":4},"end":{"line":31,"column":7}},"5":{"start":{"line":27,"column":6},"end":{"line":30,"column":7}},"6":{"start":{"line":28,"column":8},"end":{"line":28,"column":27}},"7":{"start":{"line":29,"column":8},"end":{"line":29,"column":75}},"8":{"start":{"line":34,"column":21},"end":{"line":47,"column":3}},"9":{"start":{"line":35,"column":4},"end":{"line":40,"column":5}},"10":{"start":{"line":36,"column":6},"end":{"line":38,"column":9}},"11":{"start":{"line":39,"column":6},"end":{"line":39,"column":18}},"12":{"start":{"line":41,"column":4},"end":{"line":46,"column":5}},"13":{"start":{"line":42,"column":6},"end":{"line":44,"column":9}},"14":{"start":{"line":45,"column":6},"end":{"line":45,"column":18}},"15":{"start":{"line":49,"column":2},"end":{"line":96,"column":4}},"16":{"start":{"line":63,"column":10},"end":{"line":92,"column":12}},"17":{"start":{"line":86,"column":33},"end":{"line":86,"column":52}}},"fnMap":{"0":{"name":"Table","decl":{"start":{"line":7,"column":16},"end":{"line":7,"column":21}},"loc":{"start":{"line":7,"column":29},"end":{"line":97,"column":1}},"line":7},"1":{"name":"(anonymous_1)","decl":{"start":{"line":10,"column":42},"end":{"line":10,"column":43}},"loc":{"start":{"line":10,"column":52},"end":{"line":13,"column":3}},"line":10},"2":{"name":"(anonymous_2)","decl":{"start":{"line":15,"column":21},"end":{"line":15,"column":22}},"loc":{"start":{"line":15,"column":33},"end":{"line":32,"column":3}},"line":15},"3":{"name":"(anonymous_3)","decl":{"start":{"line":26,"column":12},"end":{"line":26,"column":13}},"loc":{"start":{"line":26,"column":24},"end":{"line":31,"column":5}},"line":26},"4":{"name":"(anonymous_4)","decl":{"start":{"line":34,"column":21},"end":{"line":34,"column":22}},"loc":{"start":{"line":34,"column":39},"end":{"line":47,"column":3}},"line":34},"5":{"name":"(anonymous_5)","decl":{"start":{"line":62,"column":30},"end":{"line":62,"column":31}},"loc":{"start":{"line":62,"column":47},"end":{"line":93,"column":9}},"line":62},"6":{"name":"(anonymous_6)","decl":{"start":{"line":86,"column":27},"end":{"line":86,"column":28}},"loc":{"start":{"line":86,"column":33},"end":{"line":86,"column":52}},"line":86}},"branchMap":{"0":{"loc":{"start":{"line":11,"column":11},"end":{"line":12,"column":13}},"type":"cond-expr","locations":[{"start":{"line":12,"column":7},"end":{"line":12,"column":8}},{"start":{"line":12,"column":11},"end":{"line":12,"column":13}}],"line":11},"1":{"loc":{"start":{"line":27,"column":6},"end":{"line":30,"column":7}},"type":"if","locations":[{"start":{"line":27,"column":6},"end":{"line":30,"column":7}},{"start":{},"end":{}}],"line":27},"2":{"loc":{"start":{"line":35,"column":4},"end":{"line":40,"column":5}},"type":"if","locations":[{"start":{"line":35,"column":4},"end":{"line":40,"column":5}},{"start":{},"end":{}}],"line":35},"3":{"loc":{"start":{"line":41,"column":4},"end":{"line":46,"column":5}},"type":"if","locations":[{"start":{"line":41,"column":4},"end":{"line":46,"column":5}},{"start":{},"end":{}}],"line":41},"4":{"loc":{"start":{"line":72,"column":20},"end":{"line":76,"column":27}},"type":"cond-expr","locations":[{"start":{"line":73,"column":24},"end":{"line":73,"column":50}},{"start":{"line":74,"column":24},"end":{"line":76,"column":27}}],"line":72},"5":{"loc":{"start":{"line":74,"column":24},"end":{"line":76,"column":27}},"type":"cond-expr","locations":[{"start":{"line":75,"column":24},"end":{"line":75,"column":49}},{"start":{"line":76,"column":24},"end":{"line":76,"column":27}}],"line":74}},"s":{"0":0,"1":0,"2":0,"3":0,"4":0,"5":0,"6":0,"7":0,"8":0,"9":0,"10":0,"11":0,"12":0,"13":0,"14":0,"15":0,"16":0,"17":0},"f":{"0":0,"1":0,"2":0,"3":0,"4":0,"5":0,"6":0},"b":{"0":[0,0],"1":[0,0],"2":[0,0],"3":[0,0],"4":[0,0],"5":[0,0]}}
,"C:\\Users\\USUARIO\\Downloads\\Proyectos\\3-Legacy-LMS-Agora\\frontend\\src\\redux\\store.js": {"path":"C:\\Users\\USUARIO\\Downloads\\Proyectos\\3-Legacy-LMS-Agora\\frontend\\src\\redux\\store.js","statementMap":{"0":{"start":{"line":6,"column":14},"end":{"line":9,"column":1}},"1":{"start":{"line":12,"column":2},"end":{"line":12,"column":55}}},"fnMap":{"0":{"name":"DataProvider","decl":{"start":{"line":11,"column":9},"end":{"line":11,"column":21}},"loc":{"start":{"line":11,"column":36},"end":{"line":13,"column":1}},"line":11}},"branchMap":{"0":{"loc":{"start":{"line":8,"column":2},"end":{"line":8,"column":78}},"type":"binary-expr","locations":[{"start":{"line":8,"column":2},"end":{"line":8,"column":37}},{"start":{"line":8,"column":41},"end":{"line":8,"column":78}}],"line":8}},"s":{"0":0,"1":0},"f":{"0":0},"b":{"0":[0,0]}}
,"C:\\Users\\USUARIO\\Downloads\\Proyectos\\3-Legacy-LMS-Agora\\frontend\\src\\views\\activities\\grade\\Grade.jsx": {"path":"C:\\Users\\USUARIO\\Downloads\\Proyectos\\3-Legacy-LMS-Agora\\frontend\\src\\views\\activities\\grade\\Grade.jsx","statementMap":{"0":{"start":{"line":9,"column":15},"end":{"line":9,"column":49}},"1":{"start":{"line":9,"column":38},"end":{"line":9,"column":48}},"2":{"start":{"line":10,"column":18},"end":{"line":10,"column":30}},"3":{"start":{"line":11,"column":17},"end":{"line":11,"column":30}},"4":{"start":{"line":12,"column":17},"end":{"line":12,"column":28}},"5":{"start":{"line":13,"column":21},"end":{"line":13,"column":30}},"6":{"start":{"line":14,"column":15},"end":{"line":14,"column":26}},"7":{"start":{"line":15,"column":19},"end":{"line":15,"column":32}},"8":{"start":{"line":16,"column":34},"end":{"line":16,"column":46}},"9":{"start":{"line":17,"column":33},"end":{"line":17,"column":45}},"10":{"start":{"line":18,"column":42},"end":{"line":18,"column":54}},"11":{"start":{"line":20,"column":24},"end":{"line":25,"column":3}},"12":{"start":{"line":21,"column":16},"end":{"line":23,"column":6}},"13":{"start":{"line":24,"column":4},"end":{"line":24,"column":26}},"14":{"start":{"line":26,"column":24},"end":{"line":34,"column":3}},"15":{"start":{"line":27,"column":16},"end":{"line":29,"column":6}},"16":{"start":{"line":30,"column":24},"end":{"line":30,"column":32}},"17":{"start":{"line":31,"column":15},"end":{"line":31,"column":53}},"18":{"start":{"line":31,"column":41},"end":{"line":31,"column":52}},"19":{"start":{"line":32,"column":16},"end":{"line":32,"column":64}},"20":{"start":{"line":32,"column":40},"end":{"line":32,"column":63}},"21":{"start":{"line":33,"column":4},"end":{"line":33,"column":20}},"22":{"start":{"line":36,"column":28},"end":{"line":49,"column":3}},"23":{"start":{"line":37,"column":16},"end":{"line":39,"column":6}},"24":{"start":{"line":40,"column":4},"end":{"line":42,"column":5}},"25":{"start":{"line":41,"column":6},"end":{"line":41,"column":45}},"26":{"start":{"line":43,"column":4},"end":{"line":45,"column":5}},"27":{"start":{"line":44,"column":6},"end":{"line":44,"column":46}},"28":{"start":{"line":46,"column":4},"end":{"line":48,"column":5}},"29":{"start":{"line":47,"column":6},"end":{"line":47,"column":43}},"30":{"start":{"line":51,"column":2},"end":{"line":55,"column":44}},"31":{"start":{"line":52,"column":4},"end":{"line":52,"column":49}},"32":{"start":{"line":53,"column":4},"end":{"line":53,"column":39}},"33":{"start":{"line":54,"column":4},"end":{"line":54,"column":37}},"34":{"start":{"line":57,"column":27},"end":{"line":59,"column":4}},"35":{"start":{"line":58,"column":4},"end":{"line":58,"column":72}},"36":{"start":{"line":60,"column":2},"end":{"line":103,"column":4}},"37":{"start":{"line":63,"column":64},"end":{"line":63,"column":76}},"38":{"start":{"line":80,"column":12},"end":{"line":97,"column":14}},"39":{"start":{"line":85,"column":40},"end":{"line":85,"column":53}}},"fnMap":{"0":{"name":"Grade","decl":{"start":{"line":8,"column":16},"end":{"line":8,"column":21}},"loc":{"start":{"line":8,"column":24},"end":{"line":104,"column":1}},"line":8},"1":{"name":"(anonymous_1)","decl":{"start":{"line":9,"column":27},"end":{"line":9,"column":28}},"loc":{"start":{"line":9,"column":38},"end":{"line":9,"column":48}},"line":9},"2":{"name":"(anonymous_2)","decl":{"start":{"line":20,"column":24},"end":{"line":20,"column":25}},"loc":{"start":{"line":20,"column":43},"end":{"line":25,"column":3}},"line":20},"3":{"name":"(anonymous_3)","decl":{"start":{"line":26,"column":24},"end":{"line":26,"column":25}},"loc":{"start":{"line":26,"column":43},"end":{"line":34,"column":3}},"line":26},"4":{"name":"(anonymous_4)","decl":{"start":{"line":31,"column":31},"end":{"line":31,"column":32}},"loc":{"start":{"line":31,"column":41},"end":{"line":31,"column":52}},"line":31},"5":{"name":"(anonymous_5)","decl":{"start":{"line":32,"column":26},"end":{"line":32,"column":27}},"loc":{"start":{"line":32,"column":40},"end":{"line":32,"column":63}},"line":32},"6":{"name":"(anonymous_6)","decl":{"start":{"line":36,"column":28},"end":{"line":36,"column":29}},"loc":{"start":{"line":36,"column":63},"end":{"line":49,"column":3}},"line":36},"7":{"name":"(anonymous_7)","decl":{"start":{"line":51,"column":12},"end":{"line":51,"column":13}},"loc":{"start":{"line":51,"column":18},"end":{"line":55,"column":3}},"line":51},"8":{"name":"(anonymous_8)","decl":{"start":{"line":57,"column":41},"end":{"line":57,"column":42}},"loc":{"start":{"line":57,"column":51},"end":{"line":59,"column":3}},"line":57},"9":{"name":"(anonymous_9)","decl":{"start":{"line":63,"column":58},"end":{"line":63,"column":59}},"loc":{"start":{"line":63,"column":64},"end":{"line":63,"column":76}},"line":63},"10":{"name":"(anonymous_10)","decl":{"start":{"line":79,"column":32},"end":{"line":79,"column":33}},"loc":{"start":{"line":79,"column":49},"end":{"line":98,"column":11}},"line":79},"11":{"name":"(anonymous_11)","decl":{"start":{"line":85,"column":33},"end":{"line":85,"column":34}},"loc":{"start":{"line":85,"column":40},"end":{"line":85,"column":53}},"line":85}},"branchMap":{"0":{"loc":{"start":{"line":40,"column":4},"end":{"line":42,"column":5}},"type":"if","locations":[{"start":{"line":40,"column":4},"end":{"line":42,"column":5}},{"start":{},"end":{}}],"line":40},"1":{"loc":{"start":{"line":43,"column":4},"end":{"line":45,"column":5}},"type":"if","locations":[{"start":{"line":43,"column":4},"end":{"line":45,"column":5}},{"start":{},"end":{}}],"line":43},"2":{"loc":{"start":{"line":46,"column":4},"end":{"line":48,"column":5}},"type":"if","locations":[{"start":{"line":46,"column":4},"end":{"line":48,"column":5}},{"start":{},"end":{}}],"line":46},"3":{"loc":{"start":{"line":58,"column":11},"end":{"line":58,"column":71}},"type":"cond-expr","locations":[{"start":{"line":58,"column":65},"end":{"line":58,"column":66}},{"start":{"line":58,"column":69},"end":{"line":58,"column":71}}],"line":58},"4":{"loc":{"start":{"line":85,"column":19},"end":{"line":87,"column":34}},"type":"cond-expr","locations":[{"start":{"line":86,"column":22},"end":{"line":86,"column":31}},{"start":{"line":87,"column":22},"end":{"line":87,"column":34}}],"line":85}},"s":{"0":0,"1":0,"2":0,"3":0,"4":0,"5":0,"6":0,"7":0,"8":0,"9":0,"10":0,"11":0,"12":0,"13":0,"14":0,"15":0,"16":0,"17":0,"18":0,"19":0,"20":0,"21":0,"22":0,"23":0,"24":0,"25":0,"26":0,"27":0,"28":0,"29":0,"30":0,"31":0,"32":0,"33":0,"34":0,"35":0,"36":0,"37":0,"38":0,"39":0},"f":{"0":0,"1":0,"2":0,"3":0,"4":0,"5":0,"6":0,"7":0,"8":0,"9":0,"10":0,"11":0},"b":{"0":[0,0],"1":[0,0],"2":[0,0],"3":[0,0],"4":[0,0]}}
,"C:\\Users\\USUARIO\\Downloads\\Proyectos\\3-Legacy-LMS-Agora\\frontend\\src\\views\\activities\\projects\\createProject\\CreateProject.jsx": {"path":"C:\\Users\\USUARIO\\Downloads\\Proyectos\\3-Legacy-LMS-Agora\\frontend\\src\\views\\activities\\projects\\createProject\\CreateProject.jsx","statementMap":{"0":{"start":{"line":12,"column":21},"end":{"line":29,"column":1}},"1":{"start":{"line":32,"column":15},"end":{"line":32,"column":49}},"2":{"start":{"line":32,"column":38},"end":{"line":32,"column":48}},"3":{"start":{"line":33,"column":17},"end":{"line":33,"column":29}},"4":{"start":{"line":34,"column":17},"end":{"line":34,"column":28}},"5":{"start":{"line":35,"column":19},"end":{"line":35,"column":28}},"6":{"start":{"line":36,"column":17},"end":{"line":36,"column":30}},"7":{"start":{"line":37,"column":32},"end":{"line":37,"column":54}},"8":{"start":{"line":38,"column":28},"end":{"line":38,"column":38}},"9":{"start":{"line":39,"column":52},"end":{"line":39,"column":64}},"10":{"start":{"line":40,"column":29},"end":{"line":42,"column":4}},"11":{"start":{"line":41,"column":4},"end":{"line":41,"column":70}},"12":{"start":{"line":43,"column":54},"end":{"line":47,"column":4}},"13":{"start":{"line":48,"column":36},"end":{"line":48,"column":48}},"14":{"start":{"line":49,"column":46},"end":{"line":49,"column":58}},"15":{"start":{"line":67,"column":6},"end":{"line":67,"column":13}},"16":{"start":{"line":68,"column":38},"end":{"line":71,"column":4}},"17":{"start":{"line":72,"column":29},"end":{"line":72,"column":39}},"18":{"start":{"line":75,"column":33},"end":{"line":83,"column":3}},"19":{"start":{"line":76,"column":33},"end":{"line":81,"column":5}},"20":{"start":{"line":82,"column":4},"end":{"line":82,"column":52}},"21":{"start":{"line":86,"column":34},"end":{"line":88,"column":3}},"22":{"start":{"line":87,"column":4},"end":{"line":87,"column":76}},"23":{"start":{"line":90,"column":29},"end":{"line":96,"column":3}},"24":{"start":{"line":91,"column":4},"end":{"line":95,"column":7}},"25":{"start":{"line":99,"column":22},"end":{"line":108,"column":3}},"26":{"start":{"line":100,"column":28},"end":{"line":100,"column":36}},"27":{"start":{"line":101,"column":4},"end":{"line":106,"column":7}},"28":{"start":{"line":107,"column":4},"end":{"line":107,"column":20}},"29":{"start":{"line":110,"column":28},"end":{"line":113,"column":3}},"30":{"start":{"line":111,"column":28},"end":{"line":111,"column":36}},"31":{"start":{"line":112,"column":4},"end":{"line":112,"column":68}},"32":{"start":{"line":115,"column":28},"end":{"line":117,"column":3}},"33":{"start":{"line":116,"column":4},"end":{"line":116,"column":33}},"34":{"start":{"line":119,"column":27},"end":{"line":127,"column":3}},"35":{"start":{"line":120,"column":28},"end":{"line":120,"column":36}},"36":{"start":{"line":121,"column":4},"end":{"line":126,"column":7}},"37":{"start":{"line":128,"column":24},"end":{"line":137,"column":3}},"38":{"start":{"line":129,"column":4},"end":{"line":136,"column":5}},"39":{"start":{"line":130,"column":6},"end":{"line":135,"column":9}},"40":{"start":{"line":139,"column":23},"end":{"line":149,"column":3}},"41":{"start":{"line":140,"column":4},"end":{"line":148,"column":5}},"42":{"start":{"line":141,"column":6},"end":{"line":146,"column":9}},"43":{"start":{"line":147,"column":6},"end":{"line":147,"column":23}},"44":{"start":{"line":151,"column":29},"end":{"line":173,"column":3}},"45":{"start":{"line":152,"column":4},"end":{"line":172,"column":5}},"46":{"start":{"line":157,"column":6},"end":{"line":157,"column":68}},"47":{"start":{"line":157,"column":34},"end":{"line":157,"column":66}},"48":{"start":{"line":158,"column":6},"end":{"line":171,"column":9}},"49":{"start":{"line":175,"column":26},"end":{"line":180,"column":3}},"50":{"start":{"line":176,"column":4},"end":{"line":179,"column":7}},"51":{"start":{"line":178,"column":42},"end":{"line":178,"column":52}},"52":{"start":{"line":182,"column":27},"end":{"line":188,"column":3}},"53":{"start":{"line":183,"column":4},"end":{"line":186,"column":7}},"54":{"start":{"line":185,"column":42},"end":{"line":185,"column":65}},"55":{"start":{"line":187,"column":4},"end":{"line":187,"column":64}},"56":{"start":{"line":187,"column":51},"end":{"line":187,"column":61}},"57":{"start":{"line":189,"column":2},"end":{"line":191,"column":25}},"58":{"start":{"line":190,"column":4},"end":{"line":190,"column":45}},"59":{"start":{"line":194,"column":23},"end":{"line":243,"column":3}},"60":{"start":{"line":195,"column":4},"end":{"line":195,"column":23}},"61":{"start":{"line":196,"column":4},"end":{"line":201,"column":7}},"62":{"start":{"line":199,"column":8},"end":{"line":199,"column":40}},"63":{"start":{"line":202,"column":4},"end":{"line":242,"column":5}},"64":{"start":{"line":203,"column":6},"end":{"line":233,"column":7}},"65":{"start":{"line":204,"column":20},"end":{"line":229,"column":9}},"66":{"start":{"line":230,"column":8},"end":{"line":230,"column":94}},"67":{"start":{"line":231,"column":8},"end":{"line":231,"column":67}},"68":{"start":{"line":232,"column":8},"end":{"line":232,"column":33}},"69":{"start":{"line":235,"column":6},"end":{"line":235,"column":40}},"70":{"start":{"line":236,"column":6},"end":{"line":241,"column":11}},"71":{"start":{"line":244,"column":2},"end":{"line":757,"column":4}},"72":{"start":{"line":247,"column":63},"end":{"line":247,"column":75}},"73":{"start":{"line":309,"column":35},"end":{"line":309,"column":61}},"74":{"start":{"line":318,"column":22},"end":{"line":337,"column":28}},"75":{"start":{"line":333,"column":41},"end":{"line":333,"column":75}},"76":{"start":{"line":370,"column":33},"end":{"line":370,"column":60}},"77":{"start":{"line":378,"column":22},"end":{"line":389,"column":28}},"78":{"start":{"line":385,"column":41},"end":{"line":385,"column":77}},"79":{"start":{"line":429,"column":31},"end":{"line":429,"column":64}},"80":{"start":{"line":438,"column":18},"end":{"line":449,"column":24}},"81":{"start":{"line":445,"column":37},"end":{"line":445,"column":79}},"82":{"start":{"line":465,"column":31},"end":{"line":465,"column":68}},"83":{"start":{"line":473,"column":20},"end":{"line":486,"column":26}},"84":{"start":{"line":481,"column":26},"end":{"line":481,"column":72}},"85":{"start":{"line":502,"column":31},"end":{"line":502,"column":63}},"86":{"start":{"line":510,"column":20},"end":{"line":523,"column":26}},"87":{"start":{"line":518,"column":26},"end":{"line":518,"column":67}},"88":{"start":{"line":539,"column":31},"end":{"line":539,"column":63}},"89":{"start":{"line":547,"column":20},"end":{"line":560,"column":26}},"90":{"start":{"line":555,"column":26},"end":{"line":555,"column":67}},"91":{"start":{"line":576,"column":31},"end":{"line":576,"column":67}},"92":{"start":{"line":584,"column":20},"end":{"line":597,"column":26}},"93":{"start":{"line":592,"column":26},"end":{"line":592,"column":71}},"94":{"start":{"line":613,"column":31},"end":{"line":613,"column":65}},"95":{"start":{"line":621,"column":20},"end":{"line":634,"column":26}},"96":{"start":{"line":629,"column":26},"end":{"line":629,"column":69}},"97":{"start":{"line":652,"column":31},"end":{"line":652,"column":66}},"98":{"start":{"line":660,"column":20},"end":{"line":673,"column":26}},"99":{"start":{"line":668,"column":26},"end":{"line":668,"column":70}},"100":{"start":{"line":690,"column":22},"end":{"line":692,"column":31}},"101":{"start":{"line":715,"column":33},"end":{"line":715,"column":66}},"102":{"start":{"line":724,"column":20},"end":{"line":744,"column":26}},"103":{"start":{"line":739,"column":26},"end":{"line":739,"column":76}}},"fnMap":{"0":{"name":"CreateProject","decl":{"start":{"line":31,"column":16},"end":{"line":31,"column":29}},"loc":{"start":{"line":31,"column":32},"end":{"line":758,"column":1}},"line":31},"1":{"name":"(anonymous_1)","decl":{"start":{"line":32,"column":27},"end":{"line":32,"column":28}},"loc":{"start":{"line":32,"column":38},"end":{"line":32,"column":48}},"line":32},"2":{"name":"(anonymous_2)","decl":{"start":{"line":40,"column":52},"end":{"line":40,"column":53}},"loc":{"start":{"line":40,"column":62},"end":{"line":42,"column":3}},"line":40},"3":{"name":"(anonymous_3)","decl":{"start":{"line":75,"column":33},"end":{"line":75,"column":34}},"loc":{"start":{"line":75,"column":52},"end":{"line":83,"column":3}},"line":75},"4":{"name":"(anonymous_4)","decl":{"start":{"line":86,"column":34},"end":{"line":86,"column":35}},"loc":{"start":{"line":86,"column":41},"end":{"line":88,"column":3}},"line":86},"5":{"name":"(anonymous_5)","decl":{"start":{"line":90,"column":29},"end":{"line":90,"column":30}},"loc":{"start":{"line":90,"column":36},"end":{"line":96,"column":3}},"line":90},"6":{"name":"(anonymous_6)","decl":{"start":{"line":99,"column":22},"end":{"line":99,"column":23}},"loc":{"start":{"line":99,"column":29},"end":{"line":108,"column":3}},"line":99},"7":{"name":"(anonymous_7)","decl":{"start":{"line":110,"column":28},"end":{"line":110,"column":29}},"loc":{"start":{"line":110,"column":35},"end":{"line":113,"column":3}},"line":110},"8":{"name":"(anonymous_8)","decl":{"start":{"line":115,"column":28},"end":{"line":115,"column":29}},"loc":{"start":{"line":115,"column":35},"end":{"line":117,"column":3}},"line":115},"9":{"name":"(anonymous_9)","decl":{"start":{"line":119,"column":27},"end":{"line":119,"column":28}},"loc":{"start":{"line":119,"column":34},"end":{"line":127,"column":3}},"line":119},"10":{"name":"(anonymous_10)","decl":{"start":{"line":128,"column":24},"end":{"line":128,"column":25}},"loc":{"start":{"line":128,"column":34},"end":{"line":137,"column":3}},"line":128},"11":{"name":"(anonymous_11)","decl":{"start":{"line":139,"column":23},"end":{"line":139,"column":24}},"loc":{"start":{"line":139,"column":33},"end":{"line":149,"column":3}},"line":139},"12":{"name":"(anonymous_12)","decl":{"start":{"line":151,"column":29},"end":{"line":151,"column":30}},"loc":{"start":{"line":151,"column":39},"end":{"line":173,"column":3}},"line":151},"13":{"name":"(anonymous_13)","decl":{"start":{"line":157,"column":24},"end":{"line":157,"column":25}},"loc":{"start":{"line":157,"column":34},"end":{"line":157,"column":66}},"line":157},"14":{"name":"(anonymous_14)","decl":{"start":{"line":175,"column":26},"end":{"line":175,"column":27}},"loc":{"start":{"line":175,"column":42},"end":{"line":180,"column":3}},"line":175},"15":{"name":"(anonymous_15)","decl":{"start":{"line":178,"column":35},"end":{"line":178,"column":36}},"loc":{"start":{"line":178,"column":42},"end":{"line":178,"column":52}},"line":178},"16":{"name":"(anonymous_16)","decl":{"start":{"line":182,"column":27},"end":{"line":182,"column":28}},"loc":{"start":{"line":182,"column":43},"end":{"line":188,"column":3}},"line":182},"17":{"name":"(anonymous_17)","decl":{"start":{"line":185,"column":35},"end":{"line":185,"column":36}},"loc":{"start":{"line":185,"column":42},"end":{"line":185,"column":65}},"line":185},"18":{"name":"(anonymous_18)","decl":{"start":{"line":187,"column":44},"end":{"line":187,"column":45}},"loc":{"start":{"line":187,"column":51},"end":{"line":187,"column":61}},"line":187},"19":{"name":"(anonymous_19)","decl":{"start":{"line":189,"column":12},"end":{"line":189,"column":13}},"loc":{"start":{"line":189,"column":18},"end":{"line":191,"column":3}},"line":189},"20":{"name":"(anonymous_20)","decl":{"start":{"line":194,"column":23},"end":{"line":194,"column":24}},"loc":{"start":{"line":194,"column":36},"end":{"line":243,"column":3}},"line":194},"21":{"name":"(anonymous_21)","decl":{"start":{"line":198,"column":44},"end":{"line":198,"column":45}},"loc":{"start":{"line":198,"column":54},"end":{"line":200,"column":7}},"line":198},"22":{"name":"(anonymous_22)","decl":{"start":{"line":247,"column":57},"end":{"line":247,"column":58}},"loc":{"start":{"line":247,"column":63},"end":{"line":247,"column":75}},"line":247},"23":{"name":"(anonymous_23)","decl":{"start":{"line":309,"column":29},"end":{"line":309,"column":30}},"loc":{"start":{"line":309,"column":35},"end":{"line":309,"column":61}},"line":309},"24":{"name":"(anonymous_24)","decl":{"start":{"line":317,"column":34},"end":{"line":317,"column":35}},"loc":{"start":{"line":318,"column":22},"end":{"line":337,"column":28}},"line":318},"25":{"name":"(anonymous_25)","decl":{"start":{"line":333,"column":35},"end":{"line":333,"column":36}},"loc":{"start":{"line":333,"column":41},"end":{"line":333,"column":75}},"line":333},"26":{"name":"(anonymous_26)","decl":{"start":{"line":370,"column":27},"end":{"line":370,"column":28}},"loc":{"start":{"line":370,"column":33},"end":{"line":370,"column":60}},"line":370},"27":{"name":"(anonymous_27)","decl":{"start":{"line":377,"column":36},"end":{"line":377,"column":37}},"loc":{"start":{"line":378,"column":22},"end":{"line":389,"column":28}},"line":378},"28":{"name":"(anonymous_28)","decl":{"start":{"line":385,"column":35},"end":{"line":385,"column":36}},"loc":{"start":{"line":385,"column":41},"end":{"line":385,"column":77}},"line":385},"29":{"name":"(anonymous_29)","decl":{"start":{"line":429,"column":25},"end":{"line":429,"column":26}},"loc":{"start":{"line":429,"column":31},"end":{"line":429,"column":64}},"line":429},"30":{"name":"(anonymous_30)","decl":{"start":{"line":437,"column":38},"end":{"line":437,"column":39}},"loc":{"start":{"line":438,"column":18},"end":{"line":449,"column":24}},"line":438},"31":{"name":"(anonymous_31)","decl":{"start":{"line":445,"column":31},"end":{"line":445,"column":32}},"loc":{"start":{"line":445,"column":37},"end":{"line":445,"column":79}},"line":445},"32":{"name":"(anonymous_32)","decl":{"start":{"line":465,"column":25},"end":{"l
[...]
,"C:\\Users\\USUARIO\\Downloads\\Proyectos\\3-Legacy-LMS-Agora\\frontend\\src\\views\\competences\\CompetencesLabel.jsx": {"path":"C:\\Users\\USUARIO\\Downloads\\Proyectos\\3-Legacy-LMS-Agora\\frontend\\src\\views\\competences\\CompetencesLabel.jsx","statementMap":{"0":{"start":{"line":14,"column":6},"end":{"line":14,"column":11}},"1":{"start":{"line":16,"column":21},"end":{"line":33,"column":3}},"2":{"start":{"line":17,"column":4},"end":{"line":32,"column":7}},"3":{"start":{"line":28,"column":6},"end":{"line":31,"column":7}},"4":{"start":{"line":29,"column":8},"end":{"line":29,"column":33}},"5":{"start":{"line":30,"column":8},"end":{"line":30,"column":79}},"6":{"start":{"line":35,"column":27},"end":{"line":42,"column":3}},"7":{"start":{"line":36,"column":4},"end":{"line":41,"column":5}},"8":{"start":{"line":37,"column":6},"end":{"line":39,"column":9}},"9":{"start":{"line":40,"column":6},"end":{"line":40,"column":30}},"10":{"start":{"line":44,"column":2},"end":{"line":62,"column":4}},"11":{"start":{"line":57,"column":23},"end":{"line":57,"column":47}}},"fnMap":{"0":{"name":"CompetencesLabel","decl":{"start":{"line":7,"column":16},"end":{"line":7,"column":32}},"loc":{"start":{"line":7,"column":40},"end":{"line":63,"column":1}},"line":7},"1":{"name":"(anonymous_1)","decl":{"start":{"line":16,"column":21},"end":{"line":16,"column":22}},"loc":{"start":{"line":16,"column":33},"end":{"line":33,"column":3}},"line":16},"2":{"name":"(anonymous_2)","decl":{"start":{"line":27,"column":12},"end":{"line":27,"column":13}},"loc":{"start":{"line":27,"column":24},"end":{"line":32,"column":5}},"line":27},"3":{"name":"(anonymous_3)","decl":{"start":{"line":35,"column":27},"end":{"line":35,"column":28}},"loc":{"start":{"line":35,"column":51},"end":{"line":42,"column":3}},"line":35},"4":{"name":"(anonymous_4)","decl":{"start":{"line":57,"column":17},"end":{"line":57,"column":18}},"loc":{"start":{"line":57,"column":23},"end":{"line":57,"column":47}},"line":57}},"branchMap":{"0":{"loc":{"start":{"line":28,"column":6},"end":{"line":31,"column":7}},"type":"if","locations":[{"start":{"line":28,"column":6},"end":{"line":31,"column":7}},{"start":{},"end":{}}],"line":28},"1":{"loc":{"start":{"line":36,"column":4},"end":{"line":41,"column":5}},"type":"if","locations":[{"start":{"line":36,"column":4},"end":{"line":41,"column":5}},{"start":{},"end":{}}],"line":36}},"s":{"0":0,"1":0,"2":0,"3":0,"4":0,"5":0,"6":0,"7":0,"8":0,"9":0,"10":0,"11":0},"f":{"0":0,"1":0,"2":0,"3":0,"4":0},"b":{"0":[0,0],"1":[0,0]}}
,"C:\\Users\\USUARIO\\Downloads\\Proyectos\\3-Legacy-LMS-Agora\\frontend\\src\\views\\competences\\CompetencesUpdate.jsx": {"path":"C:\\Users\\USUARIO\\Downloads\\Proyectos\\3-Legacy-LMS-Agora\\frontend\\src\\views\\competences\\CompetencesUpdate.jsx","statementMap":{"0":{"start":{"line":11,"column":15},"end":{"line":11,"column":49}},"1":{"start":{"line":11,"column":38},"end":{"line":11,"column":48}},"2":{"start":{"line":12,"column":18},"end":{"line":12,"column":30}},"3":{"start":{"line":13,"column":17},"end":{"line":13,"column":28}},"4":{"start":{"line":14,"column":29},"end":{"line":14,"column":38}},"5":{"start":{"line":16,"column":34},"end":{"line":16,"column":46}},"6":{"start":{"line":17,"column":34},"end":{"line":17,"column":46}},"7":{"start":{"line":18,"column":38},"end":{"line":18,"column":50}},"8":{"start":{"line":19,"column":40},"end":{"line":19,"column":52}},"9":{"start":{"line":21,"column":30},"end":{"line":21,"column":41}},"10":{"start":{"line":23,"column":44},"end":{"line":23,"column":52}},"11":{"start":{"line":25,"column":44},"end":{"line":25,"column":52}},"12":{"start":{"line":27,"column":44},"end":{"line":27,"column":54}},"13":{"start":{"line":29,"column":17},"end":{"line":29,"column":30}},"14":{"start":{"line":31,"column":32},"end":{"line":42,"column":3}},"15":{"start":{"line":32,"column":33},"end":{"line":37,"column":5}},"16":{"start":{"line":38,"column":4},"end":{"line":38,"column":52}},"17":{"start":{"line":39,"column":4},"end":{"line":39,"column":52}},"18":{"start":{"line":40,"column":4},"end":{"line":40,"column":56}},"19":{"start":{"line":41,"column":4},"end":{"line":41,"column":98}},"20":{"start":{"line":44,"column":36},"end":{"line":47,"column":3}},"21":{"start":{"line":45,"column":28},"end":{"line":45,"column":36}},"22":{"start":{"line":46,"column":4},"end":{"line":46,"column":70}},"23":{"start":{"line":49,"column":36},"end":{"line":52,"column":3}},"24":{"start":{"line":50,"column":28},"end":{"line":50,"column":36}},"25":{"start":{"line":51,"column":4},"end":{"line":51,"column":70}},"26":{"start":{"line":53,"column":38},"end":{"line":56,"column":3}},"27":{"start":{"line":54,"column":28},"end":{"line":54,"column":36}},"28":{"start":{"line":55,"column":4},"end":{"line":55,"column":74}},"29":{"start":{"line":57,"column":27},"end":{"line":60,"column":3}},"30":{"start":{"line":58,"column":28},"end":{"line":58,"column":36}},"31":{"start":{"line":59,"column":4},"end":{"line":59,"column":76}},"32":{"start":{"line":62,"column":2},"end":{"line":64,"column":36}},"33":{"start":{"line":63,"column":4},"end":{"line":63,"column":54}},"34":{"start":{"line":66,"column":23},"end":{"line":95,"column":3}},"35":{"start":{"line":67,"column":4},"end":{"line":67,"column":23}},"36":{"start":{"line":69,"column":4},"end":{"line":94,"column":5}},"37":{"start":{"line":70,"column":6},"end":{"line":85,"column":7}},"38":{"start":{"line":71,"column":20},"end":{"line":82,"column":9}},"39":{"start":{"line":83,"column":8},"end":{"line":83,"column":117}},"40":{"start":{"line":84,"column":8},"end":{"line":84,"column":75}},"41":{"start":{"line":87,"column":6},"end":{"line":87,"column":40}},"42":{"start":{"line":88,"column":6},"end":{"line":93,"column":11}},"43":{"start":{"line":97,"column":2},"end":{"line":177,"column":4}},"44":{"start":{"line":101,"column":66},"end":{"line":101,"column":78}}},"fnMap":{"0":{"name":"CompetencesUpdate","decl":{"start":{"line":10,"column":16},"end":{"line":10,"column":33}},"loc":{"start":{"line":10,"column":36},"end":{"line":178,"column":1}},"line":10},"1":{"name":"(anonymous_1)","decl":{"start":{"line":11,"column":27},"end":{"line":11,"column":28}},"loc":{"start":{"line":11,"column":38},"end":{"line":11,"column":48}},"line":11},"2":{"name":"(anonymous_2)","decl":{"start":{"line":31,"column":32},"end":{"line":31,"column":33}},"loc":{"start":{"line":31,"column":51},"end":{"line":42,"column":3}},"line":31},"3":{"name":"(anonymous_3)","decl":{"start":{"line":44,"column":36},"end":{"line":44,"column":37}},"loc":{"start":{"line":44,"column":43},"end":{"line":47,"column":3}},"line":44},"4":{"name":"(anonymous_4)","decl":{"start":{"line":49,"column":36},"end":{"line":49,"column":37}},"loc":{"start":{"line":49,"column":43},"end":{"line":52,"column":3}},"line":49},"5":{"name":"(anonymous_5)","decl":{"start":{"line":53,"column":38},"end":{"line":53,"column":39}},"loc":{"start":{"line":53,"column":45},"end":{"line":56,"column":3}},"line":53},"6":{"name":"(anonymous_6)","decl":{"start":{"line":57,"column":27},"end":{"line":57,"column":28}},"loc":{"start":{"line":57,"column":34},"end":{"line":60,"column":3}},"line":57},"7":{"name":"(anonymous_7)","decl":{"start":{"line":62,"column":12},"end":{"line":62,"column":13}},"loc":{"start":{"line":62,"column":18},"end":{"line":64,"column":3}},"line":62},"8":{"name":"(anonymous_8)","decl":{"start":{"line":66,"column":23},"end":{"line":66,"column":24}},"loc":{"start":{"line":66,"column":36},"end":{"line":95,"column":3}},"line":66},"9":{"name":"(anonymous_9)","decl":{"start":{"line":101,"column":60},"end":{"line":101,"column":61}},"loc":{"start":{"line":101,"column":66},"end":{"line":101,"column":78}},"line":101}},"branchMap":{"0":{"loc":{"start":{"line":70,"column":6},"end":{"line":85,"column":7}},"type":"if","locations":[{"start":{"line":70,"column":6},"end":{"line":85,"column":7}},{"start":{},"end":{}}],"line":70},"1":{"loc":{"start":{"line":88,"column":6},"end":{"line":93,"column":10}},"type":"binary-expr","locations":[{"start":{"line":88,"column":6},"end":{"line":88,"column":27}},{"start":{"line":89,"column":8},"end":{"line":93,"column":10}}],"line":88}},"s":{"0":0,"1":0,"2":0,"3":0,"4":0,"5":0,"6":0,"7":0,"8":0,"9":0,"10":0,"11":0,"12":0,"13":0,"14":0,"15":0,"16":0,"17":0,"18":0,"19":0,"20":0,"21":0,"22":0,"23":0,"24":0,"25":0,"26":0,"27":0,"28":0,"29":0,"30":0,"31":0,"32":0,"33":0,"34":0,"35":0,"36":0,"37":0,"38":0,"39":0,"40":0,"41":0,"42":0,"43":0,"44":0},"f":{"0":0,"1":0,"2":0,"3":0,"4":0,"5":0,"6":0,"7":0,"8":0,"9":0},"b":{"0":[0,0],"1":[0,0]}}
,"C:\\Users\\USUARIO\\Downloads\\Proyectos\\3-Legacy-LMS-Agora\\frontend\\src\\views\\dashboard\\dashboardCohort\\DashboardCohort.jsx": {"path":"C:\\Users\\USUARIO\\Downloads\\Proyectos\\3-Legacy-LMS-Agora\\frontend\\src\\views\\dashboard\\dashboardCohort\\DashboardCohort.jsx","statementMap":{"0":{"start":{"line":12,"column":15},"end":{"line":12,"column":49}},"1":{"start":{"line":12,"column":38},"end":{"line":12,"column":48}},"2":{"start":{"line":13,"column":17},"end":{"line":13,"column":29}},"3":{"start":{"line":14,"column":17},"end":{"line":14,"column":28}},"4":{"start":{"line":15,"column":19},"end":{"line":15,"column":28}},"5":{"start":{"line":16,"column":17},"end":{"line":16,"column":30}},"6":{"start":{"line":17,"column":52},"end":{"line":17,"column":64}},"7":{"start":{"line":18,"column":30},"end":{"line":18,"column":42}},"8":{"start":{"line":20,"column":33},"end":{"line":29,"column":3}},"9":{"start":{"line":21,"column":33},"end":{"line":26,"column":5}},"10":{"start":{"line":27,"column":16},"end":{"line":27,"column":41}},"11":{"start":{"line":28,"column":4},"end":{"line":28,"column":30}},"12":{"start":{"line":31,"column":22},"end":{"line":36,"column":3}},"13":{"start":{"line":32,"column":16},"end":{"line":34,"column":6}},"14":{"start":{"line":35,"column":4},"end":{"line":35,"column":24}},"15":{"start":{"line":39,"column":2},"end":{"line":42,"column":25}},"16":{"start":{"line":40,"column":4},"end":{"line":40,"column":45}},"17":{"start":{"line":41,"column":4},"end":{"line":41,"column":34}},"18":{"start":{"line":43,"column":2},"end":{"line":55,"column":4}},"19":{"start":{"line":45,"column":62},"end":{"line":45,"column":74}}},"fnMap":{"0":{"name":"DashboardCohort","decl":{"start":{"line":11,"column":16},"end":{"line":11,"column":31}},"loc":{"start":{"line":11,"column":34},"end":{"line":56,"column":1}},"line":11},"1":{"name":"(anonymous_1)","decl":{"start":{"line":12,"column":27},"end":{"line":12,"column":28}},"loc":{"start":{"line":12,"column":38},"end":{"line":12,"column":48}},"line":12},"2":{"name":"(anonymous_2)","decl":{"start":{"line":20,"column":33},"end":{"line":20,"column":34}},"loc":{"start":{"line":20,"column":52},"end":{"line":29,"column":3}},"line":20},"3":{"name":"(anonymous_3)","decl":{"start":{"line":31,"column":22},"end":{"line":31,"column":23}},"loc":{"start":{"line":31,"column":41},"end":{"line":36,"column":3}},"line":31},"4":{"name":"(anonymous_4)","decl":{"start":{"line":39,"column":12},"end":{"line":39,"column":13}},"loc":{"start":{"line":39,"column":18},"end":{"line":42,"column":3}},"line":39},"5":{"name":"(anonymous_5)","decl":{"start":{"line":45,"column":56},"end":{"line":45,"column":57}},"loc":{"start":{"line":45,"column":62},"end":{"line":45,"column":74}},"line":45}},"branchMap":{},"s":{"0":0,"1":0,"2":0,"3":0,"4":0,"5":0,"6":0,"7":0,"8":0,"9":0,"10":0,"11":0,"12":0,"13":0,"14":0,"15":0,"16":0,"17":0,"18":0,"19":0},"f":{"0":0,"1":0,"2":0,"3":0,"4":0,"5":0},"b":{}}
,"C:\\Users\\USUARIO\\Downloads\\Proyectos\\3-Legacy-LMS-Agora\\frontend\\src\\views\\tableStudentCohort\\TableAllStudents.jsx": {"path":"C:\\Users\\USUARIO\\Downloads\\Proyectos\\3-Legacy-LMS-Agora\\frontend\\src\\views\\tableStudentCohort\\TableAllStudents.jsx","statementMap":{"0":{"start":{"line":10,"column":15},"end":{"line":10,"column":49}},"1":{"start":{"line":10,"column":38},"end":{"line":10,"column":48}},"2":{"start":{"line":11,"column":18},"end":{"line":11,"column":30}},"3":{"start":{"line":12,"column":34},"end":{"line":12,"column":46}},"4":{"start":{"line":14,"column":17},"end":{"line":14,"column":30}},"5":{"start":{"line":16,"column":24},"end":{"line":21,"column":3}},"6":{"start":{"line":17,"column":16},"end":{"line":19,"column":6}},"7":{"start":{"line":20,"column":4},"end":{"line":20,"column":25}},"8":{"start":{"line":23,"column":3},"end":{"line":25,"column":15}},"9":{"start":{"line":24,"column":4},"end":{"line":24,"column":27}},"10":{"start":{"line":26,"column":2},"end":{"line":36,"column":4}},"11":{"start":{"line":28,"column":60},"end":{"line":28,"column":72}},"12":{"start":{"line":33,"column":68},"end":{"line":33,"column":90}}},"fnMap":{"0":{"name":"TableAllStudents","decl":{"start":{"line":9,"column":16},"end":{"line":9,"column":32}},"loc":{"start":{"line":9,"column":35},"end":{"line":37,"column":1}},"line":9},"1":{"name":"(anonymous_1)","decl":{"start":{"line":10,"column":27},"end":{"line":10,"column":28}},"loc":{"start":{"line":10,"column":38},"end":{"line":10,"column":48}},"line":10},"2":{"name":"(anonymous_2)","decl":{"start":{"line":16,"column":24},"end":{"line":16,"column":25}},"loc":{"start":{"line":16,"column":39},"end":{"line":21,"column":3}},"line":16},"3":{"name":"(anonymous_3)","decl":{"start":{"line":23,"column":13},"end":{"line":23,"column":14}},"loc":{"start":{"line":23,"column":19},"end":{"line":25,"column":3}},"line":23},"4":{"name":"(anonymous_4)","decl":{"start":{"line":28,"column":56},"end":{"line":28,"column":57}},"loc":{"start":{"line":28,"column":60},"end":{"line":28,"column":72}},"line":28},"5":{"name":"(anonymous_5)","decl":{"start":{"line":33,"column":64},"end":{"line":33,"column":65}},"loc":{"start":{"line":33,"column":68},"end":{"line":33,"column":90}},"line":33}},"branchMap":{},"s":{"0":0,"1":0,"2":0,"3":0,"4":0,"5":0,"6":0,"7":0,"8":0,"9":0,"10":0,"11":0,"12":0},"f":{"0":0,"1":0,"2":0,"3":0,"4":0,"5":0},"b":{}}
,"C:\\Users\\USUARIO\\Downloads\\Proyectos\\3-Legacy-LMS-Agora\\frontend\\src\\views\\tableStudentCohort\\TableStudentCohort.jsx": {"path":"C:\\Users\\USUARIO\\Downloads\\Proyectos\\3-Legacy-LMS-Agora\\frontend\\src\\views\\tableStudentCohort\\TableStudentCohort.jsx","statementMap":{"0":{"start":{"line":11,"column":15},"end":{"line":11,"column":49}},"1":{"start":{"line":11,"column":38},"end":{"line":11,"column":48}},"2":{"start":{"line":12,"column":18},"end":{"line":12,"column":30}},"3":{"start":{"line":13,"column":17},"end":{"line":13,"column":28}},"4":{"start":{"line":14,"column":19},"end":{"line":14,"column":28}},"5":{"start":{"line":15,"column":34},"end":{"line":15,"column":46}},"6":{"start":{"line":16,"column":39},"end":{"line":16,"column":51}},"7":{"start":{"line":18,"column":17},"end":{"line":18,"column":30}},"8":{"start":{"line":20,"column":24},"end":{"line":25,"column":3}},"9":{"start":{"line":21,"column":16},"end":{"line":23,"column":6}},"10":{"start":{"line":24,"column":4},"end":{"line":24,"column":25}},"11":{"start":{"line":27,"column":26},"end":{"line":35,"column":3}},"12":{"start":{"line":28,"column":20},"end":{"line":33,"column":5}},"13":{"start":{"line":34,"column":4},"end":{"line":34,"column":43}},"14":{"start":{"line":37,"column":2},"end":{"line":40,"column":25}},"15":{"start":{"line":38,"column":4},"end":{"line":38,"column":39}},"16":{"start":{"line":39,"column":4},"end":{"line":39,"column":37}},"17":{"start":{"line":41,"column":2},"end":{"line":54,"column":4}},"18":{"start":{"line":43,"column":60},"end":{"line":43,"column":72}},"19":{"start":{"line":48,"column":68},"end":{"line":48,"column":100}}},"fnMap":{"0":{"name":"TableStudentCohort","decl":{"start":{"line":10,"column":16},"end":{"line":10,"column":34}},"loc":{"start":{"line":10,"column":37},"end":{"line":55,"column":1}},"line":10},"1":{"name":"(anonymous_1)","decl":{"start":{"line":11,"column":27},"end":{"line":11,"column":28}},"loc":{"start":{"line":11,"column":38},"end":{"line":11,"column":48}},"line":11},"2":{"name":"(anonymous_2)","decl":{"start":{"line":20,"column":24},"end":{"line":20,"column":25}},"loc":{"start":{"line":20,"column":43},"end":{"line":25,"column":3}},"line":20},"3":{"name":"(anonymous_3)","decl":{"start":{"line":27,"column":26},"end":{"line":27,"column":27}},"loc":{"start":{"line":27,"column":45},"end":{"line":35,"column":3}},"line":27},"4":{"name":"(anonymous_4)","decl":{"start":{"line":37,"column":12},"end":{"line":37,"column":13}},"loc":{"start":{"line":37,"column":18},"end":{"line":40,"column":3}},"line":37},"5":{"name":"(anonymous_5)","decl":{"start":{"line":43,"column":56},"end":{"line":43,"column":57}},"loc":{"start":{"line":43,"column":60},"end":{"line":43,"column":72}},"line":43},"6":{"name":"(anonymous_6)","decl":{"start":{"line":48,"column":64},"end":{"line":48,"column":65}},"loc":{"start":{"line":48,"column":68},"end":{"line":48,"column":100}},"line":48}},"branchMap":{},"s":{"0":0,"1":0,"2":0,"3":0,"4":0,"5":0,"6":0,"7":0,"8":0,"9":0,"10":0,"11":0,"12":0,"13":0,"14":0,"15":0,"16":0,"17":0,"18":0,"19":0},"f":{"0":0,"1":0,"2":0,"3":0,"4":0,"5":0,"6":0},"b":{}}
,"C:\\Users\\USUARIO\\Downloads\\Proyectos\\3-Legacy-LMS-Agora\\frontend\\src\\views\\tableTeachers\\TableTeacher.jsx": {"path":"C:\\Users\\USUARIO\\Downloads\\Proyectos\\3-Legacy-LMS-Agora\\frontend\\src\\views\\tableTeachers\\TableTeacher.jsx","statementMap":{"0":{"start":{"line":11,"column":15},"end":{"line":11,"column":49}},"1":{"start":{"line":11,"column":38},"end":{"line":11,"column":48}},"2":{"start":{"line":12,"column":18},"end":{"line":12,"column":30}},"3":{"start":{"line":13,"column":34},"end":{"line":13,"column":46}},"4":{"start":{"line":15,"column":17},"end":{"line":15,"column":30}},"5":{"start":{"line":17,"column":24},"end":{"line":22,"column":3}},"6":{"start":{"line":18,"column":16},"end":{"line":20,"column":6}},"7":{"start":{"line":21,"column":4},"end":{"line":21,"column":25}},"8":{"start":{"line":23,"column":2},"end":{"line":25,"column":15}},"9":{"start":{"line":24,"column":4},"end":{"line":24,"column":26}},"10":{"start":{"line":26,"column":2},"end":{"line":39,"column":4}},"11":{"start":{"line":28,"column":60},"end":{"line":28,"column":72}},"12":{"start":{"line":33,"column":68},"end":{"line":33,"column":90}}},"fnMap":{"0":{"name":"TableTeacher","decl":{"start":{"line":10,"column":16},"end":{"line":10,"column":28}},"loc":{"start":{"line":10,"column":31},"end":{"line":40,"column":1}},"line":10},"1":{"name":"(anonymous_1)","decl":{"start":{"line":11,"column":27},"end":{"line":11,"column":28}},"loc":{"start":{"line":11,"column":38},"end":{"line":11,"column":48}},"line":11},"2":{"name":"(anonymous_2)","decl":{"start":{"line":17,"column":24},"end":{"line":17,"column":25}},"loc":{"start":{"line":17,"column":38},"end":{"line":22,"column":3}},"line":17},"3":{"name":"(anonymous_3)","decl":{"start":{"line":23,"column":12},"end":{"line":23,"column":13}},"loc":{"start":{"line":23,"column":18},"end":{"line":25,"column":3}},"line":23},"4":{"name":"(anonymous_4)","decl":{"start":{"line":28,"column":56},"end":{"line":28,"column":57}},"loc":{"start":{"line":28,"column":60},"end":{"line":28,"column":72}},"line":28},"5":{"name":"(anonymous_5)","decl":{"start":{"line":33,"column":64},"end":{"line":33,"column":65}},"loc":{"start":{"line":33,"column":68},"end":{"line":33,"column":90}},"line":33}},"branchMap":{},"s":{"0":0,"1":0,"2":0,"3":0,"4":0,"5":0,"6":0,"7":0,"8":0,"9":0,"10":0,"11":0,"12":0},"f":{"0":0,"1":0,"2":0,"3":0,"4":0,"5":0},"b":{}}
}
