TN:
SF:src\components\ModalEntrega\ModalDeliveryStudent.jsx
FN:18,ModalDeliveryStudent
FN:19,(anonymous_1)
FN:32,(anonymous_2)
FN:59,(anonymous_3)
FN:64,(anonymous_4)
FN:69,(anonymous_5)
FN:78,(anonymous_6)
FN:82,(anonymous_7)
FN:87,(anonymous_8)
FN:96,(anonymous_9)
FN:100,(anonymous_10)
FN:118,(anonymous_11)
FN:136,(anonymous_12)
FN:146,(anonymous_13)
FN:156,(anonymous_14)
FN:167,(anonymous_15)
FN:170,(anonymous_16)
FN:174,(anonymous_17)
FN:219,(anonymous_18)
FN:235,(anonymous_19)
FN:251,(anonymous_20)
FN:270,(anonymous_21)
FN:286,(anonymous_22)
FN:328,(anonymous_23)
FN:349,(anonymous_24)
FN:365,(anonymous_25)
FNF:26
FNH:0
FNDA:0,ModalDeliveryStudent
FNDA:0,(anonymous_1)
FNDA:0,(anonymous_2)
FNDA:0,(anonymous_3)
FNDA:0,(anonymous_4)
FNDA:0,(anonymous_5)
FNDA:0,(anonymous_6)
FNDA:0,(anonymous_7)
FNDA:0,(anonymous_8)
FNDA:0,(anonymous_9)
FNDA:0,(anonymous_10)
FNDA:0,(anonymous_11)
FNDA:0,(anonymous_12)
FNDA:0,(anonymous_13)
FNDA:0,(anonymous_14)
FNDA:0,(anonymous_15)
FNDA:0,(anonymous_16)
FNDA:0,(anonymous_17)
FNDA:0,(anonymous_18)
FNDA:0,(anonymous_19)
FNDA:0,(anonymous_20)
FNDA:0,(anonymous_21)
FNDA:0,(anonymous_22)
FNDA:0,(anonymous_23)
FNDA:0,(anonymous_24)
FNDA:0,(anonymous_25)
DA:12,0
DA:19,0
DA:20,0
DA:21,0
DA:22,0
DA:23,0
DA:24,0
DA:25,0
DA:27,0
DA:28,0
DA:29,0
DA:30,0
DA:32,0
DA:33,0
DA:34,0
DA:41,0
DA:42,0
DA:49,0
DA:50,0
DA:59,0
DA:60,0
DA:64,0
DA:65,0
DA:68,0
DA:69,0
DA:70,0
DA:78,0
DA:79,0
DA:82,0
DA:83,0
DA:86,0
DA:87,0
DA:88,0
DA:96,0
DA:97,0
DA:100,0
DA:101,0
DA:104,0
DA:105,0
DA:106,0
DA:108,0
DA:109,0
DA:110,0
DA:112,0
DA:113,0
DA:114,0
DA:118,0
DA:119,0
DA:120,0
DA:121,0
DA:125,0
DA:127,0
DA:132,0
DA:134,0
DA:136,0
DA:137,0
DA:138,0
DA:146,0
DA:147,0
DA:148,0
DA:156,0
DA:157,0
DA:158,0
DA:167,0
DA:168,0
DA:170,0
DA:174,0
DA:175,0
DA:176,0
DA:177,0
DA:178,0
DA:194,0
DA:198,0
DA:205,0
DA:206,0
DA:213,0
DA:216,0
DA:219,0
DA:236,0
DA:252,0
DA:271,0
DA:287,0
DA:328,0
DA:350,0
DA:365,0
LF:85
LH:0
BRDA:33,0,0,0
BRDA:33,0,1,0
BRDA:41,1,0,0
BRDA:41,1,1,0
BRDA:49,2,0,0
BRDA:49,2,1,0
BRDA:70,3,0,0
BRDA:70,3,1,0
BRDA:72,4,0,0
BRDA:72,4,1,0
BRDA:74,5,0,0
BRDA:74,5,1,0
BRDA:88,6,0,0
BRDA:88,6,1,0
BRDA:90,7,0,0
BRDA:90,7,1,0
BRDA:92,8,0,0
BRDA:92,8,1,0
BRDA:104,9,0,0
BRDA:104,9,1,0
BRDA:108,10,0,0
BRDA:108,10,1,0
BRDA:112,11,0,0
BRDA:112,11,1,0
BRDA:157,12,0,0
BRDA:157,12,1,0
BRDA:157,13,0,0
BRDA:157,13,1,0
BRDA:177,14,0,0
BRDA:177,14,1,0
BRDA:206,15,0,0
BRDA:206,15,1,0
BRDA:348,16,0,0
BRDA:348,16,1,0
BRF:34
BRH:0
end_of_record
TN:
SF:src\components\ModalEntrega\ModalDeliveryTeacher.jsx
FN:21,ModalDeliveryTeacher
FN:22,(anonymous_1)
FN:38,(anonymous_2)
FN:65,(anonymous_3)
FN:70,(anonymous_4)
FN:75,(anonymous_5)
FN:84,(anonymous_6)
FN:87,(anonymous_7)
FN:92,(anonymous_8)
FN:101,(anonymous_9)
FN:104,(anonymous_10)
FN:122,(anonymous_11)
FN:130,(anonymous_12)
FN:148,(anonymous_13)
FN:158,(anonymous_14)
FN:168,(anonymous_15)
FN:179,(anonymous_16)
FN:182,(anonymous_17)
FN:186,(anonymous_18)
FN:197,(anonymous_19)
FN:209,(anonymous_20)
FN:220,(anonymous_21)
FN:232,(anonymous_22)
FN:262,(anonymous_23)
FN:307,(anonymous_24)
FN:334,(anonymous_25)
FN:350,(anonymous_26)
FN:369,(anonymous_27)
FN:388,(anonymous_28)
FN:430,(anonymous_29)
FN:451,(anonymous_30)
FN:467,(anonymous_31)
FN:478,(anonymous_32)
FN:495,(anonymous_33)
FN:508,(anonymous_34)
FNF:35
FNH:0
FNDA:0,ModalDeliveryTeacher
FNDA:0,(anonymous_1)
FNDA:0,(anonymous_2)
FNDA:0,(anonymous_3)
FNDA:0,(anonymous_4)
FNDA:0,(anonymous_5)
FNDA:0,(anonymous_6)
FNDA:0,(anonymous_7)
FNDA:0,(anonymous_8)
FNDA:0,(anonymous_9)
FNDA:0,(anonymous_10)
FNDA:0,(anonymous_11)
FNDA:0,(anonymous_12)
FNDA:0,(anonymous_13)
FNDA:0,(anonymous_14)
FNDA:0,(anonymous_15)
FNDA:0,(anonymous_16)
FNDA:0,(anonymous_17)
FNDA:0,(anonymous_18)
FNDA:0,(anonymous_19)
FNDA:0,(anonymous_20)
FNDA:0,(anonymous_21)
FNDA:0,(anonymous_22)
FNDA:0,(anonymous_23)
FNDA:0,(anonymous_24)
FNDA:0,(anonymous_25)
FNDA:0,(anonymous_26)
FNDA:0,(anonymous_27)
FNDA:0,(anonymous_28)
FNDA:0,(anonymous_29)
FNDA:0,(anonymous_30)
FNDA:0,(anonymous_31)
FNDA:0,(anonymous_32)
FNDA:0,(anonymous_33)
FNDA:0,(anonymous_34)
DA:15,0
DA:22,0
DA:23,0
DA:24,0
DA:25,0
DA:26,0
DA:27,0
DA:29,0
DA:31,0
DA:32,0
DA:33,0
DA:34,0
DA:35,0
DA:36,0
DA:38,0
DA:39,0
DA:40,0
DA:47,0
DA:48,0
DA:55,0
DA:56,0
DA:65,0
DA:66,0
DA:70,0
DA:71,0
DA:74,0
DA:75,0
DA:76,0
DA:84,0
DA:85,0
DA:87,0
DA:88,0
DA:91,0
DA:92,0
DA:93,0
DA:101,0
DA:102,0
DA:104,0
DA:105,0
DA:108,0
DA:109,0
DA:110,0
DA:111,0
DA:113,0
DA:114,0
DA:115,0
DA:117,0
DA:118,0
DA:119,0
DA:122,0
DA:123,0
DA:127,0
DA:128,0
DA:130,0
DA:131,0
DA:132,0
DA:133,0
DA:134,0
DA:137,0
DA:139,0
DA:144,0
DA:146,0
DA:148,0
DA:149,0
DA:150,0
DA:158,0
DA:159,0
DA:160,0
DA:168,0
DA:169,0
DA:170,0
DA:179,0
DA:180,0
DA:182,0
DA:186,0
DA:187,0
DA:198,0
DA:199,0
DA:200,0
DA:209,0
DA:210,0
DA:221,0
DA:222,0
DA:223,0
DA:232,0
DA:233,0
DA:234,0
DA:235,0
DA:246,0
DA:253,0
DA:254,0
DA:262,0
DA:263,0
DA:264,0
DA:265,0
DA:266,0
DA:281,0
DA:285,0
DA:292,0
DA:293,0
DA:300,0
DA:301,0
DA:304,0
DA:307,0
DA:335,0
DA:351,0
DA:370,0
DA:389,0
DA:430,0
DA:452,0
DA:467,0
DA:479,0
DA:496,0
DA:509,0
LF:114
LH:0
BRDA:39,0,0,0
BRDA:39,0,1,0
BRDA:47,1,0,0
BRDA:47,1,1,0
BRDA:55,2,0,0
BRDA:55,2,1,0
BRDA:76,3,0,0
BRDA:76,3,1,0
BRDA:78,4,0,0
BRDA:78,4,1,0
BRDA:80,5,0,0
BRDA:80,5,1,0
BRDA:93,6,0,0
BRDA:93,6,1,0
BRDA:95,7,0,0
BRDA:95,7,1,0
BRDA:97,8,0,0
BRDA:97,8,1,0
BRDA:108,9,0,0
BRDA:108,9,1,0
BRDA:113,10,0,0
BRDA:113,10,1,0
BRDA:117,11,0,0
BRDA:117,11,1,0
BRDA:169,12,0,0
BRDA:169,12,1,0
BRDA:169,13,0,0
BRDA:169,13,1,0
BRDA:198,14,0,0
BRDA:198,14,1,0
BRDA:221,15,0,0
BRDA:221,15,1,0
BRDA:234,16,0,0
BRDA:234,16,1,0
BRDA:254,17,0,0
BRDA:254,17,1,0
BRDA:265,18,0,0
BRDA:265,18,1,0
BRDA:293,19,0,0
BRDA:293,19,1,0
BRDA:450,20,0,0
BRDA:450,20,1,0
BRDA:476,21,0,0
BRDA:476,21,1,0
BRDA:477,22,0,0
BRDA:477,22,1,0
BRDA:484,23,0,0
BRDA:484,23,1,0
BRDA:486,24,0,0
BRDA:486,24,1,0
BRF:50
BRH:0
end_of_record
TN:
SF:src\components\ProfileStudent\ProfileStudent.jsx
FN:25,ProfileStudent
FN:28,(anonymous_1)
FN:41,(anonymous_2)
FN:50,(anonymous_3)
FN:63,(anonymous_4)
FN:69,(anonymous_5)
FN:70,(anonymous_6)
FN:72,(anonymous_7)
FN:76,(anonymous_8)
FN:77,(anonymous_9)
FN:79,(anonymous_10)
FN:84,(anonymous_11)
FN:87,(anonymous_12)
FN:89,(anonymous_13)
FN:94,(anonymous_14)
FN:98,(anonymous_15)
FN:108,(anonymous_16)
FN:141,(anonymous_17)
FN:152,(anonymous_18)
FNF:19
FNH:0
FNDA:0,ProfileStudent
FNDA:0,(anonymous_1)
FNDA:0,(anonymous_2)
FNDA:0,(anonymous_3)
FNDA:0,(anonymous_4)
FNDA:0,(anonymous_5)
FNDA:0,(anonymous_6)
FNDA:0,(anonymous_7)
FNDA:0,(anonymous_8)
FNDA:0,(anonymous_9)
FNDA:0,(anonymous_10)
FNDA:0,(anonymous_11)
FNDA:0,(anonymous_12)
FNDA:0,(anonymous_13)
FNDA:0,(anonymous_14)
FNDA:0,(anonymous_15)
FNDA:0,(anonymous_16)
FNDA:0,(anonymous_17)
FNDA:0,(anonymous_18)
DA:15,0
DA:26,0
DA:27,0
DA:28,0
DA:29,0
DA:30,0
DA:31,0
DA:32,0
DA:33,0
DA:34,0
DA:35,0
DA:36,0
DA:37,0
DA:39,0
DA:41,0
DA:42,0
DA:46,0
DA:47,0
DA:50,0
DA:51,0
DA:54,0
DA:55,0
DA:59,0
DA:60,0
DA:63,0
DA:64,0
DA:67,0
DA:68,0
DA:69,0
DA:70,0
DA:71,0
DA:72,0
DA:74,0
DA:75,0
DA:76,0
DA:77,0
DA:78,0
DA:79,0
DA:81,0
DA:83,0
DA:85,0
DA:87,0
DA:88,0
DA:89,0
DA:91,0
DA:94,0
DA:95,0
DA:96,0
DA:98,0
DA:99,0
DA:100,0
DA:106,0
DA:108,0
DA:109,0
DA:110,0
DA:111,0
DA:112,0
DA:125,0
DA:129,0
DA:132,0
DA:133,0
DA:141,0
DA:142,0
DA:143,0
DA:144,0
DA:147,0
DA:152,0
LF:67
LH:0
BRDA:29,0,0,0
BRDA:29,0,1,0
BRDA:30,1,0,0
BRDA:30,1,1,0
BRDA:69,2,0,0
BRDA:69,2,1,0
BRDA:76,3,0,0
BRDA:76,3,1,0
BRDA:85,4,0,0
BRDA:85,4,1,0
BRDA:111,5,0,0
BRDA:111,5,1,0
BRDA:133,6,0,0
BRDA:133,6,1,0
BRDA:167,7,0,0
BRDA:167,7,1,0
BRDA:196,8,0,0
BRDA:196,8,1,0
BRDA:332,9,0,0
BRDA:332,9,1,0
BRF:20
BRH:0
end_of_record
TN:
SF:src\components\cards\announcement\Announcement.jsx
FN:4,AnnouncementCard
FNF:1
FNH:0
FNDA:0,AnnouncementCard
DA:5,0
DA:6,0
LF:2
LH:0
BRF:0
BRH:0
end_of_record
TN:
SF:src\components\competencesTable\CompetencesTable.jsx
FN:5,CompetencesTable
FN:9,(anonymous_1)
FN:13,(anonymous_2)
FN:18,(anonymous_3)
FN:60,(anonymous_4)
FN:70,(anonymous_5)
FN:80,(anonymous_6)
FNF:7
FNH:0
FNDA:0,CompetencesTable
FNDA:0,(anonymous_1)
FNDA:0,(anonymous_2)
FNDA:0,(anonymous_3)
FNDA:0,(anonymous_4)
FNDA:0,(anonymous_5)
FNDA:0,(anonymous_6)
DA:6,0
DA:7,0
DA:9,0
DA:10,0
DA:13,0
DA:14,0
DA:16,0
DA:19,0
DA:60,0
DA:70,0
DA:80,0
LF:11
LH:0
BRDA:14,0,0,0
BRDA:14,0,1,0
BRDA:50,1,0,0
BRDA:50,1,1,0
BRDA:56,2,0,0
BRDA:56,2,1,0
BRDA:66,3,0,0
BRDA:66,3,1,0
BRDA:76,4,0,0
BRDA:76,4,1,0
BRDA:89,5,0,0
BRDA:89,5,1,0
BRDA:110,6,0,0
BRDA:110,6,1,0
BRDA:131,7,0,0
BRDA:131,7,1,0
BRF:16
BRH:0
end_of_record
TN:
SF:src\components\table\Table.jsx
FN:7,Table
FN:10,(anonymous_1)
FN:15,(anonymous_2)
FN:26,(anonymous_3)
FN:34,(anonymous_4)
FN:62,(anonymous_5)
FN:86,(anonymous_6)
FNF:7
FNH:0
FNDA:0,Table
FNDA:0,(anonymous_1)
FNDA:0,(anonymous_2)
FNDA:0,(anonymous_3)
FNDA:0,(anonymous_4)
FNDA:0,(anonymous_5)
FNDA:0,(anonymous_6)
DA:8,0
DA:10,0
DA:11,0
DA:15,0
DA:16,0
DA:27,0
DA:28,0
DA:29,0
DA:34,0
DA:35,0
DA:36,0
DA:39,0
DA:41,0
DA:42,0
DA:45,0
DA:49,0
DA:63,0
DA:86,0
LF:18
LH:0
BRDA:11,0,0,0
BRDA:11,0,1,0
BRDA:27,1,0,0
BRDA:27,1,1,0
BRDA:35,2,0,0
BRDA:35,2,1,0
BRDA:41,3,0,0
BRDA:41,3,1,0
BRDA:72,4,0,0
BRDA:72,4,1,0
BRDA:74,5,0,0
BRDA:74,5,1,0
BRF:12
BRH:0
end_of_record
TN:
SF:src\redux\store.js
FN:11,DataProvider
FNF:1
FNH:0
FNDA:0,DataProvider
DA:6,0
DA:12,0
LF:2
LH:0
BRDA:8,0,0,0
BRDA:8,0,1,0
BRF:2
BRH:0
end_of_record
TN:
SF:src\views\activities\grade\Grade.jsx
FN:8,Grade
FN:9,(anonymous_1)
FN:20,(anonymous_2)
FN:26,(anonymous_3)
FN:31,(anonymous_4)
FN:32,(anonymous_5)
FN:36,(anonymous_6)
FN:51,(anonymous_7)
FN:57,(anonymous_8)
FN:63,(anonymous_9)
FN:79,(anonymous_10)
FN:85,(anonymous_11)
FNF:12
FNH:0
FNDA:0,Grade
FNDA:0,(anonymous_1)
FNDA:0,(anonymous_2)
FNDA:0,(anonymous_3)
FNDA:0,(anonymous_4)
FNDA:0,(anonymous_5)
FNDA:0,(anonymous_6)
FNDA:0,(anonymous_7)
FNDA:0,(anonymous_8)
FNDA:0,(anonymous_9)
FNDA:0,(anonymous_10)
FNDA:0,(anonymous_11)
DA:9,0
DA:10,0
DA:11,0
DA:12,0
DA:13,0
DA:14,0
DA:15,0
DA:16,0
DA:17,0
DA:18,0
DA:20,0
DA:21,0
DA:24,0
DA:26,0
DA:27,0
DA:30,0
DA:31,0
DA:32,0
DA:33,0
DA:36,0
DA:37,0
DA:40,0
DA:41,0
DA:43,0
DA:44,0
DA:46,0
DA:47,0
DA:51,0
DA:52,0
DA:53,0
DA:54,0
DA:57,0
DA:58,0
DA:60,0
DA:63,0
DA:80,0
DA:85,0
LF:37
LH:0
BRDA:40,0,0,0
BRDA:40,0,1,0
BRDA:43,1,0,0
BRDA:43,1,1,0
BRDA:46,2,0,0
BRDA:46,2,1,0
BRDA:58,3,0,0
BRDA:58,3,1,0
BRDA:85,4,0,0
BRDA:85,4,1,0
BRF:10
BRH:0
end_of_record
TN:
SF:src\views\activities\projects\createProject\CreateProject.jsx
FN:31,CreateProject
FN:32,(anonymous_1)
FN:40,(anonymous_2)
FN:75,(anonymous_3)
FN:86,(anonymous_4)
FN:90,(anonymous_5)
FN:99,(anonymous_6)
FN:110,(anonymous_7)
FN:115,(anonymous_8)
FN:119,(anonymous_9)
FN:128,(anonymous_10)
FN:139,(anonymous_11)
FN:151,(anonymous_12)
FN:157,(anonymous_13)
FN:175,(anonymous_14)
FN:178,(anonymous_15)
FN:182,(anonymous_16)
FN:185,(anonymous_17)
FN:187,(anonymous_18)
FN:189,(anonymous_19)
FN:194,(anonymous_20)
FN:198,(anonymous_21)
FN:247,(anonymous_22)
FN:309,(anonymous_23)
FN:317,(anonymous_24)
FN:333,(anonymous_25)
FN:370,(anonymous_26)
FN:377,(anonymous_27)
FN:385,(anonymous_28)
FN:429,(anonymous_29)
FN:437,(anonymous_30)
FN:445,(anonymous_31)
FN:465,(anonymous_32)
FN:472,(anonymous_33)
FN:480,(anonymous_34)
FN:502,(anonymous_35)
FN:509,(anonymous_36)
FN:517,(anonymous_37)
FN:539,(anonymous_38)
FN:546,(anonymous_39)
FN:554,(anonymous_40)
FN:576,(anonymous_41)
FN:583,(anonymous_42)
FN:591,(anonymous_43)
FN:613,(anonymous_44)
FN:620,(anonymous_45)
FN:628,(anonymous_46)
FN:652,(anonymous_47)
FN:659,(anonymous_48)
FN:667,(anonymous_49)
FN:689,(anonymous_50)
FN:715,(anonymous_51)
FN:723,(anonymous_52)
FN:738,(anonymous_53)
FNF:54
FNH:0
FNDA:0,CreateProject
FNDA:0,(anonymous_1)
FNDA:0,(anonymous_2)
FNDA:0,(anonymous_3)
FNDA:0,(anonymous_4)
FNDA:0,(anonymous_5)
FNDA:0,(anonymous_6)
FNDA:0,(anonymous_7)
FNDA:0,(anonymous_8)
FNDA:0,(anonymous_9)
FNDA:0,(anonymous_10)
FNDA:0,(anonymous_11)
FNDA:0,(anonymous_12)
FNDA:0,(anonymous_13)
FNDA:0,(anonymous_14)
FNDA:0,(anonymous_15)
FNDA:0,(anonymous_16)
FNDA:0,(anonymous_17)
FNDA:0,(anonymous_18)
FNDA:0,(anonymous_19)
FNDA:0,(anonymous_20)
FNDA:0,(anonymous_21)
FNDA:0,(anonymous_22)
FNDA:0,(anonymous_23)
FNDA:0,(anonymous_24)
FNDA:0,(anonymous_25)
FNDA:0,(anonymous_26)
FNDA:0,(anonymous_27)
FNDA:0,(anonymous_28)
FNDA:0,(anonymous_29)
FNDA:0,(anonymous_30)
FNDA:0,(anonymous_31)
FNDA:0,(anonymous_32)
FNDA:0,(anonymous_33)
FNDA:0,(anonymous_34)
FNDA:0,(anonymous_35)
FNDA:0,(anonymous_36)
FNDA:0,(anonymous_37)
FNDA:0,(anonymous_38)
FNDA:0,(anonymous_39)
FNDA:0,(anonymous_40)
FNDA:0,(anonymous_41)
FNDA:0,(anonymous_42)
FNDA:0,(anonymous_43)
FNDA:0,(anonymous_44)
FNDA:0,(anonymous_45)
FNDA:0,(anonymous_46)
FNDA:0,(anonymous_47)
FNDA:0,(anonymous_48)
FNDA:0,(anonymous_49)
FNDA:0,(anonymous_50)
FNDA:0,(anonymous_51)
FNDA:0,(anonymous_52)
FNDA:0,(anonymous_53)
DA:12,0
DA:32,0
DA:33,0
DA:34,0
DA:35,0
DA:36,0
DA:37,0
DA:38,0
DA:39,0
DA:40,0
DA:41,0
DA:43,0
DA:48,0
DA:49,0
DA:67,0
DA:68,0
DA:72,0
DA:75,0
DA:76,0
DA:82,0
DA:86,0
DA:87,0
DA:90,0
DA:91,0
DA:99,0
DA:100,0
DA:101,0
DA:107,0
DA:110,0
DA:111,0
DA:112,0
DA:115,0
DA:116,0
DA:119,0
DA:120,0
DA:121,0
DA:128,0
DA:129,0
DA:130,0
DA:139,0
DA:140,0
DA:141,0
DA:147,0
DA:151,0
DA:152,0
DA:157,0
DA:158,0
DA:175,0
DA:176,0
DA:178,0
DA:182,0
DA:183,0
DA:185,0
DA:187,0
DA:189,0
DA:190,0
DA:194,0
DA:195,0
DA:196,0
DA:199,0
DA:202,0
DA:203,0
DA:204,0
DA:230,0
DA:231,0
DA:232,0
DA:235,0
DA:236,0
DA:244,0
DA:247,0
DA:309,0
DA:318,0
DA:333,0
DA:370,0
DA:378,0
DA:385,0
DA:429,0
DA:438,0
DA:445,0
DA:465,0
DA:473,0
DA:481,0
DA:502,0
DA:510,0
DA:518,0
DA:539,0
DA:547,0
DA:555,0
DA:576,0
DA:584,0
DA:592,0
DA:613,0
DA:621,0
DA:629,0
DA:652,0
DA:660,0
DA:668,0
DA:690,0
DA:715,0
DA:724,0
DA:739,0
LF:101
LH:0
BRDA:41,0,0,0
BRDA:41,0,1,0
BRDA:129,1,0,0
BRDA:129,1,1,0
BRDA:129,2,0,0
BRDA:129,2,1,0
BRDA:140,3,0,0
BRDA:140,3,1,0
BRDA:152,4,0,0
BRDA:152,4,1,0
BRDA:153,5,0,0
BRDA:153,5,1,0
BRDA:153,5,2,0
BRDA:199,6,0,0
BRDA:199,6,1,0
BRDA:203,7,0,0
BRDA:203,7,1,0
BRDA:236,8,0,0
BRDA:236,8,1,0
BRDA:316,9,0,0
BRDA:316,9,1,0
BRDA:376,10,0,0
BRDA:376,10,1,0
BRDA:436,11,0,0
BRDA:436,11,1,0
BRDA:471,12,0,0
BRDA:471,12,1,0
BRDA:508,13,0,0
BRDA:508,13,1,0
BRDA:545,14,0,0
BRDA:545,14,1,0
BRDA:582,15,0,0
BRDA:582,15,1,0
BRDA:619,16,0,0
BRDA:619,16,1,0
BRDA:658,17,0,0
BRDA:658,17,1,0
BRDA:722,18,0,0
BRDA:722,18,1,0
BRDA:728,19,0,0
BRDA:728,19,1,0
BRDA:730,20,0,0
BRDA:730,20,1,0
BRF:43
BRH:0
end_of_record
TN:
SF:src\views\activities\projects\updateProject\UpdateProject.jsx
FN:31,(anonymous_0)
FN:36,UpdateProject
FN:37,(anonymous_2)
FN:45,(anonymous_3)
FN:80,(anonymous_4)
FN:91,(anonymous_5)
FN:102,(anonymous_6)
FN:106,(anonymous_7)
FN:115,(anonymous_8)
FN:126,(anonymous_9)
FN:131,(anonymous_10)
FN:135,(anonymous_11)
FN:144,(anonymous_12)
FN:155,(anonymous_13)
FN:167,(anonymous_14)
FN:173,(anonymous_15)
FN:191,(anonymous_16)
FN:194,(anonymous_17)
FN:198,(anonymous_18)
FN:201,(anonymous_19)
FN:203,(anonymous_20)
FN:205,(anonymous_21)
FN:210,(anonymous_22)
FN:214,(anonymous_23)
FN:261,(anonymous_24)
FN:272,(anonymous_25)
FN:279,(anonymous_26)
FN:288,(anonymous_27)
FN:296,(anonymous_28)
FN:357,(anonymous_29)
FN:365,(anonymous_30)
FN:381,(anonymous_31)
FN:418,(anonymous_32)
FN:425,(anonymous_33)
FN:431,(anonymous_34)
FN:474,(anonymous_35)
FN:481,(anonymous_36)
FN:489,(anonymous_37)
FN:511,(anonymous_38)
FN:518,(anonymous_39)
FN:526,(anonymous_40)
FN:548,(anonymous_41)
FN:555,(anonymous_42)
FN:563,(anonymous_43)
FN:585,(anonymous_44)
FN:592,(anonymous_45)
FN:600,(anonymous_46)
FN:622,(anonymous_47)
FN:629,(anonymous_48)
FN:637,(anonymous_49)
FN:659,(anonymous_50)
FN:666,(anonymous_51)
FN:674,(anonymous_52)
FN:698,(anonymous_53)
FN:705,(anonymous_54)
FN:713,(anonymous_55)
FN:735,(anonymous_56)
FN:756,(anonymous_57)
FN:764,(anonymous_58)
FN:779,(anonymous_59)
FNF:60
FNH:0
FNDA:0,(anonymous_0)
FNDA:0,UpdateProject
FNDA:0,(anonymous_2)
FNDA:0,(anonymous_3)
FNDA:0,(anonymous_4)
FNDA:0,(anonymous_5)
FNDA:0,(anonymous_6)
FNDA:0,(anonymous_7)
FNDA:0,(anonymous_8)
FNDA:0,(anonymous_9)
FNDA:0,(anonymous_10)
FNDA:0,(anonymous_11)
FNDA:0,(anonymous_12)
FNDA:0,(anonymous_13)
FNDA:0,(anonymous_14)
FNDA:0,(anonymous_15)
FNDA:0,(anonymous_16)
FNDA:0,(anonymous_17)
FNDA:0,(anonymous_18)
FNDA:0,(anonymous_19)
FNDA:0,(anonymous_20)
FNDA:0,(anonymous_21)
FNDA:0,(anonymous_22)
FNDA:0,(anonymous_23)
FNDA:0,(anonymous_24)
FNDA:0,(anonymous_25)
FNDA:0,(anonymous_26)
FNDA:0,(anonymous_27)
FNDA:0,(anonymous_28)
FNDA:0,(anonymous_29)
FNDA:0,(anonymous_30)
FNDA:0,(anonymous_31)
FNDA:0,(anonymous_32)
FNDA:0,(anonymous_33)
FNDA:0,(anonymous_34)
FNDA:0,(anonymous_35)
FNDA:0,(anonymous_36)
FNDA:0,(anonymous_37)
FNDA:0,(anonymous_38)
FNDA:0,(anonymous_39)
FNDA:0,(anonymous_40)
FNDA:0,(anonymous_41)
FNDA:0,(anonymous_42)
FNDA:0,(anonymous_43)
FNDA:0,(anonymous_44)
FNDA:0,(anonymous_45)
FNDA:0,(anonymous_46)
FNDA:0,(anonymous_47)
FNDA:0,(anonymous_48)
FNDA:0,(anonymous_49)
FNDA:0,(anonymous_50)
FNDA:0,(anonymous_51)
FNDA:0,(anonymous_52)
FNDA:0,(anonymous_53)
FNDA:0,(anonymous_54)
FNDA:0,(anonymous_55)
FNDA:0,(anonymous_56)
FNDA:0,(anonymous_57)
FNDA:0,(anonymous_58)
FNDA:0,(anonymous_59)
DA:12,0
DA:31,0
DA:32,0
DA:37,0
DA:38,0
DA:39,0
DA:40,0
DA:41,0
DA:42,0
DA:43,0
DA:44,0
DA:45,0
DA:46,0
DA:48,0
DA:53,0
DA:54,0
DA:72,0
DA:73,0
DA:77,0
DA:80,0
DA:81,0
DA:84,0
DA:85,0
DA:86,0
DA:87,0
DA:91,0
DA:92,0
DA:98,0
DA:102,0
DA:103,0
DA:106,0
DA:107,0
DA:115,0
DA:116,0
DA:117,0
DA:123,0
DA:126,0
DA:127,0
DA:128,0
DA:131,0
DA:132,0
DA:135,0
DA:136,0
DA:137,0
DA:144,0
DA:145,0
DA:146,0
DA:155,0
DA:156,0
DA:157,0
DA:163,0
DA:167,0
DA:168,0
DA:173,0
DA:174,0
DA:191,0
DA:192,0
DA:194,0
DA:198,0
DA:199,0
DA:201,0
DA:203,0
DA:205,0
DA:206,0
DA:210,0
DA:211,0
DA:212,0
DA:215,0
DA:218,0
DA:219,0
DA:220,0
DA:245,0
DA:249,0
DA:252,0
DA:253,0
DA:261,0
DA:262,0
DA:273,0
DA:274,0
DA:275,0
DA:279,0
DA:280,0
DA:283,0
DA:285,0
DA:288,0
DA:296,0
DA:357,0
DA:366,0
DA:381,0
DA:418,0
DA:426,0
DA:431,0
DA:474,0
DA:482,0
DA:490,0
DA:511,0
DA:519,0
DA:527,0
DA:548,0
DA:556,0
DA:564,0
DA:585,0
DA:593,0
DA:601,0
DA:622,0
DA:630,0
DA:638,0
DA:659,0
DA:667,0
DA:675,0
DA:698,0
DA:706,0
DA:714,0
DA:736,0
DA:756,0
DA:765,0
DA:780,0
LF:117
LH:0
BRDA:46,0,0,0
BRDA:46,0,1,0
BRDA:145,1,0,0
BRDA:145,1,1,0
BRDA:145,2,0,0
BRDA:145,2,1,0
BRDA:156,3,0,0
BRDA:156,3,1,0
BRDA:168,4,0,0
BRDA:168,4,1,0
BRDA:169,5,0,0
BRDA:169,5,1,0
BRDA:169,5,2,0
BRDA:215,6,0,0
BRDA:215,6,1,0
BRDA:219,7,0,0
BRDA:219,7,1,0
BRDA:253,8,0,0
BRDA:253,8,1,0
BRDA:273,9,0,0
BRDA:273,9,1,0
BRDA:364,10,0,0
BRDA:364,10,1,0
BRDA:424,11,0,0
BRDA:424,11,1,0
BRDA:480,12,0,0
BRDA:480,12,1,0
BRDA:517,13,0,0
BRDA:517,13,1,0
BRDA:554,14,0,0
BRDA:554,14,1,0
BRDA:591,15,0,0
BRDA:591,15,1,0
BRDA:628,16,0,0
BRDA:628,16,1,0
BRDA:665,17,0,0
BRDA:665,17,1,0
BRDA:704,18,0,0
BRDA:704,18,1,0
BRDA:763,19,0,0
BRDA:763,19,1,0
BRDA:769,20,0,0
BRDA:769,20,1,0
BRDA:771,21,0,0
BRDA:771,21,1,0
BRF:45
BRH:0
end_of_record
TN:
SF:src\views\activities\projects\viewProject\ViewProject.jsx
FN:29,ViewProject
FN:31,(anonymous_1)
FN:59,(anonymous_2)
FN:71,(anonymous_3)
FN:77,(anonymous_4)
FN:110,(anonymous_5)
FN:134,(anonymous_6)
FN:161,(anonymous_7)
FN:191,(anonymous_8)
FN:206,(anonymous_9)
FN:221,(anonymous_10)
FN:238,(anonymous_11)
FN:254,(anonymous_12)
FN:274,(anonymous_13)
FN:287,(anonymous_14)
FNF:15
FNH:3
FNDA:1,ViewProject
FNDA:0,(anonymous_1)
FNDA:1,(anonymous_2)
FNDA:1,(anonymous_3)
FNDA:0,(anonymous_4)
FNDA:0,(anonymous_5)
FNDA:0,(anonymous_6)
FNDA:0,(anonymous_7)
FNDA:0,(anonymous_8)
FNDA:0,(anonymous_9)
FNDA:0,(anonymous_10)
FNDA:0,(anonymous_11)
FNDA:0,(anonymous_12)
FNDA:0,(anonymous_13)
FNDA:0,(anonymous_14)
DA:10,1
DA:30,1
DA:31,1
DA:32,1
DA:33,1
DA:34,1
DA:37,1
DA:38,1
DA:39,1
DA:57,1
DA:59,1
DA:60,1
DA:63,0
DA:67,0
DA:68,0
DA:71,1
DA:72,1
DA:74,1
DA:77,0
DA:111,0
DA:135,0
DA:162,0
DA:192,0
DA:207,0
DA:222,0
DA:239,0
DA:255,0
DA:275,0
DA:288,0
LF:29
LH:15
BRDA:86,0,0,1
BRDA:86,0,1,0
BRDA:109,1,0,0
BRDA:109,1,1,1
BRDA:133,2,0,0
BRDA:133,2,1,1
BRDA:160,3,0,0
BRDA:160,3,1,1
BRDA:190,4,0,0
BRDA:190,4,1,1
BRDA:205,5,0,0
BRDA:205,5,1,1
BRDA:220,6,0,0
BRDA:220,6,1,1
BRDA:237,7,0,0
BRDA:237,7,1,1
BRDA:253,8,0,0
BRDA:253,8,1,1
BRDA:273,9,0,0
BRDA:273,9,1,1
BRDA:286,10,0,0
BRDA:286,10,1,1
BRDA:292,11,0,0
BRDA:292,11,1,0
BRDA:294,12,0,0
BRDA:294,12,1,0
BRF:26
BRH:11
end_of_record
TN:
SF:src\views\activities\query\createQuery\CreateQuery.jsx
FN:27,CreateQuery
FN:28,(anonymous_1)
FN:56,(anonymous_2)
FN:68,(anonymous_3)
FN:73,(anonymous_4)
FN:77,(anonymous_5)
FN:87,(anonymous_6)
FN:99,(anonymous_7)
FN:111,(anonymous_8)
FN:114,(anonymous_9)
FN:118,(anonymous_10)
FN:159,(anonymous_11)
FN:222,(anonymous_12)
FN:229,(anonymous_13)
FN:237,(anonymous_14)
FN:303,(anonymous_15)
FN:311,(anonymous_16)
FN:327,(anonymous_17)
FN:349,(anonymous_18)
FN:356,(anonymous_19)
FN:364,(anonymous_20)
FN:387,(anonymous_21)
FN:394,(anonymous_22)
FN:403,(anonymous_23)
FN:443,(anonymous_24)
FN:450,(anonymous_25)
FN:460,(anonymous_26)
FNF:27
FNH:0
FNDA:0,CreateQuery
FNDA:0,(anonymous_1)
FNDA:0,(anonymous_2)
FNDA:0,(anonymous_3)
FNDA:0,(anonymous_4)
FNDA:0,(anonymous_5)
FNDA:0,(anonymous_6)
FNDA:0,(anonymous_7)
FNDA:0,(anonymous_8)
FNDA:0,(anonymous_9)
FNDA:0,(anonymous_10)
FNDA:0,(anonymous_11)
FNDA:0,(anonymous_12)
FNDA:0,(anonymous_13)
FNDA:0,(anonymous_14)
FNDA:0,(anonymous_15)
FNDA:0,(anonymous_16)
FNDA:0,(anonymous_17)
FNDA:0,(anonymous_18)
FNDA:0,(anonymous_19)
FNDA:0,(anonymous_20)
FNDA:0,(anonymous_21)
FNDA:0,(anonymous_22)
FNDA:0,(anonymous_23)
FNDA:0,(anonymous_24)
FNDA:0,(anonymous_25)
FNDA:0,(anonymous_26)
DA:11,0
DA:28,0
DA:29,0
DA:30,0
DA:31,0
DA:32,0
DA:33,0
DA:34,0
DA:35,0
DA:39,0
DA:53,0
DA:54,0
DA:56,0
DA:57,0
DA:58,0
DA:64,0
DA:68,0
DA:69,0
DA:70,0
DA:73,0
DA:74,0
DA:77,0
DA:78,0
DA:79,0
DA:87,0
DA:88,0
DA:89,0
DA:95,0
DA:99,0
DA:100,0
DA:101,0
DA:111,0
DA:112,0
DA:114,0
DA:118,0
DA:119,0
DA:120,0
DA:121,0
DA:122,0
DA:144,0
DA:145,0
DA:148,0
DA:149,0
DA:154,0
DA:159,0
DA:222,0
DA:230,0
DA:237,0
DA:303,0
DA:312,0
DA:327,0
DA:349,0
DA:357,0
DA:364,0
DA:387,0
DA:395,0
DA:404,0
DA:443,0
DA:451,0
DA:460,0
LF:60
LH:0
BRDA:88,0,0,0
BRDA:88,0,1,0
BRDA:100,1,0,0
BRDA:100,1,1,0
BRDA:100,2,0,0
BRDA:100,2,1,0
BRDA:121,3,0,0
BRDA:121,3,1,0
BRDA:149,4,0,0
BRDA:149,4,1,0
BRDA:228,5,0,0
BRDA:228,5,1,0
BRDA:310,6,0,0
BRDA:310,6,1,0
BRDA:355,7,0,0
BRDA:355,7,1,0
BRDA:393,8,0,0
BRDA:393,8,1,0
BRDA:449,9,0,0
BRDA:449,9,1,0
BRF:20
BRH:0
end_of_record
TN:
SF:src\views\activities\query\updateQuery\UpdateQuery.jsx
FN:29,UpdateQuery
FN:30,(anonymous_1)
FN:58,(anonymous_2)
FN:69,(anonymous_3)
FN:83,(anonymous_4)
FN:88,(anonymous_5)
FN:93,(anonymous_6)
FN:97,(anonymous_7)
FN:107,(anonymous_8)
FN:119,(anonymous_9)
FN:131,(anonymous_10)
FN:134,(anonymous_11)
FN:138,(anonymous_12)
FN:172,(anonymous_13)
FN:183,(anonymous_14)
FN:190,(anonymous_15)
FN:199,(anonymous_16)
FN:207,(anonymous_17)
FN:256,(anonymous_18)
FN:264,(anonymous_19)
FN:280,(anonymous_20)
FN:317,(anonymous_21)
FN:324,(anonymous_22)
FN:332,(anonymous_23)
FN:377,(anonymous_24)
FN:384,(anonymous_25)
FN:392,(anonymous_26)
FN:412,(anonymous_27)
FN:419,(anonymous_28)
FN:428,(anonymous_29)
FN:462,(anonymous_30)
FN:469,(anonymous_31)
FN:479,(anonymous_32)
FNF:33
FNH:0
FNDA:0,UpdateQuery
FNDA:0,(anonymous_1)
FNDA:0,(anonymous_2)
FNDA:0,(anonymous_3)
FNDA:0,(anonymous_4)
FNDA:0,(anonymous_5)
FNDA:0,(anonymous_6)
FNDA:0,(anonymous_7)
FNDA:0,(anonymous_8)
FNDA:0,(anonymous_9)
FNDA:0,(anonymous_10)
FNDA:0,(anonymous_11)
FNDA:0,(anonymous_12)
FNDA:0,(anonymous_13)
FNDA:0,(anonymous_14)
FNDA:0,(anonymous_15)
FNDA:0,(anonymous_16)
FNDA:0,(anonymous_17)
FNDA:0,(anonymous_18)
FNDA:0,(anonymous_19)
FNDA:0,(anonymous_20)
FNDA:0,(anonymous_21)
FNDA:0,(anonymous_22)
FNDA:0,(anonymous_23)
FNDA:0,(anonymous_24)
FNDA:0,(anonymous_25)
FNDA:0,(anonymous_26)
FNDA:0,(anonymous_27)
FNDA:0,(anonymous_28)
FNDA:0,(anonymous_29)
FNDA:0,(anonymous_30)
FNDA:0,(anonymous_31)
FNDA:0,(anonymous_32)
DA:12,0
DA:30,0
DA:31,0
DA:32,0
DA:33,0
DA:34,0
DA:35,0
DA:36,0
DA:37,0
DA:41,0
DA:55,0
DA:56,0
DA:58,0
DA:59,0
DA:60,0
DA:66,0
DA:69,0
DA:70,0
DA:73,0
DA:74,0
DA:78,0
DA:79,0
DA:83,0
DA:84,0
DA:88,0
DA:89,0
DA:90,0
DA:93,0
DA:94,0
DA:97,0
DA:98,0
DA:99,0
DA:107,0
DA:108,0
DA:109,0
DA:115,0
DA:119,0
DA:120,0
DA:121,0
DA:131,0
DA:132,0
DA:134,0
DA:138,0
DA:139,0
DA:140,0
DA:141,0
DA:142,0
DA:163,0
DA:164,0
DA:167,0
DA:168,0
DA:172,0
DA:173,0
DA:184,0
DA:185,0
DA:186,0
DA:190,0
DA:191,0
DA:194,0
DA:196,0
DA:199,0
DA:207,0
DA:256,0
DA:265,0
DA:280,0
DA:317,0
DA:325,0
DA:332,0
DA:377,0
DA:385,0
DA:392,0
DA:412,0
DA:420,0
DA:429,0
DA:462,0
DA:470,0
DA:479,0
LF:77
LH:0
BRDA:73,0,0,0
BRDA:73,0,1,0
BRDA:108,1,0,0
BRDA:108,1,1,0
BRDA:120,2,0,0
BRDA:120,2,1,0
BRDA:120,3,0,0
BRDA:120,3,1,0
BRDA:141,4,0,0
BRDA:141,4,1,0
BRDA:168,5,0,0
BRDA:168,5,1,0
BRDA:184,6,0,0
BRDA:184,6,1,0
BRDA:263,7,0,0
BRDA:263,7,1,0
BRDA:323,8,0,0
BRDA:323,8,1,0
BRDA:383,9,0,0
BRDA:383,9,1,0
BRDA:418,10,0,0
BRDA:418,10,1,0
BRDA:468,11,0,0
BRDA:468,11,1,0
BRF:24
BRH:0
end_of_record
TN:
SF:src\views\activities\query\viewQury\viewQuery.jsx
FN:27,ViewQuery
FN:29,(anonymous_1)
FN:51,(anonymous_2)
FN:65,(anonymous_3)
FN:74,(anonymous_4)
FN:117,(anonymous_5)
FN:136,(anonymous_6)
FN:154,(anonymous_7)
FN:187,(anonymous_8)
FN:231,(anonymous_9)
FNF:10
FNH:0
FNDA:0,ViewQuery
FNDA:0,(anonymous_1)
FNDA:0,(anonymous_2)
FNDA:0,(anonymous_3)
FNDA:0,(anonymous_4)
FNDA:0,(anonymous_5)
FNDA:0,(anonymous_6)
FNDA:0,(anonymous_7)
FNDA:0,(anonymous_8)
FNDA:0,(anonymous_9)
DA:10,0
DA:28,0
DA:29,0
DA:30,0
DA:31,0
DA:32,0
DA:33,0
DA:34,0
DA:36,0
DA:49,0
DA:51,0
DA:52,0
DA:55,0
DA:56,0
DA:60,0
DA:61,0
DA:65,0
DA:66,0
DA:69,0
DA:74,0
DA:118,0
DA:137,0
DA:155,0
DA:188,0
DA:232,0
LF:25
LH:0
BRDA:55,0,0,0
BRDA:55,0,1,0
BRDA:86,1,0,0
BRDA:86,1,1,0
BRDA:116,2,0,0
BRDA:116,2,1,0
BRDA:135,3,0,0
BRDA:135,3,1,0
BRDA:153,4,0,0
BRDA:153,4,1,0
BRDA:186,5,0,0
BRDA:186,5,1,0
BRDA:230,6,0,0
BRDA:230,6,1,0
BRF:14
BRH:0
end_of_record
TN:
SF:src\views\activities\workbook\createWorkbook\CreateWorkbook.jsx
FN:37,CreateWorkbook
FN:38,(anonymous_1)
FN:76,(anonymous_2)
FN:82,(anonymous_3)
FN:91,(anonymous_4)
FN:97,(anonymous_5)
FN:100,(anonymous_6)
FN:110,(anonymous_7)
FN:117,(anonymous_8)
FN:127,(anonymous_9)
FN:131,(anonymous_10)
FN:139,(anonymous_11)
FN:144,(anonymous_12)
FN:147,(anonymous_13)
FN:152,(anonymous_14)
FN:197,(anonymous_15)
FN:256,(anonymous_16)
FN:264,(anonymous_17)
FN:280,(anonymous_18)
FN:321,(anonymous_19)
FN:328,(anonymous_20)
FN:336,(anonymous_21)
FN:388,(anonymous_22)
FN:396,(anonymous_23)
FN:405,(anonymous_24)
FN:427,(anonymous_25)
FN:434,(anonymous_26)
FN:442,(anonymous_27)
FN:529,(anonymous_28)
FN:539,(anonymous_29)
FN:550,(anonymous_30)
FN:556,(anonymous_31)
FNF:32
FNH:0
FNDA:0,CreateWorkbook
FNDA:0,(anonymous_1)
FNDA:0,(anonymous_2)
FNDA:0,(anonymous_3)
FNDA:0,(anonymous_4)
FNDA:0,(anonymous_5)
FNDA:0,(anonymous_6)
FNDA:0,(anonymous_7)
FNDA:0,(anonymous_8)
FNDA:0,(anonymous_9)
FNDA:0,(anonymous_10)
FNDA:0,(anonymous_11)
FNDA:0,(anonymous_12)
FNDA:0,(anonymous_13)
FNDA:0,(anonymous_14)
FNDA:0,(anonymous_15)
FNDA:0,(anonymous_16)
FNDA:0,(anonymous_17)
FNDA:0,(anonymous_18)
FNDA:0,(anonymous_19)
FNDA:0,(anonymous_20)
FNDA:0,(anonymous_21)
FNDA:0,(anonymous_22)
FNDA:0,(anonymous_23)
FNDA:0,(anonymous_24)
FNDA:0,(anonymous_25)
FNDA:0,(anonymous_26)
FNDA:0,(anonymous_27)
FNDA:0,(anonymous_28)
FNDA:0,(anonymous_29)
FNDA:0,(anonymous_30)
FNDA:0,(anonymous_31)
DA:14,0
DA:28,0
DA:35,0
DA:38,0
DA:39,0
DA:40,0
DA:41,0
DA:42,0
DA:44,0
DA:45,0
DA:46,0
DA:47,0
DA:48,0
DA:49,0
DA:50,0
DA:65,0
DA:73,0
DA:76,0
DA:77,0
DA:78,0
DA:82,0
DA:83,0
DA:84,0
DA:88,0
DA:91,0
DA:92,0
DA:93,0
DA:97,0
DA:98,0
DA:100,0
DA:101,0
DA:102,0
DA:106,0
DA:110,0
DA:111,0
DA:112,0
DA:117,0
DA:118,0
DA:119,0
DA:123,0
DA:127,0
DA:128,0
DA:129,0
DA:131,0
DA:132,0
DA:133,0
DA:134,0
DA:139,0
DA:140,0
DA:141,0
DA:144,0
DA:145,0
DA:147,0
DA:152,0
DA:153,0
DA:154,0
DA:155,0
DA:156,0
DA:177,0
DA:178,0
DA:179,0
DA:180,0
DA:183,0
DA:184,0
DA:193,0
DA:197,0
DA:256,0
DA:265,0
DA:280,0
DA:321,0
DA:329,0
DA:337,0
DA:388,0
DA:397,0
DA:406,0
DA:427,0
DA:435,0
DA:442,0
DA:529,0
DA:540,0
DA:550,0
DA:556,0
LF:82
LH:0
BRDA:101,0,0,0
BRDA:101,0,1,0
BRDA:118,1,0,0
BRDA:118,1,1,0
BRDA:118,2,0,0
BRDA:118,2,1,0
BRDA:132,3,0,0
BRDA:132,3,1,0
BRDA:132,4,0,0
BRDA:132,4,1,0
BRDA:155,5,0,0
BRDA:155,5,1,0
BRDA:184,6,0,0
BRDA:184,6,1,0
BRDA:263,7,0,0
BRDA:263,7,1,0
BRDA:327,8,0,0
BRDA:327,8,1,0
BRDA:395,9,0,0
BRDA:395,9,1,0
BRDA:433,10,0,0
BRDA:433,10,1,0
BRDA:538,11,0,0
BRDA:538,11,1,0
BRDA:567,12,0,0
BRDA:567,12,1,0
BRDA:567,13,0,0
BRDA:567,13,1,0
BRF:28
BRH:0
end_of_record
TN:
SF:src\views\activities\workbook\updateWorkbook\UpdateWorkbook.jsx
FN:37,UpdateWorkbook
FN:38,(anonymous_1)
FN:73,(anonymous_2)
FN:87,(anonymous_3)
FN:92,(anonymous_4)
FN:98,(anonymous_5)
FN:107,(anonymous_6)
FN:113,(anonymous_7)
FN:116,(anonymous_8)
FN:126,(anonymous_9)
FN:133,(anonymous_10)
FN:142,(anonymous_11)
FN:146,(anonymous_12)
FN:154,(anonymous_13)
FN:159,(anonymous_14)
FN:162,(anonymous_15)
FN:167,(anonymous_16)
FN:204,(anonymous_17)
FN:215,(anonymous_18)
FN:222,(anonymous_19)
FN:232,(anonymous_20)
FN:240,(anonymous_21)
FN:299,(anonymous_22)
FN:307,(anonymous_23)
FN:323,(anonymous_24)
FN:364,(anonymous_25)
FN:371,(anonymous_26)
FN:379,(anonymous_27)
FN:431,(anonymous_28)
FN:439,(anonymous_29)
FN:448,(anonymous_30)
FN:470,(anonymous_31)
FN:477,(anonymous_32)
FN:485,(anonymous_33)
FN:572,(anonymous_34)
FN:583,(anonymous_35)
FN:595,(anonymous_36)
FN:601,(anonymous_37)
FNF:38
FNH:0
FNDA:0,UpdateWorkbook
FNDA:0,(anonymous_1)
FNDA:0,(anonymous_2)
FNDA:0,(anonymous_3)
FNDA:0,(anonymous_4)
FNDA:0,(anonymous_5)
FNDA:0,(anonymous_6)
FNDA:0,(anonymous_7)
FNDA:0,(anonymous_8)
FNDA:0,(anonymous_9)
FNDA:0,(anonymous_10)
FNDA:0,(anonymous_11)
FNDA:0,(anonymous_12)
FNDA:0,(anonymous_13)
FNDA:0,(anonymous_14)
FNDA:0,(anonymous_15)
FNDA:0,(anonymous_16)
FNDA:0,(anonymous_17)
FNDA:0,(anonymous_18)
FNDA:0,(anonymous_19)
FNDA:0,(anonymous_20)
FNDA:0,(anonymous_21)
FNDA:0,(anonymous_22)
FNDA:0,(anonymous_23)
FNDA:0,(anonymous_24)
FNDA:0,(anonymous_25)
FNDA:0,(anonymous_26)
FNDA:0,(anonymous_27)
FNDA:0,(anonymous_28)
FNDA:0,(anonymous_29)
FNDA:0,(anonymous_30)
FNDA:0,(anonymous_31)
FNDA:0,(anonymous_32)
FNDA:0,(anonymous_33)
FNDA:0,(anonymous_34)
FNDA:0,(anonymous_35)
FNDA:0,(anonymous_36)
FNDA:0,(anonymous_37)
DA:14,0
DA:28,0
DA:35,0
DA:38,0
DA:39,0
DA:40,0
DA:41,0
DA:42,0
DA:44,0
DA:45,0
DA:46,0
DA:47,0
DA:48,0
DA:49,0
DA:50,0
DA:63,0
DA:71,0
DA:73,0
DA:74,0
DA:77,0
DA:78,0
DA:82,0
DA:83,0
DA:87,0
DA:88,0
DA:92,0
DA:93,0
DA:94,0
DA:98,0
DA:99,0
DA:100,0
DA:104,0
DA:107,0
DA:108,0
DA:109,0
DA:113,0
DA:114,0
DA:116,0
DA:117,0
DA:118,0
DA:122,0
DA:126,0
DA:127,0
DA:128,0
DA:133,0
DA:134,0
DA:135,0
DA:142,0
DA:143,0
DA:144,0
DA:146,0
DA:147,0
DA:148,0
DA:149,0
DA:154,0
DA:155,0
DA:156,0
DA:159,0
DA:160,0
DA:162,0
DA:167,0
DA:168,0
DA:169,0
DA:170,0
DA:171,0
DA:191,0
DA:192,0
DA:195,0
DA:196,0
DA:204,0
DA:205,0
DA:216,0
DA:217,0
DA:218,0
DA:222,0
DA:223,0
DA:226,0
DA:228,0
DA:232,0
DA:240,0
DA:299,0
DA:308,0
DA:323,0
DA:364,0
DA:372,0
DA:380,0
DA:431,0
DA:440,0
DA:449,0
DA:470,0
DA:478,0
DA:485,0
DA:572,0
DA:584,0
DA:595,0
DA:601,0
LF:96
LH:0
BRDA:77,0,0,0
BRDA:77,0,1,0
BRDA:117,1,0,0
BRDA:117,1,1,0
BRDA:134,2,0,0
BRDA:134,2,1,0
BRDA:134,3,0,0
BRDA:134,3,1,0
BRDA:147,4,0,0
BRDA:147,4,1,0
BRDA:147,5,0,0
BRDA:147,5,1,0
BRDA:170,6,0,0
BRDA:170,6,1,0
BRDA:196,7,0,0
BRDA:196,7,1,0
BRDA:216,8,0,0
BRDA:216,8,1,0
BRDA:306,9,0,0
BRDA:306,9,1,0
BRDA:370,10,0,0
BRDA:370,10,1,0
BRDA:438,11,0,0
BRDA:438,11,1,0
BRDA:476,12,0,0
BRDA:476,12,1,0
BRDA:582,13,0,0
BRDA:582,13,1,0
BRDA:614,14,0,0
BRDA:614,14,1,0
BRDA:614,15,0,0
BRDA:614,15,1,0
BRF:32
BRH:0
end_of_record
TN:
SF:src\views\activities\workbook\viewWorkbook\ViewWokbook.jsx
FN:25,ViewWorkbook
FN:27,(anonymous_1)
FN:50,(anonymous_2)
FN:64,(anonymous_3)
FN:69,(anonymous_4)
FN:76,(anonymous_5)
FN:118,(anonymous_6)
FN:134,(anonymous_7)
FN:183,(anonymous_8)
FN:197,(anonymous_9)
FN:218,(anonymous_10)
FN:229,(anonymous_11)
FNF:12
FNH:0
FNDA:0,ViewWorkbook
FNDA:0,(anonymous_1)
FNDA:0,(anonymous_2)
FNDA:0,(anonymous_3)
FNDA:0,(anonymous_4)
FNDA:0,(anonymous_5)
FNDA:0,(anonymous_6)
FNDA:0,(anonymous_7)
FNDA:0,(anonymous_8)
FNDA:0,(anonymous_9)
FNDA:0,(anonymous_10)
FNDA:0,(anonymous_11)
DA:11,0
DA:26,0
DA:27,0
DA:28,0
DA:29,0
DA:30,0
DA:31,0
DA:33,0
DA:34,0
DA:35,0
DA:36,0
DA:48,0
DA:50,0
DA:51,0
DA:54,0
DA:55,0
DA:59,0
DA:60,0
DA:64,0
DA:65,0
DA:69,0
DA:70,0
DA:71,0
DA:73,0
DA:76,0
DA:119,0
DA:135,0
DA:184,0
DA:198,0
DA:219,0
DA:229,0
LF:31
LH:0
BRDA:54,0,0,0
BRDA:54,0,1,0
BRDA:83,1,0,0
BRDA:83,1,1,0
BRDA:117,2,0,0
BRDA:117,2,1,0
BRDA:133,3,0,0
BRDA:133,3,1,0
BRDA:182,4,0,0
BRDA:182,4,1,0
BRDA:196,5,0,0
BRDA:196,5,1,0
BRDA:217,6,0,0
BRDA:217,6,1,0
BRDA:241,7,0,0
BRDA:241,7,1,0
BRDA:241,8,0,0
BRDA:241,8,1,0
BRF:18
BRH:0
end_of_record
TN:
SF:src\views\announcements\Announcements.jsx
FN:9,(anonymous_0)
FN:11,(anonymous_1)
FN:21,(anonymous_2)
FN:25,(anonymous_3)
FN:32,(anonymous_4)
FN:36,(anonymous_5)
FN:47,(anonymous_6)
FN:56,(anonymous_7)
FN:60,(anonymous_8)
FN:103,(anonymous_9)
FN:122,(anonymous_10)
FN:129,(anonymous_11)
FNF:12
FNH:0
FNDA:0,(anonymous_0)
FNDA:0,(anonymous_1)
FNDA:0,(anonymous_2)
FNDA:0,(anonymous_3)
FNDA:0,(anonymous_4)
FNDA:0,(anonymous_5)
FNDA:0,(anonymous_6)
FNDA:0,(anonymous_7)
FNDA:0,(anonymous_8)
FNDA:0,(anonymous_9)
FNDA:0,(anonymous_10)
FNDA:0,(anonymous_11)
DA:9,0
DA:10,0
DA:11,0
DA:12,0
DA:13,0
DA:14,0
DA:15,0
DA:17,0
DA:18,0
DA:19,0
DA:20,0
DA:21,0
DA:22,0
DA:25,0
DA:26,0
DA:29,0
DA:32,0
DA:33,0
DA:36,0
DA:37,0
DA:48,0
DA:49,0
DA:50,0
DA:51,0
DA:56,0
DA:57,0
DA:58,0
DA:60,0
DA:61,0
DA:62,0
DA:65,0
DA:68,0
DA:104,0
DA:122,0
DA:129,0
LF:35
LH:0
BRDA:15,0,0,0
BRDA:15,0,1,0
BRDA:48,1,0,0
BRDA:48,1,1,0
BRDA:61,2,0,0
BRDA:61,2,1,0
BRDA:71,3,0,0
BRDA:71,3,1,0
BRDA:78,4,0,0
BRDA:78,4,1,0
BRDA:89,5,0,0
BRDA:89,5,1,0
BRDA:102,6,0,0
BRDA:102,6,1,0
BRDA:118,7,0,0
BRDA:118,7,1,0
BRF:16
BRH:0
end_of_record
TN:
SF:src\views\auth\register\RegisterAdmin.jsx
FN:34,RegisterAdmin
FN:36,(anonymous_1)
FN:54,(anonymous_2)
FN:59,(anonymous_3)
FN:138,(anonymous_4)
FN:265,(anonymous_5)
FNF:6
FNH:0
FNDA:0,RegisterAdmin
FNDA:0,(anonymous_1)
FNDA:0,(anonymous_2)
FNDA:0,(anonymous_3)
FNDA:0,(anonymous_4)
FNDA:0,(anonymous_5)
DA:18,0
DA:35,0
DA:36,0
DA:37,0
DA:50,0
DA:52,0
DA:54,0
DA:55,0
DA:56,0
DA:59,0
DA:60,0
DA:61,0
DA:62,0
DA:67,0
DA:68,0
DA:74,0
DA:75,0
DA:81,0
DA:82,0
DA:88,0
DA:89,0
DA:95,0
DA:96,0
DA:102,0
DA:103,0
DA:104,0
DA:122,0
DA:126,0
DA:129,0
DA:130,0
DA:135,0
DA:138,0
DA:265,0
LF:33
LH:0
BRDA:61,0,0,0
BRDA:61,0,1,0
BRDA:61,1,0,0
BRDA:61,1,1,0
BRDA:67,2,0,0
BRDA:67,2,1,0
BRDA:67,3,0,0
BRDA:67,3,1,0
BRDA:74,4,0,0
BRDA:74,4,1,0
BRDA:81,5,0,0
BRDA:81,5,1,0
BRDA:88,6,0,0
BRDA:88,6,1,0
BRDA:95,7,0,0
BRDA:95,7,1,0
BRDA:103,8,0,0
BRDA:103,8,1,0
BRDA:130,9,0,0
BRDA:130,9,1,0
BRF:20
BRH:0
end_of_record
TN:
SF:src\views\auth\register\RegisterStudent.jsx
FN:34,RegisterStudent
FN:39,(anonymous_1)
FN:57,(anonymous_2)
FN:64,(anonymous_3)
FN:68,(anonymous_4)
FN:73,(anonymous_5)
FN:153,(anonymous_6)
FNF:7
FNH:0
FNDA:0,RegisterStudent
FNDA:0,(anonymous_1)
FNDA:0,(anonymous_2)
FNDA:0,(anonymous_3)
FNDA:0,(anonymous_4)
FNDA:0,(anonymous_5)
FNDA:0,(anonymous_6)
DA:18,0
DA:35,0
DA:36,0
DA:37,0
DA:38,0
DA:39,0
DA:40,0
DA:53,0
DA:55,0
DA:57,0
DA:58,0
DA:61,0
DA:64,0
DA:65,0
DA:68,0
DA:69,0
DA:70,0
DA:73,0
DA:74,0
DA:75,0
DA:76,0
DA:81,0
DA:82,0
DA:88,0
DA:89,0
DA:95,0
DA:96,0
DA:102,0
DA:103,0
DA:109,0
DA:110,0
DA:116,0
DA:117,0
DA:118,0
DA:137,0
DA:141,0
DA:144,0
DA:145,0
DA:150,0
DA:153,0
LF:40
LH:0
BRDA:75,0,0,0
BRDA:75,0,1,0
BRDA:75,1,0,0
BRDA:75,1,1,0
BRDA:81,2,0,0
BRDA:81,2,1,0
BRDA:81,3,0,0
BRDA:81,3,1,0
BRDA:88,4,0,0
BRDA:88,4,1,0
BRDA:95,5,0,0
BRDA:95,5,1,0
BRDA:102,6,0,0
BRDA:102,6,1,0
BRDA:109,7,0,0
BRDA:109,7,1,0
BRDA:117,8,0,0
BRDA:117,8,1,0
BRDA:145,9,0,0
BRDA:145,9,1,0
BRF:20
BRH:0
end_of_record
TN:
SF:src\views\auth\register\RegisterTeacher.jsx
FN:35,RegisterTeacher
FN:37,(anonymous_1)
FN:55,(anonymous_2)
FN:60,(anonymous_3)
FN:139,(anonymous_4)
FNF:5
FNH:0
FNDA:0,RegisterTeacher
FNDA:0,(anonymous_1)
FNDA:0,(anonymous_2)
FNDA:0,(anonymous_3)
FNDA:0,(anonymous_4)
DA:19,0
DA:36,0
DA:37,0
DA:38,0
DA:51,0
DA:53,0
DA:55,0
DA:56,0
DA:57,0
DA:60,0
DA:61,0
DA:62,0
DA:63,0
DA:68,0
DA:69,0
DA:75,0
DA:76,0
DA:82,0
DA:83,0
DA:89,0
DA:90,0
DA:96,0
DA:97,0
DA:103,0
DA:104,0
DA:105,0
DA:123,0
DA:127,0
DA:130,0
DA:131,0
DA:136,0
DA:139,0
LF:32
LH:0
BRDA:62,0,0,0
BRDA:62,0,1,0
BRDA:62,1,0,0
BRDA:62,1,1,0
BRDA:68,2,0,0
BRDA:68,2,1,0
BRDA:68,3,0,0
BRDA:68,3,1,0
BRDA:75,4,0,0
BRDA:75,4,1,0
BRDA:82,5,0,0
BRDA:82,5,1,0
BRDA:89,6,0,0
BRDA:89,6,1,0
BRDA:96,7,0,0
BRDA:96,7,1,0
BRDA:104,8,0,0
BRDA:104,8,1,0
BRDA:131,9,0,0
BRDA:131,9,1,0
BRF:20
BRH:0
end_of_record
TN:
SF:src\views\auth\register\UpdateRegister.jsx
FN:33,UpdateRegister
FN:37,(anonymous_1)
FN:51,(anonymous_2)
FN:57,(anonymous_3)
FN:61,(anonymous_4)
FN:66,(anonymous_5)
FN:123,(anonymous_6)
FNF:7
FNH:0
FNDA:0,UpdateRegister
FNDA:0,(anonymous_1)
FNDA:0,(anonymous_2)
FNDA:0,(anonymous_3)
FNDA:0,(anonymous_4)
FNDA:0,(anonymous_5)
FNDA:0,(anonymous_6)
DA:17,0
DA:34,0
DA:35,0
DA:36,0
DA:37,0
DA:38,0
DA:48,0
DA:49,0
DA:51,0
DA:52,0
DA:55,0
DA:57,0
DA:58,0
DA:61,0
DA:62,0
DA:63,0
DA:66,0
DA:67,0
DA:68,0
DA:69,0
DA:75,0
DA:76,0
DA:82,0
DA:83,0
DA:89,0
DA:90,0
DA:91,0
DA:107,0
DA:111,0
DA:114,0
DA:115,0
DA:120,0
DA:123,0
LF:33
LH:0
BRDA:68,0,0,0
BRDA:68,0,1,0
BRDA:68,1,0,0
BRDA:68,1,1,0
BRDA:75,2,0,0
BRDA:75,2,1,0
BRDA:82,3,0,0
BRDA:82,3,1,0
BRDA:90,4,0,0
BRDA:90,4,1,0
BRDA:115,5,0,0
BRDA:115,5,1,0
BRF:12
BRH:0
end_of_record
TN:
SF:src\views\auth\register\UpdateRegisterAdmin.jsx
FN:33,UpdateRegisterAdmin
FN:37,(anonymous_1)
FN:52,(anonymous_2)
FN:58,(anonymous_3)
FN:62,(anonymous_4)
FN:67,(anonymous_5)
FN:124,(anonymous_6)
FNF:7
FNH:0
FNDA:0,UpdateRegisterAdmin
FNDA:0,(anonymous_1)
FNDA:0,(anonymous_2)
FNDA:0,(anonymous_3)
FNDA:0,(anonymous_4)
FNDA:0,(anonymous_5)
FNDA:0,(anonymous_6)
DA:17,0
DA:34,0
DA:35,0
DA:36,0
DA:37,0
DA:38,0
DA:48,0
DA:50,0
DA:52,0
DA:53,0
DA:56,0
DA:58,0
DA:59,0
DA:62,0
DA:63,0
DA:64,0
DA:67,0
DA:68,0
DA:69,0
DA:70,0
DA:76,0
DA:77,0
DA:83,0
DA:84,0
DA:90,0
DA:91,0
DA:92,0
DA:108,0
DA:112,0
DA:115,0
DA:116,0
DA:121,0
DA:124,0
LF:33
LH:0
BRDA:69,0,0,0
BRDA:69,0,1,0
BRDA:69,1,0,0
BRDA:69,1,1,0
BRDA:76,2,0,0
BRDA:76,2,1,0
BRDA:83,3,0,0
BRDA:83,3,1,0
BRDA:91,4,0,0
BRDA:91,4,1,0
BRDA:116,5,0,0
BRDA:116,5,1,0
BRF:12
BRH:0
end_of_record
TN:
SF:src\views\auth\resetPassword\ResetPassword.jsx
FN:23,ResetPassword
FN:26,(anonymous_1)
FN:31,(anonymous_2)
FN:36,(anonymous_3)
FN:77,(anonymous_4)
FNF:5
FNH:0
FNDA:0,ResetPassword
FNDA:0,(anonymous_1)
FNDA:0,(anonymous_2)
FNDA:0,(anonymous_3)
FNDA:0,(anonymous_4)
DA:15,0
DA:24,0
DA:25,0
DA:26,0
DA:27,0
DA:29,0
DA:31,0
DA:32,0
DA:33,0
DA:36,0
DA:37,0
DA:38,0
DA:44,0
DA:45,0
DA:51,0
DA:52,0
DA:59,0
DA:60,0
DA:62,0
DA:63,0
DA:67,0
DA:77,0
LF:22
LH:0
BRDA:37,0,0,0
BRDA:37,0,1,0
BRDA:44,1,0,0
BRDA:44,1,1,0
BRDA:63,2,0,0
BRDA:63,2,1,0
BRDA:85,3,0,0
BRDA:85,3,1,0
BRDA:86,4,0,0
BRDA:86,4,1,0
BRF:10
BRH:0
end_of_record
TN:
SF:src\views\bootcamps\createBootcamp\CreateBootcamp.jsx
FN:17,CreateBootcamp
FN:20,(anonymous_1)
FN:27,(anonymous_2)
FN:32,(anonymous_3)
FN:43,(anonymous_4)
FN:71,(anonymous_5)
FNF:6
FNH:0
FNDA:0,CreateBootcamp
FNDA:0,(anonymous_1)
FNDA:0,(anonymous_2)
FNDA:0,(anonymous_3)
FNDA:0,(anonymous_4)
FNDA:0,(anonymous_5)
DA:10,0
DA:18,0
DA:19,0
DA:20,0
DA:21,0
DA:23,0
DA:25,0
DA:27,0
DA:28,0
DA:29,0
DA:32,0
DA:33,0
DA:34,0
DA:40,0
DA:43,0
DA:44,0
DA:45,0
DA:46,0
DA:47,0
DA:58,0
DA:59,0
DA:62,0
DA:63,0
DA:68,0
DA:71,0
LF:25
LH:0
BRDA:46,0,0,0
BRDA:46,0,1,0
BRDA:63,1,0,0
BRDA:63,1,1,0
BRF:4
BRH:0
end_of_record
TN:
SF:src\views\bootcamps\updateBootcamp\UpdateBootcamp.jsx
FN:11,UpdateBootcamp
FN:17,(anonymous_1)
FN:24,(anonymous_2)
FN:29,(anonymous_3)
FN:39,(anonymous_4)
FN:47,(anonymous_5)
FN:58,(anonymous_6)
FN:66,(anonymous_7)
FN:73,(anonymous_8)
FN:77,(anonymous_9)
FN:105,(anonymous_10)
FN:108,(anonymous_11)
FNF:12
FNH:0
FNDA:0,UpdateBootcamp
FNDA:0,(anonymous_1)
FNDA:0,(anonymous_2)
FNDA:0,(anonymous_3)
FNDA:0,(anonymous_4)
FNDA:0,(anonymous_5)
FNDA:0,(anonymous_6)
FNDA:0,(anonymous_7)
FNDA:0,(anonymous_8)
FNDA:0,(anonymous_9)
FNDA:0,(anonymous_10)
FNDA:0,(anonymous_11)
DA:12,0
DA:13,0
DA:14,0
DA:16,0
DA:17,0
DA:18,0
DA:20,0
DA:22,0
DA:24,0
DA:25,0
DA:26,0
DA:29,0
DA:30,0
DA:36,0
DA:39,0
DA:40,0
DA:43,0
DA:44,0
DA:47,0
DA:48,0
DA:59,0
DA:60,0
DA:61,0
DA:66,0
DA:67,0
DA:70,0
DA:73,0
DA:74,0
DA:77,0
DA:78,0
DA:79,0
DA:80,0
DA:81,0
DA:92,0
DA:93,0
DA:96,0
DA:97,0
DA:102,0
DA:105,0
DA:108,0
LF:40
LH:0
BRDA:59,0,0,0
BRDA:59,0,1,0
BRDA:80,1,0,0
BRDA:80,1,1,0
BRDA:97,2,0,0
BRDA:97,2,1,0
BRF:6
BRH:0
end_of_record
TN:
SF:src\views\cohort\allCohorts\AllCohorts.jsx
FN:10,AllCohorts
FN:11,(anonymous_1)
FN:17,(anonymous_2)
FN:23,(anonymous_3)
FN:29,(anonymous_4)
FN:34,(anonymous_5)
FNF:6
FNH:0
FNDA:0,AllCohorts
FNDA:0,(anonymous_1)
FNDA:0,(anonymous_2)
FNDA:0,(anonymous_3)
FNDA:0,(anonymous_4)
FNDA:0,(anonymous_5)
DA:11,0
DA:12,0
DA:13,0
DA:15,0
DA:17,0
DA:18,0
DA:21,0
DA:23,0
DA:24,0
DA:27,0
DA:29,0
DA:35,0
LF:12
LH:0
BRF:0
BRH:0
end_of_record
TN:
SF:src\views\cohort\cohortsAdmin\CohortsAdmin.jsx
FN:10,CohortsAdmin
FN:13,(anonymous_1)
FN:20,(anonymous_2)
FN:30,(anonymous_3)
FN:36,(anonymous_4)
FN:43,(anonymous_5)
FN:54,(anonymous_6)
FNF:7
FNH:0
FNDA:0,CohortsAdmin
FNDA:0,(anonymous_1)
FNDA:0,(anonymous_2)
FNDA:0,(anonymous_3)
FNDA:0,(anonymous_4)
FNDA:0,(anonymous_5)
FNDA:0,(anonymous_6)
DA:11,0
DA:12,0
DA:13,0
DA:14,0
DA:15,0
DA:16,0
DA:18,0
DA:20,0
DA:21,0
DA:27,0
DA:30,0
DA:31,0
DA:34,0
DA:36,0
DA:37,0
DA:38,0
DA:41,0
DA:43,0
DA:55,0
LF:19
LH:0
BRF:0
BRH:0
end_of_record
TN:
SF:src\views\cohort\createCohort\CreateCohort.jsx
FN:22,CreateCohort
FN:35,(anonymous_1)
FN:48,(anonymous_2)
FN:53,(anonymous_3)
FN:61,(anonymous_4)
FN:69,(anonymous_5)
FN:74,(anonymous_6)
FN:78,(anonymous_7)
FN:82,(anonymous_8)
FN:93,(anonymous_9)
FN:94,(anonymous_10)
FN:95,(anonymous_11)
FN:99,(anonymous_12)
FN:129,(anonymous_13)
FN:135,(anonymous_14)
FN:205,(anonymous_15)
FN:221,(anonymous_16)
FN:225,(anonymous_17)
FNF:18
FNH:0
FNDA:0,CreateCohort
FNDA:0,(anonymous_1)
FNDA:0,(anonymous_2)
FNDA:0,(anonymous_3)
FNDA:0,(anonymous_4)
FNDA:0,(anonymous_5)
FNDA:0,(anonymous_6)
FNDA:0,(anonymous_7)
FNDA:0,(anonymous_8)
FNDA:0,(anonymous_9)
FNDA:0,(anonymous_10)
FNDA:0,(anonymous_11)
FNDA:0,(anonymous_12)
FNDA:0,(anonymous_13)
FNDA:0,(anonymous_14)
FNDA:0,(anonymous_15)
FNDA:0,(anonymous_16)
FNDA:0,(anonymous_17)
DA:11,0
DA:23,0
DA:24,0
DA:25,0
DA:27,0
DA:28,0
DA:29,0
DA:33,0
DA:34,0
DA:35,0
DA:36,0
DA:37,0
DA:45,0
DA:48,0
DA:49,0
DA:50,0
DA:53,0
DA:54,0
DA:57,0
DA:61,0
DA:62,0
DA:69,0
DA:70,0
DA:74,0
DA:78,0
DA:82,0
DA:83,0
DA:84,0
DA:90,0
DA:93,0
DA:94,0
DA:95,0
DA:99,0
DA:100,0
DA:101,0
DA:102,0
DA:103,0
DA:119,0
DA:120,0
DA:123,0
DA:124,0
DA:129,0
DA:130,0
DA:132,0
DA:135,0
DA:206,0
DA:222,0
DA:225,0
LF:48
LH:0
BRDA:70,0,0,0
BRDA:70,0,1,0
BRDA:71,1,0,0
BRDA:71,1,1,0
BRDA:102,2,0,0
BRDA:102,2,1,0
BRDA:124,3,0,0
BRDA:124,3,1,0
BRDA:220,4,0,0
BRDA:220,4,1,0
BRF:10
BRH:0
end_of_record
TN:
SF:src\views\cohort\updateCohort\UpdateCohort.jsx
FN:11,UpdateCohort
FN:24,(anonymous_1)
FN:37,(anonymous_2)
FN:42,(anonymous_3)
FN:51,(anonymous_4)
FN:58,(anonymous_5)
FN:70,(anonymous_6)
FN:75,(anonymous_7)
FN:79,(anonymous_8)
FN:83,(anonymous_9)
FN:84,(anonymous_10)
FN:85,(anonymous_11)
FN:88,(anonymous_12)
FN:95,(anonymous_13)
FN:96,(anonymous_14)
FN:100,(anonymous_15)
FN:117,(anonymous_16)
FN:118,(anonymous_17)
FN:133,(anonymous_18)
FN:144,(anonymous_19)
FN:152,(anonymous_20)
FN:160,(anonymous_21)
FN:189,(anonymous_22)
FN:197,(anonymous_23)
FN:203,(anonymous_24)
FN:275,(anonymous_25)
FN:291,(anonymous_26)
FN:295,(anonymous_27)
FNF:28
FNH:0
FNDA:0,UpdateCohort
FNDA:0,(anonymous_1)
FNDA:0,(anonymous_2)
FNDA:0,(anonymous_3)
FNDA:0,(anonymous_4)
FNDA:0,(anonymous_5)
FNDA:0,(anonymous_6)
FNDA:0,(anonymous_7)
FNDA:0,(anonymous_8)
FNDA:0,(anonymous_9)
FNDA:0,(anonymous_10)
FNDA:0,(anonymous_11)
FNDA:0,(anonymous_12)
FNDA:0,(anonymous_13)
FNDA:0,(anonymous_14)
FNDA:0,(anonymous_15)
FNDA:0,(anonymous_16)
FNDA:0,(anonymous_17)
FNDA:0,(anonymous_18)
FNDA:0,(anonymous_19)
FNDA:0,(anonymous_20)
FNDA:0,(anonymous_21)
FNDA:0,(anonymous_22)
FNDA:0,(anonymous_23)
FNDA:0,(anonymous_24)
FNDA:0,(anonymous_25)
FNDA:0,(anonymous_26)
FNDA:0,(anonymous_27)
DA:12,0
DA:13,0
DA:14,0
DA:16,0
DA:17,0
DA:18,0
DA:22,0
DA:23,0
DA:24,0
DA:25,0
DA:26,0
DA:34,0
DA:37,0
DA:38,0
DA:39,0
DA:42,0
DA:43,0
DA:46,0
DA:47,0
DA:51,0
DA:52,0
DA:58,0
DA:59,0
DA:60,0
DA:66,0
DA:70,0
DA:71,0
DA:75,0
DA:79,0
DA:83,0
DA:84,0
DA:85,0
DA:88,0
DA:89,0
DA:92,0
DA:93,0
DA:94,0
DA:95,0
DA:96,0
DA:101,0
DA:117,0
DA:118,0
DA:120,0
DA:121,0
DA:122,0
DA:133,0
DA:134,0
DA:145,0
DA:146,0
DA:147,0
DA:152,0
DA:153,0
DA:156,0
DA:160,0
DA:161,0
DA:162,0
DA:163,0
DA:164,0
DA:179,0
DA:180,0
DA:183,0
DA:184,0
DA:189,0
DA:190,0
DA:193,0
DA:197,0
DA:203,0
DA:276,0
DA:292,0
DA:295,0
LF:70
LH:0
BRDA:71,0,0,0
BRDA:71,0,1,0
BRDA:72,1,0,0
BRDA:72,1,1,0
BRDA:101,2,0,0
BRDA:101,2,1,0
BRDA:145,3,0,0
BRDA:145,3,1,0
BRDA:163,4,0,0
BRDA:163,4,1,0
BRDA:184,5,0,0
BRDA:184,5,1,0
BRDA:290,6,0,0
BRDA:290,6,1,0
BRF:14
BRH:0
end_of_record
TN:
SF:src\views\competences\Competences.jsx
FN:11,Competences
FN:12,(anonymous_1)
FN:29,(anonymous_2)
FN:44,(anonymous_3)
FN:54,(anonymous_4)
FN:69,(anonymous_5)
FN:73,(anonymous_6)
FN:78,(anonymous_7)
FN:82,(anonymous_8)
FN:86,(anonymous_9)
FN:91,(anonymous_10)
FN:96,(anonymous_11)
FN:100,(anonymous_12)
FN:137,(anonymous_13)
FN:240,(anonymous_14)
FN:247,(anonymous_15)
FNF:16
FNH:0
FNDA:0,Competences
FNDA:0,(anonymous_1)
FNDA:0,(anonymous_2)
FNDA:0,(anonymous_3)
FNDA:0,(anonymous_4)
FNDA:0,(anonymous_5)
FNDA:0,(anonymous_6)
FNDA:0,(anonymous_7)
FNDA:0,(anonymous_8)
FNDA:0,(anonymous_9)
FNDA:0,(anonymous_10)
FNDA:0,(anonymous_11)
FNDA:0,(anonymous_12)
FNDA:0,(anonymous_13)
FNDA:0,(anonymous_14)
FNDA:0,(anonymous_15)
DA:12,0
DA:13,0
DA:14,0
DA:15,0
DA:16,0
DA:17,0
DA:18,0
DA:19,0
DA:20,0
DA:21,0
DA:22,0
DA:23,0
DA:24,0
DA:25,0
DA:27,0
DA:29,0
DA:30,0
DA:33,0
DA:34,0
DA:40,0
DA:41,0
DA:44,0
DA:45,0
DA:51,0
DA:54,0
DA:55,0
DA:59,0
DA:61,0
DA:63,0
DA:65,0
DA:67,0
DA:69,0
DA:70,0
DA:71,0
DA:73,0
DA:74,0
DA:75,0
DA:78,0
DA:79,0
DA:80,0
DA:82,0
DA:83,0
DA:84,0
DA:86,0
DA:87,0
DA:88,0
DA:91,0
DA:92,0
DA:93,0
DA:96,0
DA:97,0
DA:100,0
DA:101,0
DA:103,0
DA:104,0
DA:105,0
DA:119,0
DA:120,0
DA:123,0
DA:124,0
DA:133,0
DA:137,0
DA:241,0
DA:247,0
LF:64
LH:0
BRDA:55,0,0,0
BRDA:55,0,1,0
BRDA:104,1,0,0
BRDA:104,1,1,0
BRDA:124,2,0,0
BRDA:124,2,1,0
BRF:6
BRH:0
end_of_record
TN:
SF:src\views\competences\CompetencesLabel.jsx
FN:7,CompetencesLabel
FN:16,(anonymous_1)
FN:27,(anonymous_2)
FN:35,(anonymous_3)
FN:57,(anonymous_4)
FNF:5
FNH:0
FNDA:0,CompetencesLabel
FNDA:0,(anonymous_1)
FNDA:0,(anonymous_2)
FNDA:0,(anonymous_3)
FNDA:0,(anonymous_4)
DA:14,0
DA:16,0
DA:17,0
DA:28,0
DA:29,0
DA:30,0
DA:35,0
DA:36,0
DA:37,0
DA:40,0
DA:44,0
DA:57,0
LF:12
LH:0
BRDA:28,0,0,0
BRDA:28,0,1,0
BRDA:36,1,0,0
BRDA:36,1,1,0
BRF:4
BRH:0
end_of_record
TN:
SF:src\views\competences\CompetencesUpdate.jsx
FN:10,CompetencesUpdate
FN:11,(anonymous_1)
FN:31,(anonymous_2)
FN:44,(anonymous_3)
FN:49,(anonymous_4)
FN:53,(anonymous_5)
FN:57,(anonymous_6)
FN:62,(anonymous_7)
FN:66,(anonymous_8)
FN:101,(anonymous_9)
FNF:10
FNH:0
FNDA:0,CompetencesUpdate
FNDA:0,(anonymous_1)
FNDA:0,(anonymous_2)
FNDA:0,(anonymous_3)
FNDA:0,(anonymous_4)
FNDA:0,(anonymous_5)
FNDA:0,(anonymous_6)
FNDA:0,(anonymous_7)
FNDA:0,(anonymous_8)
FNDA:0,(anonymous_9)
DA:11,0
DA:12,0
DA:13,0
DA:14,0
DA:16,0
DA:17,0
DA:18,0
DA:19,0
DA:21,0
DA:23,0
DA:25,0
DA:27,0
DA:29,0
DA:31,0
DA:32,0
DA:38,0
DA:39,0
DA:40,0
DA:41,0
DA:44,0
DA:45,0
DA:46,0
DA:49,0
DA:50,0
DA:51,0
DA:53,0
DA:54,0
DA:55,0
DA:57,0
DA:58,0
DA:59,0
DA:62,0
DA:63,0
DA:66,0
DA:67,0
DA:69,0
DA:70,0
DA:71,0
DA:83,0
DA:84,0
DA:87,0
DA:88,0
DA:97,0
DA:101,0
LF:44
LH:0
BRDA:70,0,0,0
BRDA:70,0,1,0
BRDA:88,1,0,0
BRDA:88,1,1,0
BRF:4
BRH:0
end_of_record
TN:
SF:src\views\dashboard\dashboardCohort\DashboardCohort.jsx
FN:11,DashboardCohort
FN:12,(anonymous_1)
FN:20,(anonymous_2)
FN:31,(anonymous_3)
FN:39,(anonymous_4)
FN:45,(anonymous_5)
FNF:6
FNH:0
FNDA:0,DashboardCohort
FNDA:0,(anonymous_1)
FNDA:0,(anonymous_2)
FNDA:0,(anonymous_3)
FNDA:0,(anonymous_4)
FNDA:0,(anonymous_5)
DA:12,0
DA:13,0
DA:14,0
DA:15,0
DA:16,0
DA:17,0
DA:18,0
DA:20,0
DA:21,0
DA:27,0
DA:28,0
DA:31,0
DA:32,0
DA:35,0
DA:39,0
DA:40,0
DA:41,0
DA:43,0
DA:45,0
LF:19
LH:0
BRF:0
BRH:0
end_of_record
TN:
SF:src\views\tableStudentCohort\TableAllStudents.jsx
FN:9,TableAllStudents
FN:10,(anonymous_1)
FN:16,(anonymous_2)
FN:23,(anonymous_3)
FN:28,(anonymous_4)
FN:33,(anonymous_5)
FNF:6
FNH:0
FNDA:0,TableAllStudents
FNDA:0,(anonymous_1)
FNDA:0,(anonymous_2)
FNDA:0,(anonymous_3)
FNDA:0,(anonymous_4)
FNDA:0,(anonymous_5)
DA:10,0
DA:11,0
DA:12,0
DA:14,0
DA:16,0
DA:17,0
DA:20,0
DA:23,0
DA:24,0
DA:26,0
DA:28,0
DA:33,0
LF:12
LH:0
BRF:0
BRH:0
end_of_record
TN:
SF:src\views\tableStudentCohort\TableStudentCohort.jsx
FN:10,TableStudentCohort
FN:11,(anonymous_1)
FN:20,(anonymous_2)
FN:27,(anonymous_3)
FN:37,(anonymous_4)
FN:43,(anonymous_5)
FN:48,(anonymous_6)
FNF:7
FNH:0
FNDA:0,TableStudentCohort
FNDA:0,(anonymous_1)
FNDA:0,(anonymous_2)
FNDA:0,(anonymous_3)
FNDA:0,(anonymous_4)
FNDA:0,(anonymous_5)
FNDA:0,(anonymous_6)
DA:11,0
DA:12,0
DA:13,0
DA:14,0
DA:15,0
DA:16,0
DA:18,0
DA:20,0
DA:21,0
DA:24,0
DA:27,0
DA:28,0
DA:34,0
DA:37,0
DA:38,0
DA:39,0
DA:41,0
DA:43,0
DA:48,0
LF:19
LH:0
BRF:0
BRH:0
end_of_record
TN:
SF:src\views\tableTeachers\TableTeacher.jsx
FN:10,TableTeacher
FN:11,(anonymous_1)
FN:17,(anonymous_2)
FN:23,(anonymous_3)
FN:28,(anonymous_4)
FN:33,(anonymous_5)
FNF:6
FNH:0
FNDA:0,TableTeacher
FNDA:0,(anonymous_1)
FNDA:0,(anonymous_2)
FNDA:0,(anonymous_3)
FNDA:0,(anonymous_4)
FNDA:0,(anonymous_5)
DA:11,0
DA:12,0
DA:13,0
DA:15,0
DA:17,0
DA:18,0
DA:21,0
DA:23,0
DA:24,0
DA:26,0
DA:28,0
DA:33,0
LF:12
LH:0
BRF:0
BRH:0
end_of_record
